**** The Simulator log: stage 2
0.0,OOP_Ex0_Elevator_Simulator
0.0,Simulated Building, ex0.simulator.Builging_A [-2,10]
0) ex0.simulator.Elevator_A, Elev_0, speed: 1.0, open/close: 2.0,  start/stop: 3.0
1) ex0.simulator.Elevator_A, Elev_1, speed: 1.0, open/close: 2.0,  start/stop: 3.0
0.0,Simulated Period starTime,0.0,  endTime,1000.0,  dt,1.0
0.0,Simulated  calls,Elevetor log, size: 100
0.0,**** Simulation starts!! ****
5.0,Elevator call,4.374727290393253,0,-1,1,0, got allocated to elevator, 0
5.0, elevID,0,  pos,-2,  cmd, goto,0
, elevID,0,  pos,0,  WRONG cmd, stop,0,  the elevator is not moving!
17.0,Elevator call,16.957882888088932,-1,0,1,1, got allocated to elevator, 1
17.0,Elev,0,  arrived at src, 0, Elevator call,4.374727290393253,0,-1,2,0
17.0, elevID,0,  pos,0,  cmd, goto,-1
17.0, elevID,1,  pos,-2,  cmd, goto,-1
23.0,Elevator call,22.094056301593582,0,-1,1,0, got allocated to elevator, 0
, elevID,0,  pos,-1,  WRONG cmd, stop,-1,  the elevator is not moving!
, elevID,1,  pos,-1,  WRONG cmd, stop,-1,  the elevator is not moving!
28.0,Elev,0,  arrived at dest, -1, this call is done!, Elevator call,4.374727290393253,0,-1,3,0, Done, dt, 23.625272709606747
28.0, elevID,0,  pos,-1,  cmd, goto,0
28.0,Elev,1,  arrived at src, -1, Elevator call,16.957882888088932,-1,0,2,1
28.0, elevID,1,  pos,-1,  cmd, goto,0
, elevID,0,  pos,0,  WRONG cmd, stop,0,  the elevator is not moving!
, elevID,1,  pos,0,  WRONG cmd, stop,0,  the elevator is not moving!
39.0,Elev,0,  arrived at src, 0, Elevator call,22.094056301593582,0,-1,2,0
39.0,Elev,1,  arrived at dest, 0, this call is done!, Elevator call,16.957882888088932,-1,0,3,1, Done, dt, 22.042117111911068
86.0,Elevator call,85.5209666204754,3,2,1,0, got allocated to elevator, 0
86.0, elevID,0,  pos,0,  cmd, goto,3
92.0,Elevator call,91.21019413453945,-1,-2,1,1, got allocated to elevator, 1
92.0, elevID,1,  pos,0,  cmd, goto,-1
, elevID,0,  pos,3,  WRONG cmd, stop,3,  the elevator is not moving!
, elevID,1,  pos,-1,  WRONG cmd, stop,-1,  the elevator is not moving!
99.0,Elev,0,  arrived at src, 3, Elevator call,85.5209666204754,3,2,2,0
99.0, elevID,0,  pos,3,  cmd, goto,2
103.0,Elev,1,  arrived at src, -1, Elevator call,91.21019413453945,-1,-2,2,1
103.0, elevID,1,  pos,-1,  cmd, goto,-2
105.0,Elevator call,104.13701241869234,0,4,1,0, got allocated to elevator, 0
, elevID,0,  pos,2,  WRONG cmd, stop,2,  the elevator is not moving!
, elevID,1,  pos,-2,  WRONG cmd, stop,-2,  the elevator is not moving!
110.0,Elevator call,109.21352909346587,-1,0,1,1, got allocated to elevator, 1
110.0,Elev,0,  arrived at dest, 2, this call is done!, Elevator call,85.5209666204754,3,2,3,0, Done, dt, 24.479033379524594
110.0, elevID,0,  pos,2,  cmd, goto,0
114.0,Elev,1,  arrived at dest, -2, this call is done!, Elevator call,91.21019413453945,-1,-2,3,1, Done, dt, 22.78980586546055
114.0, elevID,1,  pos,-2,  cmd, goto,-1
115.0,Elevator call,114.39235096774041,3,0,1,0, got allocated to elevator, 0
, elevID,0,  pos,0,  WRONG cmd, stop,0,  the elevator is not moving!
, elevID,1,  pos,-1,  WRONG cmd, stop,-1,  the elevator is not moving!
122.0,Elev,0,  arrived at src, 0, Elevator call,104.13701241869234,0,4,2,0
122.0, elevID,0,  pos,0,  cmd, goto,4
125.0,Elevator call,124.42557095980362,0,9,1,1, got allocated to elevator, 1
125.0,Elev,1,  arrived at src, -1, Elevator call,109.21352909346587,-1,0,2,1
125.0, elevID,1,  pos,-1,  cmd, goto,0
131.0,Elevator call,130.02495678190564,8,10,1,0, got allocated to elevator, 0
131.0,Elevator call,130.224911275492,-1,1,1,1, got allocated to elevator, 1
, elevID,0,  pos,4,  WRONG cmd, stop,4,  the elevator is not moving!
, elevID,1,  pos,0,  WRONG cmd, stop,0,  the elevator is not moving!
136.0,Elev,0,  arrived at dest, 4, this call is done!, Elevator call,104.13701241869234,0,4,3,0, Done, dt, 31.862987581307664
136.0, elevID,0,  pos,4,  cmd, goto,3
136.0,Elev,1,  arrived at dest, 0, this call is done!, Elevator call,109.21352909346587,-1,0,3,1, Done, dt, 26.786470906534134
136.0,Elev,1,  arrived at src, 0, Elevator call,124.42557095980362,0,9,2,1
136.0, elevID,1,  pos,0,  cmd, goto,9
138.0,Elevator call,137.9515274326701,0,4,1,1, got allocated to elevator, 1
138.0, elevID,1,  pos,0,  cmd, stop,0
, elevID,0,  pos,3,  WRONG cmd, stop,3,  the elevator is not moving!
144.0,Elevator call,143.91335838799415,0,6,1,0, got allocated to elevator, 0
146.0,Elev,1,  arrived at src, 0, Elevator call,137.9515274326701,0,4,2,1
146.0, elevID,1,  pos,0,  cmd, goto,4
147.0,Elev,0,  arrived at src, 3, Elevator call,114.39235096774041,3,0,2,0
147.0, elevID,0,  pos,3,  cmd, goto,0
, elevID,0,  pos,0,  WRONG cmd, stop,0,  the elevator is not moving!
, elevID,1,  pos,4,  WRONG cmd, stop,4,  the elevator is not moving!
160.0,Elev,0,  arrived at dest, 0, this call is done!, Elevator call,114.39235096774041,3,0,3,0, Done, dt, 45.60764903225959
160.0,Elev,0,  arrived at src, 0, Elevator call,143.91335838799415,0,6,2,0
160.0, elevID,0,  pos,0,  cmd, goto,6
160.0,Elev,1,  arrived at dest, 4, this call is done!, Elevator call,137.9515274326701,0,4,3,1, Done, dt, 22.048472567329895
160.0, elevID,1,  pos,4,  cmd, goto,9
170.0,Elevator call,169.78458339380109,-1,0,1,1, got allocated to elevator, 1
, elevID,1,  pos,9,  WRONG cmd, stop,9,  the elevator is not moving!
171.0,Elevator call,170.0099620835246,0,6,1,1, got allocated to elevator, 1
, elevID,0,  pos,6,  WRONG cmd, stop,6,  the elevator is not moving!
172.0,Elevator call,171.21173315221364,-1,8,1,0, got allocated to elevator, 0
175.0,Elevator call,174.84385152106802,0,-1,1,1, got allocated to elevator, 1
175.0,Elev,1,  arrived at dest, 9, this call is done!, Elevator call,124.42557095980362,0,9,3,1, Done, dt, 50.57442904019638
175.0, elevID,1,  pos,9,  cmd, goto,0
176.0,Elev,0,  arrived at dest, 6, this call is done!, Elevator call,143.91335838799415,0,6,3,0, Done, dt, 32.08664161200585
176.0, elevID,0,  pos,6,  cmd, goto,8
, elevID,0,  pos,8,  WRONG cmd, stop,8,  the elevator is not moving!
188.0,Elevator call,187.11678617348463,-1,-2,1,1, got allocated to elevator, 1
188.0,Elevator call,187.7299317966884,-1,-2,1,1, got allocated to elevator, 1
188.0,Elev,0,  arrived at src, 8, Elevator call,130.02495678190564,8,10,2,0
188.0, elevID,0,  pos,8,  cmd, goto,10
, elevID,1,  pos,0,  WRONG cmd, stop,0,  the elevator is not moving!
194.0,Elev,1,  arrived at src, 0, Elevator call,170.0099620835246,0,6,2,1
194.0,Elev,1,  arrived at src, 0, Elevator call,174.84385152106802,0,-1,2,1
194.0, elevID,1,  pos,0,  cmd, goto,-1
, elevID,0,  pos,10,  WRONG cmd, stop,10,  the elevator is not moving!
196.0,Elevator call,195.90869649656992,0,7,1,0, got allocated to elevator, 0
, elevID,0,  pos,10,  WRONG cmd, stop,0,  the elevator is not moving!
198.0,Elevator call,197.5359191292572,-1,1,1,1, got allocated to elevator, 1
200.0,Elev,0,  arrived at dest, 10, this call is done!, Elevator call,130.02495678190564,8,10,3,0, Done, dt, 69.97504321809436
200.0, elevID,0,  pos,10,  cmd, goto,0
, elevID,1,  pos,-1,  WRONG cmd, stop,-1,  the elevator is not moving!
205.0,Elev,1,  arrived at src, -1, Elevator call,130.224911275492,-1,1,2,1
205.0,Elev,1,  arrived at src, -1, Elevator call,169.78458339380109,-1,0,2,1
205.0,Elev,1,  arrived at dest, -1, this call is done!, Elevator call,174.84385152106802,0,-1,3,1, Done, dt, 30.156148478931982
205.0,Elev,1,  arrived at src, -1, Elevator call,187.11678617348463,-1,-2,2,1
205.0,Elev,1,  arrived at src, -1, Elevator call,187.7299317966884,-1,-2,2,1
205.0,Elev,1,  arrived at src, -1, Elevator call,197.5359191292572,-1,1,2,1
205.0, elevID,1,  pos,-1,  cmd, goto,0
206.0,Elevator call,205.9895199338651,-1,0,1,1, got allocated to elevator, 1
206.0, elevID,1,  pos,-1,  cmd, stop,-1
, elevID,0,  pos,0,  WRONG cmd, stop,0,  the elevator is not moving!
215.0,Elev,1,  arrived at src, -1, Elevator call,205.9895199338651,-1,0,2,1
215.0, elevID,1,  pos,-1,  cmd, goto,0
220.0,Elev,0,  arrived at src, 0, Elevator call,195.90869649656992,0,7,2,0
220.0, elevID,0,  pos,0,  cmd, goto,-1
, elevID,1,  pos,0,  WRONG cmd, stop,0,  the elevator is not moving!
, elevID,0,  pos,-1,  WRONG cmd, stop,-1,  the elevator is not moving!
226.0,Elev,1,  arrived at dest, 0, this call is done!, Elevator call,169.78458339380109,-1,0,3,1, Done, dt, 56.215416606198914
226.0,Elev,1,  arrived at dest, 0, this call is done!, Elevator call,205.9895199338651,-1,0,3,1, Done, dt, 20.010480066134903
226.0, elevID,1,  pos,0,  cmd, goto,1
228.0,Elevator call,227.0798304557929,-1,5,1,0, got allocated to elevator, 0
, elevID,0,  pos,-1,  WRONG cmd, stop,-1,  the elevator is not moving!
231.0,Elev,0,  arrived at dest, -1, this call is done!, Elevator call,22.094056301593582,0,-1,3,0, Done, dt, 208.90594369840642
231.0,Elev,0,  arrived at src, -1, Elevator call,171.21173315221364,-1,8,2,0
231.0,Elev,0,  arrived at src, -1, Elevator call,227.0798304557929,-1,5,2,0
231.0, elevID,0,  pos,-1,  cmd, goto,5
232.0,Elevator call,231.51578817426258,-1,0,1,0, got allocated to elevator, 0
232.0, elevID,0,  pos,-1,  cmd, stop,-1
, elevID,1,  pos,1,  WRONG cmd, stop,1,  the elevator is not moving!
233.0,Elevator call,232.95043623946805,0,-1,1,1, got allocated to elevator, 1
237.0,Elev,1,  arrived at dest, 1, this call is done!, Elevator call,130.224911275492,-1,1,3,1, Done, dt, 106.77508872450801
237.0,Elev,1,  arrived at dest, 1, this call is done!, Elevator call,197.5359191292572,-1,1,3,1, Done, dt, 39.464080870742805
237.0, elevID,1,  pos,1,  cmd, goto,0
241.0,Elev,0,  arrived at src, -1, Elevator call,231.51578817426258,-1,0,2,0
241.0, elevID,0,  pos,-1,  cmd, goto,0
, elevID,1,  pos,0,  WRONG cmd, stop,0,  the elevator is not moving!
, elevID,0,  pos,0,  WRONG cmd, stop,0,  the elevator is not moving!
248.0,Elev,1,  arrived at src, 0, Elevator call,232.95043623946805,0,-1,2,1
248.0, elevID,1,  pos,0,  cmd, goto,6
252.0,Elevator call,251.10444690749756,-1,-2,1,1, got allocated to elevator, 1
252.0,Elevator call,251.23593354161653,0,9,1,0, got allocated to elevator, 0
252.0,Elev,0,  arrived at dest, 0, this call is done!, Elevator call,231.51578817426258,-1,0,3,0, Done, dt, 20.484211825737418
252.0,Elev,0,  arrived at src, 0, Elevator call,251.23593354161653,0,9,2,0
, elevID,0,  pos,0,  WRONG cmd, stop,0,  the elevator is not moving!
252.0, elevID,0,  pos,0,  cmd, goto,5
255.0,Elevator call,254.69771525200505,3,4,1,0, got allocated to elevator, 0
255.0, elevID,0,  pos,0,  cmd, stop,3
258.0,Elevator call,257.7974435335086,-1,0,1,1, got allocated to elevator, 1
, elevID,1,  pos,6,  WRONG cmd, stop,6,  the elevator is not moving!
, elevID,0,  pos,3,  WRONG cmd, stop,3,  the elevator is not moving!
264.0,Elev,1,  arrived at dest, 6, this call is done!, Elevator call,170.0099620835246,0,6,3,1, Done, dt, 93.99003791647539
264.0, elevID,1,  pos,6,  cmd, goto,-1
265.0,Elev,0,  arrived at src, 3, Elevator call,254.69771525200505,3,4,2,0
265.0, elevID,0,  pos,3,  cmd, goto,4
, elevID,0,  pos,4,  WRONG cmd, stop,4,  the elevator is not moving!
276.0,Elev,0,  arrived at dest, 4, this call is done!, Elevator call,254.69771525200505,3,4,3,0, Done, dt, 21.302284747994946
276.0, elevID,0,  pos,4,  cmd, goto,5
, elevID,1,  pos,-1,  WRONG cmd, stop,-1,  the elevator is not moving!
281.0,Elev,1,  arrived at dest, -1, this call is done!, Elevator call,232.95043623946805,0,-1,3,1, Done, dt, 48.04956376053195
281.0,Elev,1,  arrived at src, -1, Elevator call,251.10444690749756,-1,-2,2,1
281.0,Elev,1,  arrived at src, -1, Elevator call,257.7974435335086,-1,0,2,1
281.0, elevID,1,  pos,-1,  cmd, goto,-2
, elevID,0,  pos,5,  WRONG cmd, stop,5,  the elevator is not moving!
287.0,Elev,0,  arrived at dest, 5, this call is done!, Elevator call,227.0798304557929,-1,5,3,0, Done, dt, 59.92016954420711
287.0, elevID,0,  pos,5,  cmd, goto,7
, elevID,1,  pos,-2,  WRONG cmd, stop,-2,  the elevator is not moving!
292.0,Elev,1,  arrived at dest, -2, this call is done!, Elevator call,187.11678617348463,-1,-2,3,1, Done, dt, 104.88321382651537
292.0,Elev,1,  arrived at dest, -2, this call is done!, Elevator call,187.7299317966884,-1,-2,3,1, Done, dt, 104.27006820331161
292.0,Elev,1,  arrived at dest, -2, this call is done!, Elevator call,251.10444690749756,-1,-2,3,1, Done, dt, 40.89555309250244
292.0, elevID,1,  pos,-2,  cmd, goto,-1
, elevID,0,  pos,7,  WRONG cmd, stop,7,  the elevator is not moving!
296.0,Elevator call,295.7943356681491,0,1,1,1, got allocated to elevator, 1
, elevID,1,  pos,-1,  WRONG cmd, stop,-1,  the elevator is not moving!
299.0,Elev,0,  arrived at dest, 7, this call is done!, Elevator call,195.90869649656992,0,7,3,0, Done, dt, 103.09130350343008
299.0, elevID,0,  pos,7,  cmd, goto,8
303.0, elevID,1,  pos,-1,  cmd, goto,0
305.0,Elevator call,304.99843880775313,6,0,1,0, got allocated to elevator, 0
, elevID,0,  pos,8,  WRONG cmd, stop,8,  the elevator is not moving!
, elevID,1,  pos,0,  WRONG cmd, stop,0,  the elevator is not moving!
310.0,Elevator call,309.30053828560517,0,-1,1,1, got allocated to elevator, 1
310.0,Elev,0,  arrived at dest, 8, this call is done!, Elevator call,171.21173315221364,-1,8,3,0, Done, dt, 138.78826684778636
310.0, elevID,0,  pos,8,  cmd, goto,9
313.0,Elevator call,312.30185564398687,0,-1,1,1, got allocated to elevator, 1
314.0,Elev,1,  arrived at dest, 0, this call is done!, Elevator call,257.7974435335086,-1,0,3,1, Done, dt, 56.20255646649139
314.0,Elev,1,  arrived at src, 0, Elevator call,295.7943356681491,0,1,2,1
314.0,Elev,1,  arrived at src, 0, Elevator call,309.30053828560517,0,-1,2,1
314.0,Elev,1,  arrived at src, 0, Elevator call,312.30185564398687,0,-1,2,1
314.0, elevID,1,  pos,0,  cmd, goto,1
, elevID,0,  pos,9,  WRONG cmd, stop,9,  the elevator is not moving!
317.0,Elevator call,316.03237827404377,0,-1,1,1, got allocated to elevator, 1
320.0,Elevator call,319.90520204415634,6,5,1,0, got allocated to elevator, 0
, elevID,1,  pos,1,  WRONG cmd, stop,1,  the elevator is not moving!
321.0,Elevator call,320.97607492210807,-1,0,1,1, got allocated to elevator, 1
321.0,Elev,0,  arrived at dest, 9, this call is done!, Elevator call,251.23593354161653,0,9,3,0, Done, dt, 69.76406645838347
321.0, elevID,0,  pos,9,  cmd, goto,6
322.0,Elevator call,321.37040904796595,7,-1,1,0, got allocated to elevator, 0
, elevID,0,  pos,9,  cmd, stop,7
325.0,Elev,1,  arrived at dest, 1, this call is done!, Elevator call,295.7943356681491,0,1,3,1, Done, dt, 29.205664331850926
325.0, elevID,1,  pos,1,  cmd, goto,0
, elevID,0,  pos,7,  WRONG cmd, stop,7,  the elevator is not moving!
, elevID,1,  pos,0,  WRONG cmd, stop,0,  the elevator is not moving!
333.0,Elevator call,332.4267319393355,0,10,1,1, got allocated to elevator, 1
333.0,Elev,0,  arrived at src, 7, Elevator call,321.37040904796595,7,-1,2,0
333.0, elevID,0,  pos,7,  cmd, goto,6
336.0,Elev,1,  arrived at src, 0, Elevator call,316.03237827404377,0,-1,2,1
336.0,Elev,1,  arrived at src, 0, Elevator call,332.4267319393355,0,10,2,1
336.0, elevID,1,  pos,0,  cmd, goto,-1
337.0,Elevator call,336.93043046159545,-1,0,1,1, got allocated to elevator, 1
, elevID,0,  pos,6,  WRONG cmd, stop,6,  the elevator is not moving!
, elevID,1,  pos,-1,  WRONG cmd, stop,-1,  the elevator is not moving!
344.0,Elev,0,  arrived at src, 6, Elevator call,304.99843880775313,6,0,2,0
344.0,Elev,0,  arrived at src, 6, Elevator call,319.90520204415634,6,5,2,0
344.0, elevID,0,  pos,6,  cmd, goto,5
347.0,Elev,1,  arrived at dest, -1, this call is done!, Elevator call,309.30053828560517,0,-1,3,1, Done, dt, 37.69946171439483
347.0,Elev,1,  arrived at dest, -1, this call is done!, Elevator call,312.30185564398687,0,-1,3,1, Done, dt, 34.69814435601313
347.0,Elev,1,  arrived at dest, -1, this call is done!, Elevator call,316.03237827404377,0,-1,3,1, Done, dt, 30.967621725956235
347.0,Elev,1,  arrived at src, -1, Elevator call,320.97607492210807,-1,0,2,1
347.0,Elev,1,  arrived at src, -1, Elevator call,336.93043046159545,-1,0,2,1
347.0, elevID,1,  pos,-1,  cmd, goto,0
, elevID,0,  pos,5,  WRONG cmd, stop,5,  the elevator is not moving!
, elevID,1,  pos,0,  WRONG cmd, stop,0,  the elevator is not moving!
355.0,Elev,0,  arrived at dest, 5, this call is done!, Elevator call,319.90520204415634,6,5,3,0, Done, dt, 35.09479795584366
355.0, elevID,0,  pos,5,  cmd, goto,0
358.0,Elev,1,  arrived at dest, 0, this call is done!, Elevator call,320.97607492210807,-1,0,3,1, Done, dt, 37.02392507789193
358.0,Elev,1,  arrived at dest, 0, this call is done!, Elevator call,336.93043046159545,-1,0,3,1, Done, dt, 21.06956953840455
358.0, elevID,1,  pos,0,  cmd, goto,10
, elevID,0,  pos,0,  WRONG cmd, stop,0,  the elevator is not moving!
370.0,Elev,0,  arrived at dest, 0, this call is done!, Elevator call,304.99843880775313,6,0,3,0, Done, dt, 65.00156119224687
370.0, elevID,0,  pos,0,  cmd, goto,-1
, elevID,1,  pos,10,  WRONG cmd, stop,10,  the elevator is not moving!
376.0,Elevator call,375.49048095381363,1,0,1,1, got allocated to elevator, 1
, elevID,0,  pos,-1,  WRONG cmd, stop,-1,  the elevator is not moving!
, elevID,1,  pos,10,  WRONG cmd, stop,1,  the elevator is not moving!
378.0,Elev,1,  arrived at dest, 10, this call is done!, Elevator call,332.4267319393355,0,10,3,1, Done, dt, 45.573268060664475
378.0, elevID,1,  pos,10,  cmd, goto,1
381.0,Elev,0,  arrived at dest, -1, this call is done!, Elevator call,321.37040904796595,7,-1,3,0, Done, dt, 59.62959095203405
, elevID,1,  pos,1,  WRONG cmd, stop,1,  the elevator is not moving!
393.0,Elevator call,392.5160764870397,0,5,1,0, got allocated to elevator, 0
393.0, elevID,0,  pos,-1,  cmd, goto,0
397.0,Elev,1,  arrived at src, 1, Elevator call,375.49048095381363,1,0,2,1
397.0, elevID,1,  pos,1,  cmd, goto,0
, elevID,0,  pos,0,  WRONG cmd, stop,0,  the elevator is not moving!
, elevID,1,  pos,0,  WRONG cmd, stop,0,  the elevator is not moving!
404.0,Elev,0,  arrived at src, 0, Elevator call,392.5160764870397,0,5,2,0
404.0, elevID,0,  pos,0,  cmd, goto,5
406.0,Elevator call,405.1821140884023,-1,10,1,1, got allocated to elevator, 1
, elevID,1,  pos,0,  WRONG cmd, stop,-1,  the elevator is not moving!
408.0,Elev,1,  arrived at dest, 0, this call is done!, Elevator call,375.49048095381363,1,0,3,1, Done, dt, 32.50951904618637
408.0, elevID,1,  pos,0,  cmd, goto,-1
, elevID,0,  pos,5,  WRONG cmd, stop,5,  the elevator is not moving!
, elevID,1,  pos,-1,  WRONG cmd, stop,-1,  the elevator is not moving!
419.0,Elev,0,  arrived at dest, 5, this call is done!, Elevator call,392.5160764870397,0,5,3,0, Done, dt, 26.483923512960303
419.0,Elev,1,  arrived at src, -1, Elevator call,405.1821140884023,-1,10,2,1
419.0, elevID,1,  pos,-1,  cmd, goto,10
427.0,Elevator call,426.8615805478589,2,0,1,0, got allocated to elevator, 0
427.0, elevID,0,  pos,5,  cmd, goto,2
, elevID,0,  pos,2,  WRONG cmd, stop,2,  the elevator is not moving!
, elevID,1,  pos,10,  WRONG cmd, stop,10,  the elevator is not moving!
438.0,Elevator call,437.17111576125836,1,0,1,0, got allocated to elevator, 0
, elevID,0,  pos,2,  WRONG cmd, stop,1,  the elevator is not moving!
440.0,Elev,0,  arrived at src, 2, Elevator call,426.8615805478589,2,0,2,0
440.0, elevID,0,  pos,2,  cmd, goto,1
440.0,Elev,1,  arrived at dest, 10, this call is done!, Elevator call,405.1821140884023,-1,10,3,1, Done, dt, 34.81788591159773
, elevID,0,  pos,1,  WRONG cmd, stop,1,  the elevator is not moving!
451.0,Elev,0,  arrived at src, 1, Elevator call,437.17111576125836,1,0,2,0
451.0, elevID,0,  pos,1,  cmd, goto,0
, elevID,0,  pos,0,  WRONG cmd, stop,0,  the elevator is not moving!
462.0,Elev,0,  arrived at dest, 0, this call is done!, Elevator call,426.8615805478589,2,0,3,0, Done, dt, 35.13841945214108
462.0,Elev,0,  arrived at dest, 0, this call is done!, Elevator call,437.17111576125836,1,0,3,0, Done, dt, 24.828884238741637
473.0,Elevator call,472.7445473930129,10,-1,1,1, got allocated to elevator, 1
473.0,Elev,1,  arrived at src, 10, Elevator call,472.7445473930129,10,-1,2,1
, elevID,1,  pos,10,  WRONG cmd, stop,10,  the elevator is not moving!
473.0, elevID,1,  pos,10,  cmd, goto,-1
, elevID,1,  pos,-1,  WRONG cmd, stop,-1,  the elevator is not moving!
494.0,Elev,1,  arrived at dest, -1, this call is done!, Elevator call,472.7445473930129,10,-1,3,1, Done, dt, 21.25545260698709
501.0,Elevator call,500.3712044996745,8,-1,1,0, got allocated to elevator, 0
501.0, elevID,0,  pos,0,  cmd, goto,8
504.0,Elevator call,503.13847841893045,1,-1,1,1, got allocated to elevator, 1
504.0, elevID,1,  pos,-1,  cmd, goto,1
505.0,Elevator call,504.4317942159655,0,-1,1,1, got allocated to elevator, 1
505.0, elevID,1,  pos,-1,  cmd, stop,0
, elevID,1,  pos,0,  WRONG cmd, stop,0,  the elevator is not moving!
, elevID,0,  pos,8,  WRONG cmd, stop,8,  the elevator is not moving!
515.0,Elev,1,  arrived at src, 0, Elevator call,504.4317942159655,0,-1,2,1
515.0, elevID,1,  pos,0,  cmd, goto,1
519.0,Elev,0,  arrived at src, 8, Elevator call,500.3712044996745,8,-1,2,0
519.0, elevID,0,  pos,8,  cmd, goto,-1
, elevID,1,  pos,1,  WRONG cmd, stop,1,  the elevator is not moving!
526.0,Elev,1,  arrived at src, 1, Elevator call,503.13847841893045,1,-1,2,1
526.0, elevID,1,  pos,1,  cmd, goto,-1
530.0,Elevator call,529.6277472128405,3,-1,1,1, got allocated to elevator, 1
, elevID,0,  pos,-1,  WRONG cmd, stop,-1,  the elevator is not moving!
, elevID,1,  pos,-1,  WRONG cmd, stop,-1,  the elevator is not moving!
538.0,Elevator call,537.7866883694313,-1,6,1,0, got allocated to elevator, 0
538.0,Elev,0,  arrived at dest, -1, this call is done!, Elevator call,500.3712044996745,8,-1,3,0, Done, dt, 37.62879550032551
538.0,Elev,0,  arrived at src, -1, Elevator call,537.7866883694313,-1,6,2,0
, elevID,0,  pos,-1,  WRONG cmd, stop,-1,  the elevator is not moving!
538.0, elevID,0,  pos,-1,  cmd, goto,6
538.0,Elev,1,  arrived at dest, -1, this call is done!, Elevator call,503.13847841893045,1,-1,3,1, Done, dt, 34.86152158106955
538.0,Elev,1,  arrived at dest, -1, this call is done!, Elevator call,504.4317942159655,0,-1,3,1, Done, dt, 33.56820578403449
538.0, elevID,1,  pos,-1,  cmd, goto,3
545.0,Elevator call,544.7880392034898,6,-1,1,0, got allocated to elevator, 0
, elevID,1,  pos,3,  WRONG cmd, stop,3,  the elevator is not moving!
, elevID,0,  pos,6,  WRONG cmd, stop,6,  the elevator is not moving!
552.0,Elev,1,  arrived at src, 3, Elevator call,529.6277472128405,3,-1,2,1
555.0,Elevator call,554.0892922920482,4,0,1,1, got allocated to elevator, 1
555.0,Elev,0,  arrived at dest, 6, this call is done!, Elevator call,537.7866883694313,-1,6,3,0, Done, dt, 17.213311630568683
555.0,Elev,0,  arrived at src, 6, Elevator call,544.7880392034898,6,-1,2,0
555.0, elevID,0,  pos,6,  cmd, goto,-1
555.0, elevID,1,  pos,3,  cmd, goto,4
558.0,Elevator call,557.2441390036331,10,0,1,1, got allocated to elevator, 1
, elevID,1,  pos,4,  WRONG cmd, stop,4,  the elevator is not moving!
566.0,Elevator call,565.0195521745534,0,-1,1,0, got allocated to elevator, 0
, elevID,0,  pos,0,  cmd, stop,0
566.0,Elev,1,  arrived at src, 4, Elevator call,554.0892922920482,4,0,2,1
566.0, elevID,1,  pos,4,  cmd, goto,0
571.0,Elev,0,  arrived at src, 0, Elevator call,565.0195521745534,0,-1,2,0
571.0, elevID,0,  pos,0,  cmd, goto,-1
, elevID,1,  pos,0,  WRONG cmd, stop,0,  the elevator is not moving!
, elevID,0,  pos,-1,  WRONG cmd, stop,-1,  the elevator is not moving!
580.0,Elev,1,  arrived at dest, 0, this call is done!, Elevator call,554.0892922920482,4,0,3,1, Done, dt, 25.910707707951815
580.0, elevID,1,  pos,0,  cmd, goto,10
582.0,Elevator call,581.8703090238192,0,3,1,0, got allocated to elevator, 0
582.0,Elev,0,  arrived at dest, -1, this call is done!, Elevator call,544.7880392034898,6,-1,3,0, Done, dt, 37.2119607965102
582.0,Elev,0,  arrived at dest, -1, this call is done!, Elevator call,565.0195521745534,0,-1,3,0, Done, dt, 16.980447825446618
582.0, elevID,0,  pos,-1,  cmd, goto,0
, elevID,0,  pos,0,  WRONG cmd, stop,0,  the elevator is not moving!
593.0,Elev,0,  arrived at src, 0, Elevator call,581.8703090238192,0,3,2,0
593.0, elevID,0,  pos,0,  cmd, goto,3
, elevID,1,  pos,10,  WRONG cmd, stop,10,  the elevator is not moving!
597.0,Elevator call,596.1232022872633,8,0,1,1, got allocated to elevator, 1
, elevID,1,  pos,10,  WRONG cmd, stop,8,  the elevator is not moving!
600.0,Elev,1,  arrived at src, 10, Elevator call,557.2441390036331,10,0,2,1
600.0, elevID,1,  pos,10,  cmd, goto,8
601.0,Elevator call,600.9312879686208,1,0,1,1, got allocated to elevator, 1
, elevID,0,  pos,3,  WRONG cmd, stop,3,  the elevator is not moving!
604.0,Elevator call,603.9342326983083,7,0,1,1, got allocated to elevator, 1
606.0,Elev,0,  arrived at dest, 3, this call is done!, Elevator call,581.8703090238192,0,3,3,0, Done, dt, 24.12969097618077
612.0,Elev,1,  arrived at src, 8, Elevator call,596.1232022872633,8,0,2,1
612.0, elevID,1,  pos,8,  cmd, goto,7
618.0,Elevator call,617.9628338542149,0,3,1,0, got allocated to elevator, 0
618.0, elevID,0,  pos,3,  cmd, goto,0
, elevID,1,  pos,7,  WRONG cmd, stop,7,  the elevator is not moving!
620.0,Elevator call,619.6454196970012,9,0,1,0, got allocated to elevator, 0
623.0,Elev,1,  arrived at src, 7, Elevator call,603.9342326983083,7,0,2,1
623.0, elevID,1,  pos,7,  cmd, goto,1
, elevID,0,  pos,0,  WRONG cmd, stop,0,  the elevator is not moving!
627.0,Elevator call,626.2116172047942,0,1,1,0, got allocated to elevator, 0
, elevID,0,  pos,0,  WRONG cmd, stop,0,  the elevator is not moving!
631.0,Elev,0,  arrived at src, 0, Elevator call,617.9628338542149,0,3,2,0
631.0,Elev,0,  arrived at src, 0, Elevator call,626.2116172047942,0,1,2,0
631.0, elevID,0,  pos,0,  cmd, goto,1
, elevID,1,  pos,1,  WRONG cmd, stop,1,  the elevator is not moving!
, elevID,0,  pos,1,  WRONG cmd, stop,1,  the elevator is not moving!
639.0,Elev,1,  arrived at src, 1, Elevator call,600.9312879686208,1,0,2,1
639.0, elevID,1,  pos,1,  cmd, goto,0
642.0,Elev,0,  arrived at dest, 1, this call is done!, Elevator call,626.2116172047942,0,1,3,0, Done, dt, 15.788382795205848
642.0, elevID,0,  pos,1,  cmd, goto,3
644.0,Elevator call,643.8547514955396,-1,2,1,0, got allocated to elevator, 0
, elevID,1,  pos,0,  WRONG cmd, stop,0,  the elevator is not moving!
, elevID,0,  pos,3,  WRONG cmd, stop,3,  the elevator is not moving!
650.0,Elev,1,  arrived at dest, 0, this call is done!, Elevator call,557.2441390036331,10,0,3,1, Done, dt, 92.75586099636689
650.0,Elev,1,  arrived at dest, 0, this call is done!, Elevator call,596.1232022872633,8,0,3,1, Done, dt, 53.876797712736675
650.0,Elev,1,  arrived at dest, 0, this call is done!, Elevator call,600.9312879686208,1,0,3,1, Done, dt, 49.068712031379164
650.0,Elev,1,  arrived at dest, 0, this call is done!, Elevator call,603.9342326983083,7,0,3,1, Done, dt, 46.06576730169172
650.0, elevID,1,  pos,0,  cmd, goto,8
654.0,Elev,0,  arrived at dest, 3, this call is done!, Elevator call,617.9628338542149,0,3,3,0, Done, dt, 36.037166145785136
654.0, elevID,0,  pos,3,  cmd, goto,9
661.0,Elevator call,660.0732907797126,6,10,1,0, got allocated to elevator, 0
661.0, elevID,0,  pos,5,  cmd, stop,6
662.0,Elevator call,661.0420820268716,-1,3,1,1, got allocated to elevator, 1
, elevID,0,  pos,6,  WRONG cmd, stop,6,  the elevator is not moving!
663.0,Elevator call,662.1730527520776,-1,5,1,1, got allocated to elevator, 1
, elevID,1,  pos,8,  WRONG cmd, stop,8,  the elevator is not moving!
666.0,Elevator call,665.1155548533167,-1,8,1,1, got allocated to elevator, 1
667.0,Elevator call,666.0340294605869,4,0,1,1, got allocated to elevator, 1
667.0,Elevator call,666.2411586665262,5,-1,1,0, got allocated to elevator, 0
667.0,Elev,0,  arrived at src, 6, Elevator call,660.0732907797126,6,10,2,0
667.0, elevID,0,  pos,6,  cmd, goto,9
, elevID,1,  pos,8,  WRONG cmd, stop,4,  the elevator is not moving!
668.0, elevID,1,  pos,8,  cmd, goto,4
673.0,Elevator call,672.677314157026,0,-1,1,1, got allocated to elevator, 1
, elevID,0,  pos,9,  WRONG cmd, stop,9,  the elevator is not moving!
, elevID,1,  pos,4,  WRONG cmd, stop,4,  the elevator is not moving!
678.0,Elevator call,677.7341948387335,0,-1,1,1, got allocated to elevator, 1
679.0,Elevator call,678.9953584914538,-1,-2,1,1, got allocated to elevator, 1
680.0,Elev,0,  arrived at src, 9, Elevator call,619.6454196970012,9,0,2,0
680.0, elevID,0,  pos,9,  cmd, goto,10
682.0,Elev,1,  arrived at src, 4, Elevator call,666.0340294605869,4,0,2,1
682.0, elevID,1,  pos,4,  cmd, goto,0
, elevID,0,  pos,10,  WRONG cmd, stop,10,  the elevator is not moving!
691.0,Elev,0,  arrived at dest, 10, this call is done!, Elevator call,660.0732907797126,6,10,3,0, Done, dt, 30.92670922028742
691.0, elevID,0,  pos,10,  cmd, goto,5
, elevID,1,  pos,0,  WRONG cmd, stop,0,  the elevator is not moving!
696.0,Elevator call,695.2239881566923,0,10,1,1, got allocated to elevator, 1
696.0,Elev,1,  arrived at dest, 0, this call is done!, Elevator call,666.0340294605869,4,0,3,1, Done, dt, 29.965970539413092
696.0,Elev,1,  arrived at src, 0, Elevator call,672.677314157026,0,-1,2,1
696.0,Elev,1,  arrived at src, 0, Elevator call,677.7341948387335,0,-1,2,1
696.0,Elev,1,  arrived at src, 0, Elevator call,695.2239881566923,0,10,2,1
, elevID,1,  pos,0,  WRONG cmd, stop,0,  the elevator is not moving!
696.0, elevID,1,  pos,0,  cmd, goto,-1
, elevID,0,  pos,5,  WRONG cmd, stop,5,  the elevator is not moving!
, elevID,1,  pos,-1,  WRONG cmd, stop,-1,  the elevator is not moving!
706.0,Elev,0,  arrived at src, 5, Elevator call,666.2411586665262,5,-1,2,0
706.0, elevID,0,  pos,5,  cmd, goto,0
707.0,Elevator call,706.1583474999188,-1,-2,1,0, got allocated to elevator, 0
707.0,Elev,1,  arrived at dest, -1, this call is done!, Elevator call,529.6277472128405,3,-1,3,1, Done, dt, 177.37225278715948
707.0,Elev,1,  arrived at src, -1, Elevator call,661.0420820268716,-1,3,2,1
707.0,Elev,1,  arrived at src, -1, Elevator call,662.1730527520776,-1,5,2,1
707.0,Elev,1,  arrived at src, -1, Elevator call,665.1155548533167,-1,8,2,1
707.0,Elev,1,  arrived at dest, -1, this call is done!, Elevator call,672.677314157026,0,-1,3,1, Done, dt, 34.32268584297401
707.0,Elev,1,  arrived at dest, -1, this call is done!, Elevator call,677.7341948387335,0,-1,3,1, Done, dt, 29.265805161266485
707.0,Elev,1,  arrived at src, -1, Elevator call,678.9953584914538,-1,-2,2,1
707.0, elevID,1,  pos,-1,  cmd, goto,3
711.0,Elevator call,710.3249770041223,0,1,1,1, got allocated to elevator, 1
711.0, elevID,1,  pos,-1,  cmd, stop,0
, elevID,1,  pos,0,  WRONG cmd, stop,0,  the elevator is not moving!
714.0,Elevator call,713.0191971398395,1,0,1,0, got allocated to elevator, 0
714.0,Elevator call,713.2499766424826,10,-1,1,1, got allocated to elevator, 1
, elevID,0,  pos,2,  cmd, stop,1
, elevID,0,  pos,1,  WRONG cmd, stop,1,  the elevator is not moving!
718.0,Elev,1,  arrived at src, 0, Elevator call,710.3249770041223,0,1,2,1
718.0, elevID,1,  pos,0,  cmd, goto,1
720.0,Elev,0,  arrived at src, 1, Elevator call,713.0191971398395,1,0,2,0
720.0, elevID,0,  pos,1,  cmd, goto,0
723.0,Elevator call,722.6161212799507,10,0,1,1, got allocated to elevator, 1
, elevID,1,  pos,1,  WRONG cmd, stop,1,  the elevator is not moving!
, elevID,0,  pos,0,  WRONG cmd, stop,0,  the elevator is not moving!
728.0,Elevator call,727.514602863032,-1,0,1,0, got allocated to elevator, 0
729.0,Elev,1,  arrived at dest, 1, this call is done!, Elevator call,710.3249770041223,0,1,3,1, Done, dt, 18.675022995877725
729.0, elevID,1,  pos,1,  cmd, goto,3
731.0,Elev,0,  arrived at dest, 0, this call is done!, Elevator call,619.6454196970012,9,0,3,0, Done, dt, 111.35458030299878
731.0,Elev,0,  arrived at dest, 0, this call is done!, Elevator call,713.0191971398395,1,0,3,0, Done, dt, 17.980802860160452
731.0, elevID,0,  pos,0,  cmd, goto,-1
733.0,Elevator call,732.9746341348998,6,-1,1,1, got allocated to elevator, 1
, elevID,1,  pos,3,  WRONG cmd, stop,3,  the elevator is not moving!
, elevID,0,  pos,-1,  WRONG cmd, stop,-1,  the elevator is not moving!
738.0,Elevator call,737.314720213409,1,0,1,0, got allocated to elevator, 0
741.0,Elev,1,  arrived at dest, 3, this call is done!, Elevator call,661.0420820268716,-1,3,3,1, Done, dt, 79.95791797312836
741.0, elevID,1,  pos,3,  cmd, goto,5
742.0,Elev,0,  arrived at src, -1, Elevator call,643.8547514955396,-1,2,2,0
742.0,Elev,0,  arrived at dest, -1, this call is done!, Elevator call,666.2411586665262,5,-1,3,0, Done, dt, 75.75884133347381
742.0,Elev,0,  arrived at src, -1, Elevator call,706.1583474999188,-1,-2,2,0
742.0,Elev,0,  arrived at src, -1, Elevator call,727.514602863032,-1,0,2,0
742.0, elevID,0,  pos,-1,  cmd, goto,0
, elevID,0,  pos,0,  WRONG cmd, stop,0,  the elevator is not moving!
, elevID,1,  pos,5,  WRONG cmd, stop,5,  the elevator is not moving!
753.0,Elev,0,  arrived at dest, 0, this call is done!, Elevator call,727.514602863032,-1,0,3,0, Done, dt, 25.485397136968004
753.0, elevID,0,  pos,0,  cmd, goto,2
753.0,Elev,1,  arrived at dest, 5, this call is done!, Elevator call,662.1730527520776,-1,5,3,1, Done, dt, 90.82694724792236
753.0, elevID,1,  pos,5,  cmd, goto,8
, elevID,0,  pos,2,  WRONG cmd, stop,2,  the elevator is not moving!
, elevID,1,  pos,8,  WRONG cmd, stop,8,  the elevator is not moving!
765.0,Elev,0,  arrived at dest, 2, this call is done!, Elevator call,643.8547514955396,-1,2,3,0, Done, dt, 121.14524850446037
765.0, elevID,0,  pos,2,  cmd, goto,1
766.0,Elev,1,  arrived at dest, 8, this call is done!, Elevator call,665.1155548533167,-1,8,3,1, Done, dt, 100.88444514668333
766.0, elevID,1,  pos,8,  cmd, goto,10
, elevID,0,  pos,1,  WRONG cmd, stop,1,  the elevator is not moving!
, elevID,1,  pos,10,  WRONG cmd, stop,10,  the elevator is not moving!
776.0,Elev,0,  arrived at src, 1, Elevator call,737.314720213409,1,0,2,0
776.0, elevID,0,  pos,1,  cmd, goto,-1
778.0,Elev,1,  arrived at dest, 10, this call is done!, Elevator call,695.2239881566923,0,10,3,1, Done, dt, 82.77601184330774
778.0,Elev,1,  arrived at src, 10, Elevator call,713.2499766424826,10,-1,2,1
778.0,Elev,1,  arrived at src, 10, Elevator call,722.6161212799507,10,0,2,1
778.0, elevID,1,  pos,10,  cmd, goto,6
780.0,Elevator call,779.399691386574,-1,5,1,0, got allocated to elevator, 0
, elevID,0,  pos,-1,  WRONG cmd, stop,-1,  the elevator is not moving!
, elevID,1,  pos,6,  WRONG cmd, stop,6,  the elevator is not moving!
788.0,Elev,0,  arrived at src, -1, Elevator call,779.399691386574,-1,5,2,0
788.0, elevID,0,  pos,-1,  cmd, goto,0
792.0,Elev,1,  arrived at src, 6, Elevator call,732.9746341348998,6,-1,2,1
792.0, elevID,1,  pos,6,  cmd, goto,-1
, elevID,0,  pos,0,  WRONG cmd, stop,0,  the elevator is not moving!
799.0,Elev,0,  arrived at dest, 0, this call is done!, Elevator call,737.314720213409,1,0,3,0, Done, dt, 61.68527978659097
799.0, elevID,0,  pos,0,  cmd, goto,5
, elevID,1,  pos,-1,  WRONG cmd, stop,-1,  the elevator is not moving!
806.0,Elevator call,805.6754743307536,-1,-2,1,1, got allocated to elevator, 1
, elevID,1,  pos,-1,  WRONG cmd, stop,-1,  the elevator is not moving!
, elevID,0,  pos,5,  WRONG cmd, stop,5,  the elevator is not moving!
809.0,Elev,1,  arrived at dest, -1, this call is done!, Elevator call,713.2499766424826,10,-1,3,1, Done, dt, 95.75002335751742
809.0,Elev,1,  arrived at dest, -1, this call is done!, Elevator call,732.9746341348998,6,-1,3,1, Done, dt, 76.02536586510018
809.0,Elev,1,  arrived at src, -1, Elevator call,805.6754743307536,-1,-2,2,1
809.0, elevID,1,  pos,-1,  cmd, goto,0
811.0,Elevator call,810.4469089359914,2,0,1,1, got allocated to elevator, 1
814.0,Elev,0,  arrived at dest, 5, this call is done!, Elevator call,779.399691386574,-1,5,3,0, Done, dt, 34.60030861342602
814.0, elevID,0,  pos,5,  cmd, goto,-2
, elevID,1,  pos,0,  WRONG cmd, stop,0,  the elevator is not moving!
817.0,Elevator call,816.1516998390152,7,-1,1,0, got allocated to elevator, 0
820.0,Elev,1,  arrived at dest, 0, this call is done!, Elevator call,722.6161212799507,10,0,3,1, Done, dt, 97.38387872004932
820.0, elevID,1,  pos,0,  cmd, goto,-2
826.0,Elevator call,825.4575184586336,7,0,1,0, got allocated to elevator, 0
, elevID,0,  pos,-2,  WRONG cmd, stop,-2,  the elevator is not moving!
, elevID,1,  pos,-2,  WRONG cmd, stop,-2,  the elevator is not moving!
831.0,Elev,0,  arrived at dest, -2, this call is done!, Elevator call,706.1583474999188,-1,-2,3,0, Done, dt, 124.84165250008118
831.0, elevID,0,  pos,-2,  cmd, goto,7
832.0,Elev,1,  arrived at dest, -2, this call is done!, Elevator call,678.9953584914538,-1,-2,3,1, Done, dt, 153.00464150854623
832.0,Elev,1,  arrived at dest, -2, this call is done!, Elevator call,805.6754743307536,-1,-2,3,1, Done, dt, 26.32452566924644
832.0, elevID,1,  pos,-2,  cmd, goto,2
840.0,Elevator call,839.8525652620532,0,1,1,1, got allocated to elevator, 1
, elevID,1,  pos,2,  WRONG cmd, stop,2,  the elevator is not moving!
, elevID,0,  pos,7,  WRONG cmd, stop,7,  the elevator is not moving!
846.0,Elev,1,  arrived at src, 2, Elevator call,810.4469089359914,2,0,2,1
846.0, elevID,1,  pos,2,  cmd, goto,0
850.0,Elev,0,  arrived at src, 7, Elevator call,816.1516998390152,7,-1,2,0
850.0,Elev,0,  arrived at src, 7, Elevator call,825.4575184586336,7,0,2,0
850.0, elevID,0,  pos,7,  cmd, goto,0
, elevID,1,  pos,0,  WRONG cmd, stop,0,  the elevator is not moving!
855.0,Elevator call,854.2002278085795,6,-1,1,0, got allocated to elevator, 0
, elevID,0,  pos,7,  cmd, stop,6
, elevID,0,  pos,6,  WRONG cmd, stop,6,  the elevator is not moving!
858.0,Elev,1,  arrived at dest, 0, this call is done!, Elevator call,810.4469089359914,2,0,3,1, Done, dt, 47.55309106400864
858.0,Elev,1,  arrived at src, 0, Elevator call,839.8525652620532,0,1,2,1
858.0, elevID,1,  pos,0,  cmd, goto,1
861.0,Elev,0,  arrived at src, 6, Elevator call,854.2002278085795,6,-1,2,0
861.0, elevID,0,  pos,6,  cmd, goto,0
864.0,Elevator call,863.893291272948,0,-1,1,0, got allocated to elevator, 0
, elevID,1,  pos,1,  WRONG cmd, stop,1,  the elevator is not moving!
869.0,Elev,1,  arrived at dest, 1, this call is done!, Elevator call,839.8525652620532,0,1,3,1, Done, dt, 29.14743473794681
871.0,Elevator call,870.5053023797483,0,7,1,1, got allocated to elevator, 1
871.0, elevID,1,  pos,1,  cmd, goto,0
, elevID,0,  pos,0,  WRONG cmd, stop,0,  the elevator is not moving!
877.0,Elev,0,  arrived at dest, 0, this call is done!, Elevator call,825.4575184586336,7,0,3,0, Done, dt, 51.54248154136644
877.0,Elev,0,  arrived at src, 0, Elevator call,863.893291272948,0,-1,2,0
877.0, elevID,0,  pos,0,  cmd, goto,-1
, elevID,1,  pos,0,  WRONG cmd, stop,0,  the elevator is not moving!
882.0,Elev,1,  arrived at src, 0, Elevator call,870.5053023797483,0,7,2,1
882.0, elevID,1,  pos,0,  cmd, goto,7
, elevID,0,  pos,-1,  WRONG cmd, stop,-1,  the elevator is not moving!
887.0,Elevator call,886.5649993239458,-1,-2,1,0, got allocated to elevator, 0
, elevID,0,  pos,-1,  WRONG cmd, stop,-1,  the elevator is not moving!
888.0,Elev,0,  arrived at dest, -1, this call is done!, Elevator call,816.1516998390152,7,-1,3,0, Done, dt, 71.84830016098476
888.0,Elev,0,  arrived at dest, -1, this call is done!, Elevator call,854.2002278085795,6,-1,3,0, Done, dt, 33.799772191420516
888.0,Elev,0,  arrived at dest, -1, this call is done!, Elevator call,863.893291272948,0,-1,3,0, Done, dt, 24.106708727052023
888.0,Elev,0,  arrived at src, -1, Elevator call,886.5649993239458,-1,-2,2,0
888.0, elevID,0,  pos,-1,  cmd, goto,-2
893.0,Elevator call,892.5212150591021,9,-1,1,1, got allocated to elevator, 1
, elevID,0,  pos,-2,  WRONG cmd, stop,-2,  the elevator is not moving!
, elevID,1,  pos,7,  WRONG cmd, stop,7,  the elevator is not moving!
899.0,Elev,0,  arrived at dest, -2, this call is done!, Elevator call,886.5649993239458,-1,-2,3,0, Done, dt, 12.435000676054187
899.0,Elev,1,  arrived at dest, 7, this call is done!, Elevator call,870.5053023797483,0,7,3,1, Done, dt, 28.494697620251713
899.0, elevID,1,  pos,7,  cmd, goto,9
, elevID,1,  pos,9,  WRONG cmd, stop,9,  the elevator is not moving!
911.0,Elevator call,910.5388559417848,6,5,1,0, got allocated to elevator, 0
911.0, elevID,0,  pos,-2,  cmd, goto,6
911.0,Elev,1,  arrived at src, 9, Elevator call,892.5212150591021,9,-1,2,1
911.0, elevID,1,  pos,9,  cmd, goto,-1
916.0,Elevator call,915.9490574608818,4,-1,1,1, got allocated to elevator, 1
, elevID,1,  pos,9,  cmd, stop,4
, elevID,1,  pos,4,  WRONG cmd, stop,4,  the elevator is not moving!
, elevID,0,  pos,6,  WRONG cmd, stop,6,  the elevator is not moving!
926.0,Elev,1,  arrived at src, 4, Elevator call,915.9490574608818,4,-1,2,1
926.0, elevID,1,  pos,4,  cmd, goto,-1
929.0,Elev,0,  arrived at src, 6, Elevator call,910.5388559417848,6,5,2,0
929.0, elevID,0,  pos,6,  cmd, goto,5
934.0,Elevator call,933.8580452488764,7,5,1,0, got allocated to elevator, 0
, elevID,0,  pos,5,  WRONG cmd, stop,5,  the elevator is not moving!
, elevID,1,  pos,-1,  WRONG cmd, stop,-1,  the elevator is not moving!
940.0,Elev,0,  arrived at dest, 5, this call is done!, Elevator call,910.5388559417848,6,5,3,0, Done, dt, 29.461144058215154
940.0, elevID,0,  pos,5,  cmd, goto,7
941.0,Elev,1,  arrived at dest, -1, this call is done!, Elevator call,892.5212150591021,9,-1,3,1, Done, dt, 48.47878494089787
941.0,Elev,1,  arrived at dest, -1, this call is done!, Elevator call,915.9490574608818,4,-1,3,1, Done, dt, 25.050942539118182
, elevID,0,  pos,7,  WRONG cmd, stop,7,  the elevator is not moving!
952.0,Elev,0,  arrived at src, 7, Elevator call,933.8580452488764,7,5,2,0
962.0,Elevator call,961.6862855708133,6,-1,1,0, got allocated to elevator, 0
962.0, elevID,0,  pos,7,  cmd, goto,6
, elevID,0,  pos,6,  WRONG cmd, stop,6,  the elevator is not moving!
973.0,Elevator call,972.8032126022729,1,0,1,1, got allocated to elevator, 1
973.0,Elev,0,  arrived at src, 6, Elevator call,961.6862855708133,6,-1,2,0
973.0, elevID,0,  pos,6,  cmd, goto,-1
973.0, elevID,1,  pos,-1,  cmd, goto,1
976.0,Elevator call,975.8361202753667,0,-1,1,0, got allocated to elevator, 0
, elevID,0,  pos,6,  cmd, stop,0
979.0,Elevator call,978.5925148564796,10,0,1,1, got allocated to elevator, 1
979.0,Elevator call,978.6210500641439,10,-1,1,1, got allocated to elevator, 1
, elevID,1,  pos,1,  WRONG cmd, stop,1,  the elevator is not moving!
, elevID,0,  pos,0,  WRONG cmd, stop,0,  the elevator is not moving!
985.0,Elevator call,984.1840185574983,7,0,1,1, got allocated to elevator, 1
985.0,Elev,1,  arrived at src, 1, Elevator call,972.8032126022729,1,0,2,1
985.0, elevID,1,  pos,1,  cmd, goto,0
989.0,Elev,0,  arrived at src, 0, Elevator call,975.8361202753667,0,-1,2,0
989.0, elevID,0,  pos,0,  cmd, goto,-1
, elevID,1,  pos,0,  WRONG cmd, stop,0,  the elevator is not moving!
, elevID,0,  pos,-1,  WRONG cmd, stop,-1,  the elevator is not moving!
996.0,Elev,1,  arrived at dest, 0, this call is done!, Elevator call,972.8032126022729,1,0,3,1, Done, dt, 23.19678739772712
996.0, elevID,1,  pos,0,  cmd, goto,10
1000.0,************* Simulation Ended ************
Code Owners,101309018123456789,  Case,2,  Total waiting time: 5095.792822120196,  average waiting time per call: 50.95792822120197,  unCompleted calls,6,  certificate, -101309016554797974
