**** The Simulator log: stage 2
0.0,OOP_Ex0_Elevator_Simulator
0.0,Simulated Building, ex0.simulator.Builging_A [-2,10]
0) ex0.simulator.Elevator_A, Elev_0, speed: 1.0, open/close: 2.0,  start/stop: 3.0
1) ex0.simulator.Elevator_A, Elev_1, speed: 1.0, open/close: 2.0,  start/stop: 3.0
0.0,Simulated Period starTime,0.0,  endTime,1000.0,  dt,1.0
0.0,Simulated  calls,Elevetor log, size: 100
0.0,**** Simulation starts!! ****
5.0,Elevator call,4.374727290393253,0,-1,1,0, got allocated to elevator, 0
5.0, elevID,0,  pos,-2,  cmd, goto,0
, elevID,0,  pos,0,  WRONG cmd, stop,0,  the elevator is not moving!
17.0,Elevator call,16.957882888088932,-1,0,1,1, got allocated to elevator, 1
17.0,Elev,0,  arrived at src, 0, Elevator call,4.374727290393253,0,-1,2,0
17.0, elevID,0,  pos,0,  cmd, goto,-1
17.0, elevID,1,  pos,-2,  cmd, goto,-1
23.0,Elevator call,22.094056301593582,0,-1,1,0, got allocated to elevator, 0
, elevID,0,  pos,-1,  WRONG cmd, stop,-1,  the elevator is not moving!
, elevID,1,  pos,-1,  WRONG cmd, stop,-1,  the elevator is not moving!
28.0,Elev,0,  arrived at dest, -1, this call is done!, Elevator call,4.374727290393253,0,-1,3,0, Done, dt, 23.625272709606747
28.0, elevID,0,  pos,-1,  cmd, goto,0
28.0,Elev,1,  arrived at src, -1, Elevator call,16.957882888088932,-1,0,2,1
28.0, elevID,1,  pos,-1,  cmd, goto,0
, elevID,0,  pos,0,  WRONG cmd, stop,0,  the elevator is not moving!
, elevID,1,  pos,0,  WRONG cmd, stop,0,  the elevator is not moving!
39.0,Elev,0,  arrived at src, 0, Elevator call,22.094056301593582,0,-1,2,0
39.0,Elev,1,  arrived at dest, 0, this call is done!, Elevator call,16.957882888088932,-1,0,3,1, Done, dt, 22.042117111911068
86.0,Elevator call,85.5209666204754,3,2,1,0, got allocated to elevator, 0
86.0, elevID,0,  pos,0,  cmd, goto,3
92.0,Elevator call,91.21019413453945,-1,-2,1,1, got allocated to elevator, 1
92.0, elevID,1,  pos,0,  cmd, goto,-1
, elevID,0,  pos,3,  WRONG cmd, stop,3,  the elevator is not moving!
, elevID,1,  pos,-1,  WRONG cmd, stop,-1,  the elevator is not moving!
99.0,Elev,0,  arrived at src, 3, Elevator call,85.5209666204754,3,2,2,0
99.0, elevID,0,  pos,3,  cmd, goto,2
103.0,Elev,1,  arrived at src, -1, Elevator call,91.21019413453945,-1,-2,2,1
103.0, elevID,1,  pos,-1,  cmd, goto,-2
105.0,Elevator call,104.13701241869234,0,4,1,0, got allocated to elevator, 0
, elevID,0,  pos,2,  WRONG cmd, stop,2,  the elevator is not moving!
, elevID,1,  pos,-2,  WRONG cmd, stop,-2,  the elevator is not moving!
110.0,Elevator call,109.21352909346587,-1,0,1,1, got allocated to elevator, 1
110.0,Elev,0,  arrived at dest, 2, this call is done!, Elevator call,85.5209666204754,3,2,3,0, Done, dt, 24.479033379524594
110.0, elevID,0,  pos,2,  cmd, goto,0
114.0,Elev,1,  arrived at dest, -2, this call is done!, Elevator call,91.21019413453945,-1,-2,3,1, Done, dt, 22.78980586546055
114.0, elevID,1,  pos,-2,  cmd, goto,-1
115.0,Elevator call,114.39235096774041,3,0,1,0, got allocated to elevator, 0
, elevID,0,  pos,0,  WRONG cmd, stop,0,  the elevator is not moving!
, elevID,1,  pos,-1,  WRONG cmd, stop,-1,  the elevator is not moving!
122.0,Elev,0,  arrived at src, 0, Elevator call,104.13701241869234,0,4,2,0
122.0, elevID,0,  pos,0,  cmd, goto,4
125.0,Elevator call,124.42557095980362,0,9,1,1, got allocated to elevator, 1
125.0,Elev,1,  arrived at src, -1, Elevator call,109.21352909346587,-1,0,2,1
125.0, elevID,1,  pos,-1,  cmd, goto,0
131.0,Elevator call,130.02495678190564,8,10,1,1, got allocated to elevator, 1
131.0,Elevator call,130.224911275492,-1,1,1,0, got allocated to elevator, 0
, elevID,0,  pos,4,  WRONG cmd, stop,4,  the elevator is not moving!
, elevID,1,  pos,0,  WRONG cmd, stop,0,  the elevator is not moving!
136.0,Elev,0,  arrived at dest, 4, this call is done!, Elevator call,104.13701241869234,0,4,3,0, Done, dt, 31.862987581307664
136.0, elevID,0,  pos,4,  cmd, goto,3
136.0,Elev,1,  arrived at dest, 0, this call is done!, Elevator call,109.21352909346587,-1,0,3,1, Done, dt, 26.786470906534134
136.0,Elev,1,  arrived at src, 0, Elevator call,124.42557095980362,0,9,2,1
136.0, elevID,1,  pos,0,  cmd, goto,8
138.0,Elevator call,137.9515274326701,0,4,1,1, got allocated to elevator, 1
138.0, elevID,1,  pos,0,  cmd, stop,0
, elevID,0,  pos,3,  WRONG cmd, stop,3,  the elevator is not moving!
144.0,Elevator call,143.91335838799415,0,6,1,1, got allocated to elevator, 1
, elevID,1,  pos,0,  WRONG cmd, stop,0,  the elevator is not moving!
146.0,Elev,1,  arrived at src, 0, Elevator call,137.9515274326701,0,4,2,1
146.0,Elev,1,  arrived at src, 0, Elevator call,143.91335838799415,0,6,2,1
146.0, elevID,1,  pos,0,  cmd, goto,4
147.0,Elev,0,  arrived at src, 3, Elevator call,114.39235096774041,3,0,2,0
147.0, elevID,0,  pos,3,  cmd, goto,0
, elevID,0,  pos,0,  WRONG cmd, stop,0,  the elevator is not moving!
, elevID,1,  pos,4,  WRONG cmd, stop,4,  the elevator is not moving!
160.0,Elev,0,  arrived at dest, 0, this call is done!, Elevator call,114.39235096774041,3,0,3,0, Done, dt, 45.60764903225959
160.0, elevID,0,  pos,0,  cmd, goto,-1
160.0,Elev,1,  arrived at dest, 4, this call is done!, Elevator call,137.9515274326701,0,4,3,1, Done, dt, 22.048472567329895
160.0, elevID,1,  pos,4,  cmd, goto,6
, elevID,0,  pos,-1,  WRONG cmd, stop,-1,  the elevator is not moving!
, elevID,1,  pos,6,  WRONG cmd, stop,6,  the elevator is not moving!
170.0,Elevator call,169.78458339380109,-1,0,1,0, got allocated to elevator, 0
171.0,Elevator call,170.0099620835246,0,6,1,0, got allocated to elevator, 0
171.0,Elev,0,  arrived at dest, -1, this call is done!, Elevator call,22.094056301593582,0,-1,3,0, Done, dt, 148.90594369840642
171.0,Elev,0,  arrived at src, -1, Elevator call,130.224911275492,-1,1,2,0
171.0,Elev,0,  arrived at src, -1, Elevator call,169.78458339380109,-1,0,2,0
171.0, elevID,0,  pos,-1,  cmd, goto,0
172.0,Elevator call,171.21173315221364,-1,8,1,0, got allocated to elevator, 0
172.0, elevID,0,  pos,-1,  cmd, stop,-1
172.0,Elev,1,  arrived at dest, 6, this call is done!, Elevator call,143.91335838799415,0,6,3,1, Done, dt, 28.08664161200585
172.0, elevID,1,  pos,6,  cmd, goto,8
175.0,Elevator call,174.84385152106802,0,-1,1,1, got allocated to elevator, 1
, elevID,1,  pos,8,  WRONG cmd, stop,8,  the elevator is not moving!
181.0,Elev,0,  arrived at src, -1, Elevator call,171.21173315221364,-1,8,2,0
181.0, elevID,0,  pos,-1,  cmd, goto,0
184.0,Elev,1,  arrived at src, 8, Elevator call,130.02495678190564,8,10,2,1
184.0, elevID,1,  pos,8,  cmd, goto,9
, elevID,0,  pos,0,  WRONG cmd, stop,0,  the elevator is not moving!
188.0,Elevator call,187.11678617348463,-1,-2,1,1, got allocated to elevator, 1
188.0,Elevator call,187.7299317966884,-1,-2,1,1, got allocated to elevator, 1
, elevID,1,  pos,9,  WRONG cmd, stop,9,  the elevator is not moving!
192.0,Elev,0,  arrived at dest, 0, this call is done!, Elevator call,169.78458339380109,-1,0,3,0, Done, dt, 22.215416606198914
192.0,Elev,0,  arrived at src, 0, Elevator call,170.0099620835246,0,6,2,0
192.0, elevID,0,  pos,0,  cmd, goto,1
195.0,Elev,1,  arrived at dest, 9, this call is done!, Elevator call,124.42557095980362,0,9,3,1, Done, dt, 70.57442904019638
195.0, elevID,1,  pos,9,  cmd, goto,10
196.0,Elevator call,195.90869649656992,0,7,1,0, got allocated to elevator, 0
196.0, elevID,0,  pos,0,  cmd, stop,0
198.0,Elevator call,197.5359191292572,-1,1,1,1, got allocated to elevator, 1
, elevID,1,  pos,10,  WRONG cmd, stop,10,  the elevator is not moving!
202.0,Elev,0,  arrived at src, 0, Elevator call,195.90869649656992,0,7,2,0
202.0, elevID,0,  pos,0,  cmd, goto,1
206.0,Elevator call,205.9895199338651,-1,0,1,1, got allocated to elevator, 1
206.0,Elev,1,  arrived at dest, 10, this call is done!, Elevator call,130.02495678190564,8,10,3,1, Done, dt, 75.97504321809436
206.0, elevID,1,  pos,10,  cmd, goto,0
, elevID,0,  pos,1,  WRONG cmd, stop,1,  the elevator is not moving!
213.0,Elev,0,  arrived at dest, 1, this call is done!, Elevator call,130.224911275492,-1,1,3,0, Done, dt, 82.77508872450801
213.0, elevID,0,  pos,1,  cmd, goto,6
, elevID,1,  pos,0,  WRONG cmd, stop,0,  the elevator is not moving!
, elevID,0,  pos,6,  WRONG cmd, stop,6,  the elevator is not moving!
226.0,Elev,1,  arrived at src, 0, Elevator call,174.84385152106802,0,-1,2,1
226.0, elevID,1,  pos,0,  cmd, goto,-1
228.0,Elevator call,227.0798304557929,-1,5,1,0, got allocated to elevator, 0
228.0,Elev,0,  arrived at dest, 6, this call is done!, Elevator call,170.0099620835246,0,6,3,0, Done, dt, 57.99003791647539
228.0, elevID,0,  pos,6,  cmd, goto,7
232.0,Elevator call,231.51578817426258,-1,0,1,1, got allocated to elevator, 1
, elevID,1,  pos,-1,  WRONG cmd, stop,-1,  the elevator is not moving!
233.0,Elevator call,232.95043623946805,0,-1,1,1, got allocated to elevator, 1
, elevID,0,  pos,7,  WRONG cmd, stop,7,  the elevator is not moving!
237.0,Elev,1,  arrived at dest, -1, this call is done!, Elevator call,174.84385152106802,0,-1,3,1, Done, dt, 62.15614847893198
237.0,Elev,1,  arrived at src, -1, Elevator call,187.11678617348463,-1,-2,2,1
237.0,Elev,1,  arrived at src, -1, Elevator call,187.7299317966884,-1,-2,2,1
237.0,Elev,1,  arrived at src, -1, Elevator call,197.5359191292572,-1,1,2,1
237.0,Elev,1,  arrived at src, -1, Elevator call,205.9895199338651,-1,0,2,1
237.0,Elev,1,  arrived at src, -1, Elevator call,231.51578817426258,-1,0,2,1
237.0, elevID,1,  pos,-1,  cmd, goto,-2
239.0,Elev,0,  arrived at dest, 7, this call is done!, Elevator call,195.90869649656992,0,7,3,0, Done, dt, 43.09130350343008
239.0, elevID,0,  pos,7,  cmd, goto,8
, elevID,1,  pos,-2,  WRONG cmd, stop,-2,  the elevator is not moving!
, elevID,0,  pos,8,  WRONG cmd, stop,8,  the elevator is not moving!
248.0,Elev,1,  arrived at dest, -2, this call is done!, Elevator call,187.11678617348463,-1,-2,3,1, Done, dt, 60.88321382651537
248.0,Elev,1,  arrived at dest, -2, this call is done!, Elevator call,187.7299317966884,-1,-2,3,1, Done, dt, 60.27006820331161
248.0, elevID,1,  pos,-2,  cmd, goto,-1
250.0,Elev,0,  arrived at dest, 8, this call is done!, Elevator call,171.21173315221364,-1,8,3,0, Done, dt, 78.78826684778636
250.0, elevID,0,  pos,8,  cmd, goto,-1
252.0,Elevator call,251.10444690749756,-1,-2,1,0, got allocated to elevator, 0
252.0,Elevator call,251.23593354161653,0,9,1,1, got allocated to elevator, 1
, elevID,1,  pos,-1,  WRONG cmd, stop,-1,  the elevator is not moving!
255.0,Elevator call,254.69771525200505,3,4,1,1, got allocated to elevator, 1
258.0,Elevator call,257.7974435335086,-1,0,1,1, got allocated to elevator, 1
, elevID,1,  pos,-1,  WRONG cmd, stop,-1,  the elevator is not moving!
259.0,Elev,1,  arrived at src, -1, Elevator call,257.7974435335086,-1,0,2,1
259.0, elevID,1,  pos,-1,  cmd, goto,0
, elevID,0,  pos,-1,  WRONG cmd, stop,-1,  the elevator is not moving!
, elevID,1,  pos,0,  WRONG cmd, stop,0,  the elevator is not moving!
269.0,Elev,0,  arrived at src, -1, Elevator call,227.0798304557929,-1,5,2,0
269.0,Elev,0,  arrived at src, -1, Elevator call,251.10444690749756,-1,-2,2,0
269.0, elevID,0,  pos,-1,  cmd, goto,0
270.0,Elev,1,  arrived at dest, 0, this call is done!, Elevator call,205.9895199338651,-1,0,3,1, Done, dt, 64.0104800661349
270.0,Elev,1,  arrived at dest, 0, this call is done!, Elevator call,231.51578817426258,-1,0,3,1, Done, dt, 38.48421182573742
270.0,Elev,1,  arrived at src, 0, Elevator call,232.95043623946805,0,-1,2,1
270.0,Elev,1,  arrived at src, 0, Elevator call,251.23593354161653,0,9,2,1
270.0,Elev,1,  arrived at dest, 0, this call is done!, Elevator call,257.7974435335086,-1,0,3,1, Done, dt, 12.202556466491387
270.0, elevID,1,  pos,0,  cmd, goto,1
, elevID,0,  pos,0,  WRONG cmd, stop,0,  the elevator is not moving!
, elevID,1,  pos,1,  WRONG cmd, stop,1,  the elevator is not moving!
280.0, elevID,0,  pos,0,  cmd, goto,5
281.0,Elev,1,  arrived at dest, 1, this call is done!, Elevator call,197.5359191292572,-1,1,3,1, Done, dt, 83.4640808707428
281.0, elevID,1,  pos,1,  cmd, goto,3
, elevID,1,  pos,3,  WRONG cmd, stop,3,  the elevator is not moving!
, elevID,0,  pos,5,  WRONG cmd, stop,5,  the elevator is not moving!
293.0,Elev,1,  arrived at src, 3, Elevator call,254.69771525200505,3,4,2,1
293.0, elevID,1,  pos,3,  cmd, goto,9
295.0,Elev,0,  arrived at dest, 5, this call is done!, Elevator call,227.0798304557929,-1,5,3,0, Done, dt, 67.92016954420711
295.0, elevID,0,  pos,5,  cmd, goto,-1
296.0,Elevator call,295.7943356681491,0,1,1,0, got allocated to elevator, 0
, elevID,1,  pos,9,  WRONG cmd, stop,9,  the elevator is not moving!
305.0,Elevator call,304.99843880775313,6,0,1,1, got allocated to elevator, 1
, elevID,1,  pos,9,  WRONG cmd, stop,6,  the elevator is not moving!
, elevID,0,  pos,-1,  WRONG cmd, stop,-1,  the elevator is not moving!
309.0,Elev,1,  arrived at dest, 9, this call is done!, Elevator call,251.23593354161653,0,9,3,1, Done, dt, 57.76406645838347
309.0, elevID,1,  pos,9,  cmd, goto,6
310.0,Elevator call,309.30053828560517,0,-1,1,1, got allocated to elevator, 1
311.0, elevID,0,  pos,-1,  cmd, goto,-2
313.0,Elevator call,312.30185564398687,0,-1,1,1, got allocated to elevator, 1
317.0,Elevator call,316.03237827404377,0,-1,1,1, got allocated to elevator, 1
, elevID,0,  pos,-2,  WRONG cmd, stop,-2,  the elevator is not moving!
, elevID,1,  pos,6,  WRONG cmd, stop,6,  the elevator is not moving!
320.0,Elevator call,319.90520204415634,6,5,1,1, got allocated to elevator, 1
, elevID,1,  pos,6,  WRONG cmd, stop,6,  the elevator is not moving!
321.0,Elevator call,320.97607492210807,-1,0,1,0, got allocated to elevator, 0
, elevID,0,  pos,-2,  WRONG cmd, stop,-1,  the elevator is not moving!
322.0,Elevator call,321.37040904796595,7,-1,1,0, got allocated to elevator, 0
322.0,Elev,0,  arrived at dest, -2, this call is done!, Elevator call,251.10444690749756,-1,-2,3,0, Done, dt, 70.89555309250244
322.0, elevID,0,  pos,-2,  cmd, goto,-1
322.0,Elev,1,  arrived at src, 6, Elevator call,304.99843880775313,6,0,2,1
322.0,Elev,1,  arrived at src, 6, Elevator call,319.90520204415634,6,5,2,1
322.0, elevID,1,  pos,6,  cmd, goto,5
, elevID,0,  pos,-1,  WRONG cmd, stop,-1,  the elevator is not moving!
, elevID,1,  pos,5,  WRONG cmd, stop,5,  the elevator is not moving!
333.0,Elevator call,332.4267319393355,0,10,1,0, got allocated to elevator, 0
333.0,Elev,0,  arrived at src, -1, Elevator call,320.97607492210807,-1,0,2,0
333.0, elevID,0,  pos,-1,  cmd, goto,0
333.0,Elev,1,  arrived at dest, 5, this call is done!, Elevator call,319.90520204415634,6,5,3,1, Done, dt, 13.09479795584366
333.0, elevID,1,  pos,5,  cmd, goto,4
337.0,Elevator call,336.93043046159545,-1,0,1,0, got allocated to elevator, 0
337.0, elevID,0,  pos,-1,  cmd, stop,-1
, elevID,1,  pos,4,  WRONG cmd, stop,4,  the elevator is not moving!
343.0,Elev,0,  arrived at src, -1, Elevator call,336.93043046159545,-1,0,2,0
343.0, elevID,0,  pos,-1,  cmd, goto,0
344.0,Elev,1,  arrived at dest, 4, this call is done!, Elevator call,254.69771525200505,3,4,3,1, Done, dt, 89.30228474799495
344.0, elevID,1,  pos,4,  cmd, goto,0
, elevID,0,  pos,0,  WRONG cmd, stop,0,  the elevator is not moving!
, elevID,1,  pos,0,  WRONG cmd, stop,0,  the elevator is not moving!
354.0,Elev,0,  arrived at src, 0, Elevator call,295.7943356681491,0,1,2,0
354.0,Elev,0,  arrived at dest, 0, this call is done!, Elevator call,320.97607492210807,-1,0,3,0, Done, dt, 33.02392507789193
354.0,Elev,0,  arrived at src, 0, Elevator call,332.4267319393355,0,10,2,0
354.0,Elev,0,  arrived at dest, 0, this call is done!, Elevator call,336.93043046159545,-1,0,3,0, Done, dt, 17.06956953840455
354.0, elevID,0,  pos,0,  cmd, goto,1
358.0,Elev,1,  arrived at dest, 0, this call is done!, Elevator call,304.99843880775313,6,0,3,1, Done, dt, 53.00156119224687
358.0,Elev,1,  arrived at src, 0, Elevator call,309.30053828560517,0,-1,2,1
358.0,Elev,1,  arrived at src, 0, Elevator call,312.30185564398687,0,-1,2,1
358.0,Elev,1,  arrived at src, 0, Elevator call,316.03237827404377,0,-1,2,1
358.0, elevID,1,  pos,0,  cmd, goto,-1
, elevID,0,  pos,1,  WRONG cmd, stop,1,  the elevator is not moving!
, elevID,1,  pos,-1,  WRONG cmd, stop,-1,  the elevator is not moving!
365.0,Elev,0,  arrived at dest, 1, this call is done!, Elevator call,295.7943356681491,0,1,3,0, Done, dt, 69.20566433185093
365.0, elevID,0,  pos,1,  cmd, goto,7
369.0,Elev,1,  arrived at dest, -1, this call is done!, Elevator call,232.95043623946805,0,-1,3,1, Done, dt, 136.04956376053195
369.0,Elev,1,  arrived at dest, -1, this call is done!, Elevator call,309.30053828560517,0,-1,3,1, Done, dt, 59.69946171439483
369.0,Elev,1,  arrived at dest, -1, this call is done!, Elevator call,312.30185564398687,0,-1,3,1, Done, dt, 56.69814435601313
369.0,Elev,1,  arrived at dest, -1, this call is done!, Elevator call,316.03237827404377,0,-1,3,1, Done, dt, 52.967621725956235
376.0,Elevator call,375.49048095381363,1,0,1,1, got allocated to elevator, 1
, elevID,0,  pos,7,  WRONG cmd, stop,7,  the elevator is not moving!
376.0, elevID,1,  pos,-1,  cmd, goto,1
381.0,Elev,0,  arrived at src, 7, Elevator call,321.37040904796595,7,-1,2,0
381.0, elevID,0,  pos,7,  cmd, goto,10
, elevID,1,  pos,1,  WRONG cmd, stop,1,  the elevator is not moving!
388.0,Elev,1,  arrived at src, 1, Elevator call,375.49048095381363,1,0,2,1
388.0, elevID,1,  pos,1,  cmd, goto,0
, elevID,0,  pos,10,  WRONG cmd, stop,10,  the elevator is not moving!
393.0,Elevator call,392.5160764870397,0,5,1,0, got allocated to elevator, 0
, elevID,0,  pos,10,  WRONG cmd, stop,0,  the elevator is not moving!
394.0,Elev,0,  arrived at dest, 10, this call is done!, Elevator call,332.4267319393355,0,10,3,0, Done, dt, 61.573268060664475
394.0, elevID,0,  pos,10,  cmd, goto,0
, elevID,1,  pos,0,  WRONG cmd, stop,0,  the elevator is not moving!
399.0,Elev,1,  arrived at dest, 0, this call is done!, Elevator call,375.49048095381363,1,0,3,1, Done, dt, 23.50951904618637
406.0,Elevator call,405.1821140884023,-1,10,1,1, got allocated to elevator, 1
406.0, elevID,1,  pos,0,  cmd, goto,-1
, elevID,0,  pos,0,  WRONG cmd, stop,0,  the elevator is not moving!
, elevID,1,  pos,-1,  WRONG cmd, stop,-1,  the elevator is not moving!
414.0,Elev,0,  arrived at src, 0, Elevator call,392.5160764870397,0,5,2,0
414.0, elevID,0,  pos,0,  cmd, goto,-1
417.0,Elev,1,  arrived at src, -1, Elevator call,405.1821140884023,-1,10,2,1
417.0, elevID,1,  pos,-1,  cmd, goto,10
, elevID,0,  pos,-1,  WRONG cmd, stop,-1,  the elevator is not moving!
425.0,Elev,0,  arrived at dest, -1, this call is done!, Elevator call,321.37040904796595,7,-1,3,0, Done, dt, 103.62959095203405
425.0, elevID,0,  pos,-1,  cmd, goto,5
427.0,Elevator call,426.8615805478589,2,0,1,0, got allocated to elevator, 0
, elevID,1,  pos,10,  WRONG cmd, stop,10,  the elevator is not moving!
, elevID,0,  pos,5,  WRONG cmd, stop,5,  the elevator is not moving!
438.0,Elevator call,437.17111576125836,1,0,1,0, got allocated to elevator, 0
438.0,Elev,1,  arrived at dest, 10, this call is done!, Elevator call,405.1821140884023,-1,10,3,1, Done, dt, 32.81788591159773
441.0,Elev,0,  arrived at dest, 5, this call is done!, Elevator call,392.5160764870397,0,5,3,0, Done, dt, 48.4839235129603
441.0, elevID,0,  pos,5,  cmd, goto,2
, elevID,0,  pos,2,  WRONG cmd, stop,2,  the elevator is not moving!
454.0,Elev,0,  arrived at src, 2, Elevator call,426.8615805478589,2,0,2,0
454.0, elevID,0,  pos,2,  cmd, goto,1
, elevID,0,  pos,1,  WRONG cmd, stop,1,  the elevator is not moving!
465.0,Elev,0,  arrived at src, 1, Elevator call,437.17111576125836,1,0,2,0
465.0, elevID,0,  pos,1,  cmd, goto,0
, elevID,0,  pos,0,  WRONG cmd, stop,0,  the elevator is not moving!
473.0,Elevator call,472.7445473930129,10,-1,1,1, got allocated to elevator, 1
473.0,Elev,1,  arrived at src, 10, Elevator call,472.7445473930129,10,-1,2,1
, elevID,1,  pos,10,  WRONG cmd, stop,10,  the elevator is not moving!
473.0, elevID,1,  pos,10,  cmd, goto,-1
476.0,Elev,0,  arrived at dest, 0, this call is done!, Elevator call,426.8615805478589,2,0,3,0, Done, dt, 49.13841945214108
476.0,Elev,0,  arrived at dest, 0, this call is done!, Elevator call,437.17111576125836,1,0,3,0, Done, dt, 38.82888423874164
, elevID,1,  pos,-1,  WRONG cmd, stop,-1,  the elevator is not moving!
494.0,Elev,1,  arrived at dest, -1, this call is done!, Elevator call,472.7445473930129,10,-1,3,1, Done, dt, 21.25545260698709
501.0,Elevator call,500.3712044996745,8,-1,1,0, got allocated to elevator, 0
501.0, elevID,0,  pos,0,  cmd, goto,8
504.0,Elevator call,503.13847841893045,1,-1,1,1, got allocated to elevator, 1
504.0, elevID,1,  pos,-1,  cmd, goto,1
505.0,Elevator call,504.4317942159655,0,-1,1,1, got allocated to elevator, 1
, elevID,1,  pos,1,  WRONG cmd, stop,1,  the elevator is not moving!
, elevID,0,  pos,8,  WRONG cmd, stop,8,  the elevator is not moving!
516.0,Elev,1,  arrived at src, 1, Elevator call,503.13847841893045,1,-1,2,1
516.0, elevID,1,  pos,1,  cmd, goto,0
519.0,Elev,0,  arrived at src, 8, Elevator call,500.3712044996745,8,-1,2,0
519.0, elevID,0,  pos,8,  cmd, goto,-1
, elevID,1,  pos,0,  WRONG cmd, stop,0,  the elevator is not moving!
527.0,Elev,1,  arrived at src, 0, Elevator call,504.4317942159655,0,-1,2,1
527.0, elevID,1,  pos,0,  cmd, goto,-1
530.0,Elevator call,529.6277472128405,3,-1,1,1, got allocated to elevator, 1
, elevID,0,  pos,-1,  WRONG cmd, stop,-1,  the elevator is not moving!
, elevID,1,  pos,-1,  WRONG cmd, stop,-1,  the elevator is not moving!
538.0,Elevator call,537.7866883694313,-1,6,1,0, got allocated to elevator, 0
538.0,Elev,0,  arrived at dest, -1, this call is done!, Elevator call,500.3712044996745,8,-1,3,0, Done, dt, 37.62879550032551
538.0,Elev,0,  arrived at src, -1, Elevator call,537.7866883694313,-1,6,2,0
, elevID,0,  pos,-1,  WRONG cmd, stop,-1,  the elevator is not moving!
538.0, elevID,0,  pos,-1,  cmd, goto,6
538.0,Elev,1,  arrived at dest, -1, this call is done!, Elevator call,503.13847841893045,1,-1,3,1, Done, dt, 34.86152158106955
538.0,Elev,1,  arrived at dest, -1, this call is done!, Elevator call,504.4317942159655,0,-1,3,1, Done, dt, 33.56820578403449
538.0, elevID,1,  pos,-1,  cmd, goto,3
545.0,Elevator call,544.7880392034898,6,-1,1,0, got allocated to elevator, 0
, elevID,1,  pos,3,  WRONG cmd, stop,3,  the elevator is not moving!
, elevID,0,  pos,6,  WRONG cmd, stop,6,  the elevator is not moving!
552.0,Elev,1,  arrived at src, 3, Elevator call,529.6277472128405,3,-1,2,1
555.0,Elevator call,554.0892922920482,4,0,1,1, got allocated to elevator, 1
555.0,Elev,0,  arrived at dest, 6, this call is done!, Elevator call,537.7866883694313,-1,6,3,0, Done, dt, 17.213311630568683
555.0,Elev,0,  arrived at src, 6, Elevator call,544.7880392034898,6,-1,2,0
555.0, elevID,0,  pos,6,  cmd, goto,-1
555.0, elevID,1,  pos,3,  cmd, goto,4
558.0,Elevator call,557.2441390036331,10,0,1,1, got allocated to elevator, 1
, elevID,1,  pos,4,  WRONG cmd, stop,4,  the elevator is not moving!
566.0,Elevator call,565.0195521745534,0,-1,1,0, got allocated to elevator, 0
, elevID,0,  pos,0,  cmd, stop,0
566.0,Elev,1,  arrived at src, 4, Elevator call,554.0892922920482,4,0,2,1
566.0, elevID,1,  pos,4,  cmd, goto,0
571.0,Elev,0,  arrived at src, 0, Elevator call,565.0195521745534,0,-1,2,0
571.0, elevID,0,  pos,0,  cmd, goto,-1
, elevID,1,  pos,0,  WRONG cmd, stop,0,  the elevator is not moving!
, elevID,0,  pos,-1,  WRONG cmd, stop,-1,  the elevator is not moving!
580.0,Elev,1,  arrived at dest, 0, this call is done!, Elevator call,554.0892922920482,4,0,3,1, Done, dt, 25.910707707951815
580.0, elevID,1,  pos,0,  cmd, goto,10
582.0,Elevator call,581.8703090238192,0,3,1,0, got allocated to elevator, 0
582.0,Elev,0,  arrived at dest, -1, this call is done!, Elevator call,544.7880392034898,6,-1,3,0, Done, dt, 37.2119607965102
582.0,Elev,0,  arrived at dest, -1, this call is done!, Elevator call,565.0195521745534,0,-1,3,0, Done, dt, 16.980447825446618
582.0, elevID,0,  pos,-1,  cmd, goto,0
, elevID,0,  pos,0,  WRONG cmd, stop,0,  the elevator is not moving!
593.0,Elev,0,  arrived at src, 0, Elevator call,581.8703090238192,0,3,2,0
593.0, elevID,0,  pos,0,  cmd, goto,3
, elevID,1,  pos,10,  WRONG cmd, stop,10,  the elevator is not moving!
597.0,Elevator call,596.1232022872633,8,0,1,1, got allocated to elevator, 1
, elevID,1,  pos,10,  WRONG cmd, stop,8,  the elevator is not moving!
600.0,Elev,1,  arrived at src, 10, Elevator call,557.2441390036331,10,0,2,1
600.0, elevID,1,  pos,10,  cmd, goto,8
601.0,Elevator call,600.9312879686208,1,0,1,1, got allocated to elevator, 1
, elevID,0,  pos,3,  WRONG cmd, stop,3,  the elevator is not moving!
604.0,Elevator call,603.9342326983083,7,0,1,1, got allocated to elevator, 1
606.0,Elev,0,  arrived at dest, 3, this call is done!, Elevator call,581.8703090238192,0,3,3,0, Done, dt, 24.12969097618077
, elevID,1,  pos,8,  WRONG cmd, stop,8,  the elevator is not moving!
612.0,Elev,1,  arrived at src, 8, Elevator call,596.1232022872633,8,0,2,1
612.0, elevID,1,  pos,8,  cmd, goto,7
618.0,Elevator call,617.9628338542149,0,3,1,0, got allocated to elevator, 0
618.0, elevID,0,  pos,3,  cmd, goto,0
, elevID,1,  pos,7,  WRONG cmd, stop,7,  the elevator is not moving!
620.0,Elevator call,619.6454196970012,9,0,1,0, got allocated to elevator, 0
623.0,Elev,1,  arrived at src, 7, Elevator call,603.9342326983083,7,0,2,1
623.0, elevID,1,  pos,7,  cmd, goto,1
, elevID,0,  pos,0,  WRONG cmd, stop,0,  the elevator is not moving!
627.0,Elevator call,626.2116172047942,0,1,1,0, got allocated to elevator, 0
, elevID,0,  pos,0,  WRONG cmd, stop,0,  the elevator is not moving!
631.0,Elev,0,  arrived at src, 0, Elevator call,617.9628338542149,0,3,2,0
631.0,Elev,0,  arrived at src, 0, Elevator call,626.2116172047942,0,1,2,0
631.0, elevID,0,  pos,0,  cmd, goto,1
, elevID,1,  pos,1,  WRONG cmd, stop,1,  the elevator is not moving!
, elevID,0,  pos,1,  WRONG cmd, stop,1,  the elevator is not moving!
639.0,Elev,1,  arrived at src, 1, Elevator call,600.9312879686208,1,0,2,1
639.0, elevID,1,  pos,1,  cmd, goto,0
642.0,Elev,0,  arrived at dest, 1, this call is done!, Elevator call,626.2116172047942,0,1,3,0, Done, dt, 15.788382795205848
642.0, elevID,0,  pos,1,  cmd, goto,3
644.0,Elevator call,643.8547514955396,-1,2,1,1, got allocated to elevator, 1
, elevID,1,  pos,0,  WRONG cmd, stop,0,  the elevator is not moving!
, elevID,0,  pos,3,  WRONG cmd, stop,3,  the elevator is not moving!
650.0,Elev,1,  arrived at dest, 0, this call is done!, Elevator call,557.2441390036331,10,0,3,1, Done, dt, 92.75586099636689
650.0,Elev,1,  arrived at dest, 0, this call is done!, Elevator call,596.1232022872633,8,0,3,1, Done, dt, 53.876797712736675
650.0,Elev,1,  arrived at dest, 0, this call is done!, Elevator call,600.9312879686208,1,0,3,1, Done, dt, 49.068712031379164
650.0,Elev,1,  arrived at dest, 0, this call is done!, Elevator call,603.9342326983083,7,0,3,1, Done, dt, 46.06576730169172
650.0, elevID,1,  pos,0,  cmd, goto,-1
654.0,Elev,0,  arrived at dest, 3, this call is done!, Elevator call,617.9628338542149,0,3,3,0, Done, dt, 36.037166145785136
654.0, elevID,0,  pos,3,  cmd, goto,9
, elevID,1,  pos,-1,  WRONG cmd, stop,-1,  the elevator is not moving!
661.0,Elevator call,660.0732907797126,6,10,1,0, got allocated to elevator, 0
661.0, elevID,0,  pos,5,  cmd, stop,6
661.0,Elev,1,  arrived at dest, -1, this call is done!, Elevator call,529.6277472128405,3,-1,3,1, Done, dt, 131.37225278715948
661.0,Elev,1,  arrived at src, -1, Elevator call,643.8547514955396,-1,2,2,1
661.0, elevID,1,  pos,-1,  cmd, goto,2
662.0,Elevator call,661.0420820268716,-1,3,1,1, got allocated to elevator, 1
, elevID,0,  pos,6,  WRONG cmd, stop,6,  the elevator is not moving!
662.0, elevID,1,  pos,-1,  cmd, stop,-1
663.0,Elevator call,662.1730527520776,-1,5,1,1, got allocated to elevator, 1
, elevID,1,  pos,-1,  WRONG cmd, stop,-1,  the elevator is not moving!
666.0,Elevator call,665.1155548533167,-1,8,1,1, got allocated to elevator, 1
, elevID,1,  pos,-1,  WRONG cmd, stop,-1,  the elevator is not moving!
667.0,Elevator call,666.0340294605869,4,0,1,0, got allocated to elevator, 0
667.0,Elevator call,666.2411586665262,5,-1,1,0, got allocated to elevator, 0
667.0,Elev,0,  arrived at src, 6, Elevator call,660.0732907797126,6,10,2,0
667.0, elevID,0,  pos,6,  cmd, goto,9
671.0,Elev,1,  arrived at src, -1, Elevator call,661.0420820268716,-1,3,2,1
671.0,Elev,1,  arrived at src, -1, Elevator call,662.1730527520776,-1,5,2,1
671.0,Elev,1,  arrived at src, -1, Elevator call,665.1155548533167,-1,8,2,1
671.0, elevID,1,  pos,-1,  cmd, goto,2
673.0,Elevator call,672.677314157026,0,-1,1,0, got allocated to elevator, 0
, elevID,0,  pos,9,  WRONG cmd, stop,9,  the elevator is not moving!
678.0,Elevator call,677.7341948387335,0,-1,1,0, got allocated to elevator, 0
679.0,Elevator call,678.9953584914538,-1,-2,1,0, got allocated to elevator, 0
, elevID,1,  pos,2,  WRONG cmd, stop,2,  the elevator is not moving!
680.0,Elev,0,  arrived at src, 9, Elevator call,619.6454196970012,9,0,2,0
680.0, elevID,0,  pos,9,  cmd, goto,10
684.0,Elev,1,  arrived at dest, 2, this call is done!, Elevator call,643.8547514955396,-1,2,3,1, Done, dt, 40.14524850446037
684.0, elevID,1,  pos,2,  cmd, goto,3
, elevID,0,  pos,10,  WRONG cmd, stop,10,  the elevator is not moving!
, elevID,1,  pos,3,  WRONG cmd, stop,3,  the elevator is not moving!
691.0,Elev,0,  arrived at dest, 10, this call is done!, Elevator call,660.0732907797126,6,10,3,0, Done, dt, 30.92670922028742
691.0, elevID,0,  pos,10,  cmd, goto,5
695.0,Elev,1,  arrived at dest, 3, this call is done!, Elevator call,661.0420820268716,-1,3,3,1, Done, dt, 33.95791797312836
695.0, elevID,1,  pos,3,  cmd, goto,5
696.0,Elevator call,695.2239881566923,0,10,1,1, got allocated to elevator, 1
, elevID,0,  pos,5,  WRONG cmd, stop,5,  the elevator is not moving!
, elevID,1,  pos,5,  WRONG cmd, stop,5,  the elevator is not moving!
706.0,Elev,0,  arrived at src, 5, Elevator call,666.2411586665262,5,-1,2,0
706.0, elevID,0,  pos,5,  cmd, goto,4
707.0,Elevator call,706.1583474999188,-1,-2,1,0, got allocated to elevator, 0
707.0,Elev,1,  arrived at dest, 5, this call is done!, Elevator call,662.1730527520776,-1,5,3,1, Done, dt, 44.82694724792236
707.0, elevID,1,  pos,5,  cmd, goto,8
711.0,Elevator call,710.3249770041223,0,1,1,1, got allocated to elevator, 1
, elevID,0,  pos,4,  WRONG cmd, stop,4,  the elevator is not moving!
714.0,Elevator call,713.0191971398395,1,0,1,0, got allocated to elevator, 0
714.0,Elevator call,713.2499766424826,10,-1,1,1, got allocated to elevator, 1
, elevID,0,  pos,4,  WRONG cmd, stop,1,  the elevator is not moving!
, elevID,1,  pos,8,  WRONG cmd, stop,8,  the elevator is not moving!
717.0,Elev,0,  arrived at src, 4, Elevator call,666.0340294605869,4,0,2,0
717.0, elevID,0,  pos,4,  cmd, goto,1
720.0,Elev,1,  arrived at dest, 8, this call is done!, Elevator call,665.1155548533167,-1,8,3,1, Done, dt, 54.88444514668333
720.0, elevID,1,  pos,8,  cmd, goto,0
723.0,Elevator call,722.6161212799507,10,0,1,1, got allocated to elevator, 1
, elevID,0,  pos,1,  WRONG cmd, stop,1,  the elevator is not moving!
728.0,Elevator call,727.514602863032,-1,0,1,0, got allocated to elevator, 0
730.0,Elev,0,  arrived at src, 1, Elevator call,713.0191971398395,1,0,2,0
730.0, elevID,0,  pos,1,  cmd, goto,0
733.0,Elevator call,732.9746341348998,6,-1,1,1, got allocated to elevator, 1
, elevID,1,  pos,0,  WRONG cmd, stop,0,  the elevator is not moving!
, elevID,0,  pos,0,  WRONG cmd, stop,0,  the elevator is not moving!
738.0,Elevator call,737.314720213409,1,0,1,0, got allocated to elevator, 0
738.0,Elev,1,  arrived at src, 0, Elevator call,695.2239881566923,0,10,2,1
738.0,Elev,1,  arrived at src, 0, Elevator call,710.3249770041223,0,1,2,1
738.0, elevID,1,  pos,0,  cmd, goto,1
741.0,Elev,0,  arrived at dest, 0, this call is done!, Elevator call,619.6454196970012,9,0,3,0, Done, dt, 121.35458030299878
741.0,Elev,0,  arrived at dest, 0, this call is done!, Elevator call,666.0340294605869,4,0,3,0, Done, dt, 74.96597053941309
741.0,Elev,0,  arrived at src, 0, Elevator call,672.677314157026,0,-1,2,0
741.0,Elev,0,  arrived at src, 0, Elevator call,677.7341948387335,0,-1,2,0
741.0,Elev,0,  arrived at dest, 0, this call is done!, Elevator call,713.0191971398395,1,0,3,0, Done, dt, 27.980802860160452
741.0, elevID,0,  pos,0,  cmd, goto,-1
, elevID,1,  pos,1,  WRONG cmd, stop,1,  the elevator is not moving!
, elevID,0,  pos,-1,  WRONG cmd, stop,-1,  the elevator is not moving!
749.0,Elev,1,  arrived at dest, 1, this call is done!, Elevator call,710.3249770041223,0,1,3,1, Done, dt, 38.675022995877725
749.0, elevID,1,  pos,1,  cmd, goto,10
752.0,Elev,0,  arrived at dest, -1, this call is done!, Elevator call,666.2411586665262,5,-1,3,0, Done, dt, 85.75884133347381
752.0,Elev,0,  arrived at dest, -1, this call is done!, Elevator call,672.677314157026,0,-1,3,0, Done, dt, 79.32268584297401
752.0,Elev,0,  arrived at dest, -1, this call is done!, Elevator call,677.7341948387335,0,-1,3,0, Done, dt, 74.26580516126648
752.0,Elev,0,  arrived at src, -1, Elevator call,678.9953584914538,-1,-2,2,0
752.0,Elev,0,  arrived at src, -1, Elevator call,706.1583474999188,-1,-2,2,0
752.0,Elev,0,  arrived at src, -1, Elevator call,727.514602863032,-1,0,2,0
752.0, elevID,0,  pos,-1,  cmd, goto,-2
, elevID,0,  pos,-2,  WRONG cmd, stop,-2,  the elevator is not moving!
763.0,Elev,0,  arrived at dest, -2, this call is done!, Elevator call,678.9953584914538,-1,-2,3,0, Done, dt, 84.00464150854623
763.0,Elev,0,  arrived at dest, -2, this call is done!, Elevator call,706.1583474999188,-1,-2,3,0, Done, dt, 56.84165250008118
763.0, elevID,0,  pos,-2,  cmd, goto,-1
, elevID,1,  pos,10,  WRONG cmd, stop,10,  the elevator is not moving!
768.0,Elev,1,  arrived at dest, 10, this call is done!, Elevator call,695.2239881566923,0,10,3,1, Done, dt, 72.77601184330774
768.0,Elev,1,  arrived at src, 10, Elevator call,713.2499766424826,10,-1,2,1
768.0,Elev,1,  arrived at src, 10, Elevator call,722.6161212799507,10,0,2,1
768.0, elevID,1,  pos,10,  cmd, goto,6
, elevID,0,  pos,-1,  WRONG cmd, stop,-1,  the elevator is not moving!
774.0, elevID,0,  pos,-1,  cmd, goto,0
, elevID,1,  pos,6,  WRONG cmd, stop,6,  the elevator is not moving!
780.0,Elevator call,779.399691386574,-1,5,1,1, got allocated to elevator, 1
, elevID,0,  pos,0,  WRONG cmd, stop,0,  the elevator is not moving!
782.0,Elev,1,  arrived at src, 6, Elevator call,732.9746341348998,6,-1,2,1
782.0, elevID,1,  pos,6,  cmd, goto,0
785.0,Elev,0,  arrived at dest, 0, this call is done!, Elevator call,727.514602863032,-1,0,3,0, Done, dt, 57.485397136968004
785.0, elevID,0,  pos,0,  cmd, goto,1
, elevID,0,  pos,1,  WRONG cmd, stop,1,  the elevator is not moving!
, elevID,1,  pos,0,  WRONG cmd, stop,0,  the elevator is not moving!
796.0,Elev,0,  arrived at src, 1, Elevator call,737.314720213409,1,0,2,0
798.0,Elev,1,  arrived at dest, 0, this call is done!, Elevator call,722.6161212799507,10,0,3,1, Done, dt, 75.38387872004932
798.0, elevID,1,  pos,0,  cmd, goto,-1
, elevID,1,  pos,-1,  WRONG cmd, stop,-1,  the elevator is not moving!
806.0,Elevator call,805.6754743307536,-1,-2,1,0, got allocated to elevator, 0
806.0, elevID,0,  pos,1,  cmd, goto,-1
809.0,Elev,1,  arrived at dest, -1, this call is done!, Elevator call,713.2499766424826,10,-1,3,1, Done, dt, 95.75002335751742
809.0,Elev,1,  arrived at dest, -1, this call is done!, Elevator call,732.9746341348998,6,-1,3,1, Done, dt, 76.02536586510018
809.0,Elev,1,  arrived at src, -1, Elevator call,779.399691386574,-1,5,2,1
809.0, elevID,1,  pos,-1,  cmd, goto,5
811.0,Elevator call,810.4469089359914,2,0,1,0, got allocated to elevator, 0
, elevID,0,  pos,-1,  WRONG cmd, stop,-1,  the elevator is not moving!
817.0,Elevator call,816.1516998390152,7,-1,1,1, got allocated to elevator, 1
818.0,Elev,0,  arrived at src, -1, Elevator call,805.6754743307536,-1,-2,2,0
818.0, elevID,0,  pos,-1,  cmd, goto,-2
, elevID,1,  pos,5,  WRONG cmd, stop,5,  the elevator is not moving!
, elevID,0,  pos,-2,  WRONG cmd, stop,-2,  the elevator is not moving!
825.0,Elev,1,  arrived at dest, 5, this call is done!, Elevator call,779.399691386574,-1,5,3,1, Done, dt, 45.60030861342602
825.0, elevID,1,  pos,5,  cmd, goto,7
826.0,Elevator call,825.4575184586336,7,0,1,1, got allocated to elevator, 1
829.0,Elev,0,  arrived at dest, -2, this call is done!, Elevator call,805.6754743307536,-1,-2,3,0, Done, dt, 23.32452566924644
829.0, elevID,0,  pos,-2,  cmd, goto,2
, elevID,1,  pos,7,  WRONG cmd, stop,7,  the elevator is not moving!
837.0,Elev,1,  arrived at src, 7, Elevator call,816.1516998390152,7,-1,2,1
837.0,Elev,1,  arrived at src, 7, Elevator call,825.4575184586336,7,0,2,1
837.0, elevID,1,  pos,7,  cmd, goto,0
, elevID,0,  pos,2,  WRONG cmd, stop,2,  the elevator is not moving!
840.0,Elevator call,839.8525652620532,0,1,1,0, got allocated to elevator, 0
843.0,Elev,0,  arrived at src, 2, Elevator call,810.4469089359914,2,0,2,0
843.0, elevID,0,  pos,2,  cmd, goto,0
, elevID,1,  pos,0,  WRONG cmd, stop,0,  the elevator is not moving!
, elevID,0,  pos,0,  WRONG cmd, stop,0,  the elevator is not moving!
854.0,Elev,1,  arrived at dest, 0, this call is done!, Elevator call,825.4575184586336,7,0,3,1, Done, dt, 28.542481541366442
854.0, elevID,1,  pos,0,  cmd, goto,-1
855.0,Elevator call,854.2002278085795,6,-1,1,0, got allocated to elevator, 0
855.0,Elev,0,  arrived at dest, 0, this call is done!, Elevator call,737.314720213409,1,0,3,0, Done, dt, 117.68527978659097
855.0,Elev,0,  arrived at dest, 0, this call is done!, Elevator call,810.4469089359914,2,0,3,0, Done, dt, 44.55309106400864
855.0,Elev,0,  arrived at src, 0, Elevator call,839.8525652620532,0,1,2,0
855.0, elevID,0,  pos,0,  cmd, goto,1
, elevID,1,  pos,-1,  WRONG cmd, stop,-1,  the elevator is not moving!
, elevID,0,  pos,1,  WRONG cmd, stop,1,  the elevator is not moving!
864.0,Elevator call,863.893291272948,0,-1,1,1, got allocated to elevator, 1
865.0,Elev,1,  arrived at dest, -1, this call is done!, Elevator call,816.1516998390152,7,-1,3,1, Done, dt, 48.84830016098476
865.0, elevID,1,  pos,-1,  cmd, goto,0
866.0,Elev,0,  arrived at dest, 1, this call is done!, Elevator call,839.8525652620532,0,1,3,0, Done, dt, 26.14743473794681
866.0, elevID,0,  pos,1,  cmd, goto,6
871.0,Elevator call,870.5053023797483,0,7,1,1, got allocated to elevator, 1
, elevID,1,  pos,0,  WRONG cmd, stop,0,  the elevator is not moving!
, elevID,0,  pos,6,  WRONG cmd, stop,6,  the elevator is not moving!
876.0,Elev,1,  arrived at src, 0, Elevator call,863.893291272948,0,-1,2,1
876.0,Elev,1,  arrived at src, 0, Elevator call,870.5053023797483,0,7,2,1
876.0, elevID,1,  pos,0,  cmd, goto,-1
881.0,Elev,0,  arrived at src, 6, Elevator call,854.2002278085795,6,-1,2,0
881.0, elevID,0,  pos,6,  cmd, goto,-1
, elevID,1,  pos,-1,  WRONG cmd, stop,-1,  the elevator is not moving!
887.0,Elevator call,886.5649993239458,-1,-2,1,0, got allocated to elevator, 0
887.0,Elev,1,  arrived at dest, -1, this call is done!, Elevator call,863.893291272948,0,-1,3,1, Done, dt, 23.106708727052023
887.0, elevID,1,  pos,-1,  cmd, goto,0
893.0,Elevator call,892.5212150591021,9,-1,1,1, got allocated to elevator, 1
, elevID,0,  pos,-1,  WRONG cmd, stop,-1,  the elevator is not moving!
, elevID,1,  pos,0,  WRONG cmd, stop,0,  the elevator is not moving!
898.0,Elev,0,  arrived at dest, -1, this call is done!, Elevator call,854.2002278085795,6,-1,3,0, Done, dt, 43.799772191420516
898.0,Elev,0,  arrived at src, -1, Elevator call,886.5649993239458,-1,-2,2,0
898.0, elevID,0,  pos,-1,  cmd, goto,-2
898.0, elevID,1,  pos,0,  cmd, goto,7
, elevID,0,  pos,-2,  WRONG cmd, stop,-2,  the elevator is not moving!
909.0,Elev,0,  arrived at dest, -2, this call is done!, Elevator call,886.5649993239458,-1,-2,3,0, Done, dt, 22.435000676054187
, elevID,1,  pos,7,  WRONG cmd, stop,7,  the elevator is not moving!
911.0,Elevator call,910.5388559417848,6,5,1,0, got allocated to elevator, 0
911.0, elevID,0,  pos,-2,  cmd, goto,6
915.0,Elev,1,  arrived at dest, 7, this call is done!, Elevator call,870.5053023797483,0,7,3,1, Done, dt, 44.49469762025171
915.0, elevID,1,  pos,7,  cmd, goto,9
916.0,Elevator call,915.9490574608818,4,-1,1,1, got allocated to elevator, 1
, elevID,1,  pos,9,  WRONG cmd, stop,9,  the elevator is not moving!
, elevID,0,  pos,6,  WRONG cmd, stop,6,  the elevator is not moving!
927.0,Elev,1,  arrived at src, 9, Elevator call,892.5212150591021,9,-1,2,1
927.0, elevID,1,  pos,9,  cmd, goto,4
929.0,Elev,0,  arrived at src, 6, Elevator call,910.5388559417848,6,5,2,0
929.0, elevID,0,  pos,6,  cmd, goto,5
934.0,Elevator call,933.8580452488764,7,5,1,1, got allocated to elevator, 1
, elevID,1,  pos,7,  cmd, stop,7
, elevID,0,  pos,5,  WRONG cmd, stop,5,  the elevator is not moving!
939.0,Elev,1,  arrived at src, 7, Elevator call,933.8580452488764,7,5,2,1
939.0, elevID,1,  pos,7,  cmd, goto,5
940.0,Elev,0,  arrived at dest, 5, this call is done!, Elevator call,910.5388559417848,6,5,3,0, Done, dt, 29.461144058215154
, elevID,1,  pos,5,  WRONG cmd, stop,5,  the elevator is not moving!
951.0,Elev,1,  arrived at dest, 5, this call is done!, Elevator call,933.8580452488764,7,5,3,1, Done, dt, 17.14195475112365
951.0, elevID,1,  pos,5,  cmd, goto,4
, elevID,1,  pos,4,  WRONG cmd, stop,4,  the elevator is not moving!
962.0,Elevator call,961.6862855708133,6,-1,1,0, got allocated to elevator, 0
962.0, elevID,0,  pos,5,  cmd, goto,6
962.0,Elev,1,  arrived at src, 4, Elevator call,915.9490574608818,4,-1,2,1
962.0, elevID,1,  pos,4,  cmd, goto,-1
, elevID,0,  pos,6,  WRONG cmd, stop,6,  the elevator is not moving!
, elevID,1,  pos,-1,  WRONG cmd, stop,-1,  the elevator is not moving!
973.0,Elevator call,972.8032126022729,1,0,1,1, got allocated to elevator, 1
973.0,Elev,0,  arrived at src, 6, Elevator call,961.6862855708133,6,-1,2,0
973.0, elevID,0,  pos,6,  cmd, goto,-1
976.0,Elevator call,975.8361202753667,0,-1,1,0, got allocated to elevator, 0
, elevID,0,  pos,6,  cmd, stop,0
977.0,Elev,1,  arrived at dest, -1, this call is done!, Elevator call,892.5212150591021,9,-1,3,1, Done, dt, 84.47878494089787
977.0,Elev,1,  arrived at dest, -1, this call is done!, Elevator call,915.9490574608818,4,-1,3,1, Done, dt, 61.05094253911818
977.0, elevID,1,  pos,-1,  cmd, goto,1
979.0,Elevator call,978.5925148564796,10,0,1,1, got allocated to elevator, 1
979.0,Elevator call,978.6210500641439,10,-1,1,1, got allocated to elevator, 1
, elevID,0,  pos,0,  WRONG cmd, stop,0,  the elevator is not moving!
, elevID,1,  pos,1,  WRONG cmd, stop,1,  the elevator is not moving!
985.0,Elevator call,984.1840185574983,7,0,1,1, got allocated to elevator, 1
989.0,Elev,0,  arrived at src, 0, Elevator call,975.8361202753667,0,-1,2,0
989.0, elevID,0,  pos,0,  cmd, goto,-1
989.0,Elev,1,  arrived at src, 1, Elevator call,972.8032126022729,1,0,2,1
989.0, elevID,1,  pos,1,  cmd, goto,0
, elevID,0,  pos,-1,  WRONG cmd, stop,-1,  the elevator is not moving!
, elevID,1,  pos,0,  WRONG cmd, stop,0,  the elevator is not moving!
1000.0,************* Simulation Ended ************
Code Owners,316049311212458244,  Case,2,  Total waiting time: 5051.792822120196,  average waiting time per call: 50.51792822120196,  unCompleted calls,6,  certificate, -316049312646921093
