**** The Simulator log: stage 0
0.0,OOP_Ex0_Elevator_Simulator
0.0,Simulated Building, ex0.simulator.Builging_A [0,1]
0) ex0.simulator.Elevator_A, Elev_0, speed: 1.0, open/close: 2.0,  start/stop: 3.0
0.0,Simulated Period starTime,0.0,  endTime,100.0,  dt,1.0
0.0,Simulated  calls,Elevetor log, size: 10
0.0,**** Simulation starts!! ****
1.0,Elevator call,0.437472729039321,0,1,1,0, got allocated to elevator, 0
1.0,Elev,0,  arrived at src, 0, Elevator call,0.437472729039321,0,1,2,0
, elevID,0,  pos,0,  WRONG cmd, stop,0,  the elevator is not moving!
1.0, elevID,0,  pos,0,  cmd, goto,1
3.0,Elevator call,2.2094056301593525,0,1,1,0, got allocated to elevator, 0
3.0, elevID,0,  pos,0,  cmd, stop,0
11.0,Elev,0,  arrived at src, 0, Elevator call,2.2094056301593525,0,1,2,0
11.0, elevID,0,  pos,0,  cmd, goto,1
, elevID,0,  pos,1,  WRONG cmd, stop,1,  the elevator is not moving!
19.0,Elevator call,18.77299317966884,1,0,1,0, got allocated to elevator, 0
, elevID,0,  pos,1,  WRONG cmd, stop,1,  the elevator is not moving!
20.0,Elevator call,19.590869649656987,0,1,1,0, got allocated to elevator, 0
22.0,Elev,0,  arrived at dest, 1, this call is done!, Elevator call,0.437472729039321,0,1,3,0, Done, dt, 21.56252727096068
22.0,Elev,0,  arrived at dest, 1, this call is done!, Elevator call,2.2094056301593525,0,1,3,0, Done, dt, 19.790594369840647
22.0,Elev,0,  arrived at src, 1, Elevator call,18.77299317966884,1,0,2,0
22.0, elevID,0,  pos,1,  cmd, goto,0
, elevID,0,  pos,0,  WRONG cmd, stop,0,  the elevator is not moving!
30.0,Elevator call,29.579433566814906,0,1,1,0, got allocated to elevator, 0
33.0,Elev,0,  arrived at dest, 0, this call is done!, Elevator call,18.77299317966884,1,0,3,0, Done, dt, 14.227006820331159
33.0,Elev,0,  arrived at src, 0, Elevator call,19.590869649656987,0,1,2,0
33.0,Elev,0,  arrived at src, 0, Elevator call,29.579433566814906,0,1,2,0
33.0, elevID,0,  pos,0,  cmd, goto,1
34.0,Elevator call,33.242673193933555,0,1,1,0, got allocated to elevator, 0
34.0, elevID,0,  pos,0,  cmd, stop,0
43.0,Elev,0,  arrived at src, 0, Elevator call,33.242673193933555,0,1,2,0
43.0, elevID,0,  pos,0,  cmd, goto,1
, elevID,0,  pos,1,  WRONG cmd, stop,1,  the elevator is not moving!
53.0,Elevator call,52.96277472128405,0,1,1,0, got allocated to elevator, 0
54.0,Elev,0,  arrived at dest, 1, this call is done!, Elevator call,19.590869649656987,0,1,3,0, Done, dt, 34.40913035034301
54.0,Elev,0,  arrived at dest, 1, this call is done!, Elevator call,29.579433566814906,0,1,3,0, Done, dt, 24.420566433185094
54.0,Elev,0,  arrived at dest, 1, this call is done!, Elevator call,33.242673193933555,0,1,3,0, Done, dt, 20.757326806066445
54.0, elevID,0,  pos,1,  cmd, goto,0
, elevID,0,  pos,0,  WRONG cmd, stop,0,  the elevator is not moving!
65.0,Elevator call,64.38547514955395,1,0,1,0, got allocated to elevator, 0
65.0,Elev,0,  arrived at src, 0, Elevator call,52.96277472128405,0,1,2,0
65.0, elevID,0,  pos,0,  cmd, goto,1
, elevID,0,  pos,1,  WRONG cmd, stop,1,  the elevator is not moving!
73.0,Elevator call,72.26161212799506,1,0,1,0, got allocated to elevator, 0
76.0,Elev,0,  arrived at dest, 1, this call is done!, Elevator call,52.96277472128405,0,1,3,0, Done, dt, 23.03722527871595
76.0,Elev,0,  arrived at src, 1, Elevator call,64.38547514955395,1,0,2,0
76.0,Elev,0,  arrived at src, 1, Elevator call,72.26161212799506,1,0,2,0
76.0, elevID,0,  pos,1,  cmd, goto,0
81.0,Elevator call,80.56754743307536,1,0,1,0, got allocated to elevator, 0
, elevID,0,  pos,1,  cmd, stop,1
86.0,Elev,0,  arrived at src, 1, Elevator call,80.56754743307536,1,0,2,0
86.0, elevID,0,  pos,1,  cmd, goto,0
, elevID,0,  pos,0,  WRONG cmd, stop,0,  the elevator is not moving!
97.0,Elev,0,  arrived at dest, 0, this call is done!, Elevator call,64.38547514955395,1,0,3,0, Done, dt, 32.614524850446045
97.0,Elev,0,  arrived at dest, 0, this call is done!, Elevator call,72.26161212799506,1,0,3,0, Done, dt, 24.738387872004935
97.0,Elev,0,  arrived at dest, 0, this call is done!, Elevator call,80.56754743307536,1,0,3,0, Done, dt, 16.43245256692464
97.0, elevID,0,  pos,0,  cmd, goto,1
100.0,************* Simulation Ended ************
Code Owners,101309018123456789,  Case,0,  Total waiting time: 231.9897426188186,  average waiting time per call: 23.19897426188186,  unCompleted calls,0,  certificate, -101309017520635490
