**** The Simulator log: stage 2
0.0,OOP_Ex0_Elevator_Simulator
0.0,Simulated Building, ex0.simulator.Builging_A [-2,10]
0) ex0.simulator.Elevator_A, Elev_0, speed: 1.0, open/close: 2.0,  start/stop: 3.0
1) ex0.simulator.Elevator_A, Elev_1, speed: 1.0, open/close: 2.0,  start/stop: 3.0
0.0,Simulated Period starTime,0.0,  endTime,1000.0,  dt,1.0
0.0,Simulated  calls,Elevetor log, size: 100
0.0,**** Simulation starts!! ****
5.0,Elevator call,4.374727290393253,0,-1,1,0, got allocated to elevator, 0
5.0, elevID,0,  pos,-2,  cmd, goto,-2
6.0, elevID,0,  pos,-2,  cmd, goto,-2
7.0, elevID,0,  pos,-2,  cmd, goto,-2
8.0, elevID,0,  pos,-2,  cmd, goto,-2
9.0, elevID,0,  pos,-2,  cmd, goto,-2
10.0, elevID,0,  pos,-2,  cmd, goto,-2
11.0, elevID,0,  pos,-2,  cmd, goto,-2
12.0, elevID,0,  pos,-2,  cmd, goto,-2
13.0, elevID,0,  pos,-2,  cmd, goto,-2
14.0, elevID,0,  pos,-2,  cmd, goto,-2
15.0, elevID,0,  pos,-2,  cmd, goto,-2
16.0, elevID,0,  pos,-2,  cmd, goto,-2
17.0,Elevator call,16.957882888088932,-1,0,1,0, got allocated to elevator, 0
17.0, elevID,0,  pos,-2,  cmd, goto,-2
18.0, elevID,0,  pos,-2,  cmd, goto,-2
19.0, elevID,0,  pos,-2,  cmd, goto,-2
20.0, elevID,0,  pos,-2,  cmd, goto,-2
21.0, elevID,0,  pos,-2,  cmd, goto,-2
22.0, elevID,0,  pos,-2,  cmd, goto,-2
23.0,Elevator call,22.094056301593582,0,-1,1,1, got allocated to elevator, 1
23.0, elevID,0,  pos,-2,  cmd, goto,-2
23.0, elevID,1,  pos,-2,  cmd, goto,-2
24.0, elevID,0,  pos,-2,  cmd, goto,-2
24.0, elevID,1,  pos,-2,  cmd, goto,-2
25.0, elevID,0,  pos,-2,  cmd, goto,-2
25.0, elevID,1,  pos,-2,  cmd, goto,-2
26.0, elevID,0,  pos,-2,  cmd, goto,-2
26.0, elevID,1,  pos,-2,  cmd, goto,-2
27.0, elevID,0,  pos,-2,  cmd, goto,-2
27.0, elevID,1,  pos,-2,  cmd, goto,-2
28.0, elevID,0,  pos,-2,  cmd, goto,-2
28.0, elevID,1,  pos,-2,  cmd, goto,-2
29.0, elevID,0,  pos,-2,  cmd, goto,-2
29.0, elevID,1,  pos,-2,  cmd, goto,-2
30.0, elevID,0,  pos,-2,  cmd, goto,-2
30.0, elevID,1,  pos,-2,  cmd, goto,-2
31.0, elevID,0,  pos,-2,  cmd, goto,-2
31.0, elevID,1,  pos,-2,  cmd, goto,-2
32.0, elevID,0,  pos,-2,  cmd, goto,-2
32.0, elevID,1,  pos,-2,  cmd, goto,-2
33.0, elevID,0,  pos,-2,  cmd, goto,-2
33.0, elevID,1,  pos,-2,  cmd, goto,-2
34.0, elevID,0,  pos,-2,  cmd, goto,-2
34.0, elevID,1,  pos,-2,  cmd, goto,-2
35.0, elevID,0,  pos,-2,  cmd, goto,-2
35.0, elevID,1,  pos,-2,  cmd, goto,-2
36.0, elevID,0,  pos,-2,  cmd, goto,-2
36.0, elevID,1,  pos,-2,  cmd, goto,-2
37.0, elevID,0,  pos,-2,  cmd, goto,-2
37.0, elevID,1,  pos,-2,  cmd, goto,-2
38.0, elevID,0,  pos,-2,  cmd, goto,-2
38.0, elevID,1,  pos,-2,  cmd, goto,-2
39.0, elevID,0,  pos,-2,  cmd, goto,-2
39.0, elevID,1,  pos,-2,  cmd, goto,-2
40.0, elevID,0,  pos,-2,  cmd, goto,-2
40.0, elevID,1,  pos,-2,  cmd, goto,-2
41.0, elevID,0,  pos,-2,  cmd, goto,-2
41.0, elevID,1,  pos,-2,  cmd, goto,-2
42.0, elevID,0,  pos,-2,  cmd, goto,-2
42.0, elevID,1,  pos,-2,  cmd, goto,-2
43.0, elevID,0,  pos,-2,  cmd, goto,-2
43.0, elevID,1,  pos,-2,  cmd, goto,-2
44.0, elevID,0,  pos,-2,  cmd, goto,-2
44.0, elevID,1,  pos,-2,  cmd, goto,-2
45.0, elevID,0,  pos,-2,  cmd, goto,-2
45.0, elevID,1,  pos,-2,  cmd, goto,-2
46.0, elevID,0,  pos,-2,  cmd, goto,-2
46.0, elevID,1,  pos,-2,  cmd, goto,-2
47.0, elevID,0,  pos,-2,  cmd, goto,-2
47.0, elevID,1,  pos,-2,  cmd, goto,-2
48.0, elevID,0,  pos,-2,  cmd, goto,-2
48.0, elevID,1,  pos,-2,  cmd, goto,-2
49.0, elevID,0,  pos,-2,  cmd, goto,-2
49.0, elevID,1,  pos,-2,  cmd, goto,-2
50.0, elevID,0,  pos,-2,  cmd, goto,-2
50.0, elevID,1,  pos,-2,  cmd, goto,-2
51.0, elevID,0,  pos,-2,  cmd, goto,-2
51.0, elevID,1,  pos,-2,  cmd, goto,-2
52.0, elevID,0,  pos,-2,  cmd, goto,-2
52.0, elevID,1,  pos,-2,  cmd, goto,-2
53.0, elevID,0,  pos,-2,  cmd, goto,-2
53.0, elevID,1,  pos,-2,  cmd, goto,-2
54.0, elevID,0,  pos,-2,  cmd, goto,-2
54.0, elevID,1,  pos,-2,  cmd, goto,-2
55.0, elevID,0,  pos,-2,  cmd, goto,-2
55.0, elevID,1,  pos,-2,  cmd, goto,-2
56.0, elevID,0,  pos,-2,  cmd, goto,-2
56.0, elevID,1,  pos,-2,  cmd, goto,-2
57.0, elevID,0,  pos,-2,  cmd, goto,-2
57.0, elevID,1,  pos,-2,  cmd, goto,-2
58.0, elevID,0,  pos,-2,  cmd, goto,-2
58.0, elevID,1,  pos,-2,  cmd, goto,-2
59.0, elevID,0,  pos,-2,  cmd, goto,-2
59.0, elevID,1,  pos,-2,  cmd, goto,-2
60.0, elevID,0,  pos,-2,  cmd, goto,-2
60.0, elevID,1,  pos,-2,  cmd, goto,-2
61.0, elevID,0,  pos,-2,  cmd, goto,-2
61.0, elevID,1,  pos,-2,  cmd, goto,-2
62.0, elevID,0,  pos,-2,  cmd, goto,-2
62.0, elevID,1,  pos,-2,  cmd, goto,-2
63.0, elevID,0,  pos,-2,  cmd, goto,-2
63.0, elevID,1,  pos,-2,  cmd, goto,-2
64.0, elevID,0,  pos,-2,  cmd, goto,-2
64.0, elevID,1,  pos,-2,  cmd, goto,-2
65.0, elevID,0,  pos,-2,  cmd, goto,-2
65.0, elevID,1,  pos,-2,  cmd, goto,-2
66.0, elevID,0,  pos,-2,  cmd, goto,-2
66.0, elevID,1,  pos,-2,  cmd, goto,-2
67.0, elevID,0,  pos,-2,  cmd, goto,-2
67.0, elevID,1,  pos,-2,  cmd, goto,-2
68.0, elevID,0,  pos,-2,  cmd, goto,-2
68.0, elevID,1,  pos,-2,  cmd, goto,-2
69.0, elevID,0,  pos,-2,  cmd, goto,-2
69.0, elevID,1,  pos,-2,  cmd, goto,-2
70.0, elevID,0,  pos,-2,  cmd, goto,-2
70.0, elevID,1,  pos,-2,  cmd, goto,-2
71.0, elevID,0,  pos,-2,  cmd, goto,-2
71.0, elevID,1,  pos,-2,  cmd, goto,-2
72.0, elevID,0,  pos,-2,  cmd, goto,-2
72.0, elevID,1,  pos,-2,  cmd, goto,-2
73.0, elevID,0,  pos,-2,  cmd, goto,-2
73.0, elevID,1,  pos,-2,  cmd, goto,-2
74.0, elevID,0,  pos,-2,  cmd, goto,-2
74.0, elevID,1,  pos,-2,  cmd, goto,-2
75.0, elevID,0,  pos,-2,  cmd, goto,-2
75.0, elevID,1,  pos,-2,  cmd, goto,-2
76.0, elevID,0,  pos,-2,  cmd, goto,-2
76.0, elevID,1,  pos,-2,  cmd, goto,-2
77.0, elevID,0,  pos,-2,  cmd, goto,-2
77.0, elevID,1,  pos,-2,  cmd, goto,-2
78.0, elevID,0,  pos,-2,  cmd, goto,-2
78.0, elevID,1,  pos,-2,  cmd, goto,-2
79.0, elevID,0,  pos,-2,  cmd, goto,-2
79.0, elevID,1,  pos,-2,  cmd, goto,-2
80.0, elevID,0,  pos,-2,  cmd, goto,-2
80.0, elevID,1,  pos,-2,  cmd, goto,-2
81.0, elevID,0,  pos,-2,  cmd, goto,-2
81.0, elevID,1,  pos,-2,  cmd, goto,-2
82.0, elevID,0,  pos,-2,  cmd, goto,-2
82.0, elevID,1,  pos,-2,  cmd, goto,-2
83.0, elevID,0,  pos,-2,  cmd, goto,-2
83.0, elevID,1,  pos,-2,  cmd, goto,-2
84.0, elevID,0,  pos,-2,  cmd, goto,-2
84.0, elevID,1,  pos,-2,  cmd, goto,-2
85.0, elevID,0,  pos,-2,  cmd, goto,-2
85.0, elevID,1,  pos,-2,  cmd, goto,-2
86.0,Elevator call,85.5209666204754,3,2,1,1, got allocated to elevator, 1
86.0, elevID,0,  pos,-2,  cmd, goto,-2
86.0, elevID,1,  pos,-2,  cmd, goto,-2
87.0, elevID,0,  pos,-2,  cmd, goto,-2
87.0, elevID,1,  pos,-2,  cmd, goto,-2
88.0, elevID,0,  pos,-2,  cmd, goto,-2
88.0, elevID,1,  pos,-2,  cmd, goto,-2
89.0, elevID,0,  pos,-2,  cmd, goto,-2
89.0, elevID,1,  pos,-2,  cmd, goto,-2
90.0, elevID,0,  pos,-2,  cmd, goto,-2
90.0, elevID,1,  pos,-2,  cmd, goto,-2
91.0, elevID,0,  pos,-2,  cmd, goto,-2
91.0, elevID,1,  pos,-2,  cmd, goto,-2
92.0,Elevator call,91.21019413453945,-1,-2,1,0, got allocated to elevator, 0
92.0, elevID,0,  pos,-2,  cmd, goto,-2
92.0, elevID,1,  pos,-2,  cmd, goto,-2
93.0, elevID,0,  pos,-2,  cmd, goto,-2
93.0, elevID,1,  pos,-2,  cmd, goto,-2
94.0, elevID,0,  pos,-2,  cmd, goto,-2
94.0, elevID,1,  pos,-2,  cmd, goto,-2
95.0, elevID,0,  pos,-2,  cmd, goto,-2
95.0, elevID,1,  pos,-2,  cmd, goto,-2
96.0, elevID,0,  pos,-2,  cmd, goto,-2
96.0, elevID,1,  pos,-2,  cmd, goto,-2
97.0, elevID,0,  pos,-2,  cmd, goto,-2
97.0, elevID,1,  pos,-2,  cmd, goto,-2
98.0, elevID,0,  pos,-2,  cmd, goto,-2
98.0, elevID,1,  pos,-2,  cmd, goto,-2
99.0, elevID,0,  pos,-2,  cmd, goto,-2
99.0, elevID,1,  pos,-2,  cmd, goto,-2
100.0, elevID,0,  pos,-2,  cmd, goto,-2
100.0, elevID,1,  pos,-2,  cmd, goto,-2
101.0, elevID,0,  pos,-2,  cmd, goto,-2
101.0, elevID,1,  pos,-2,  cmd, goto,-2
102.0, elevID,0,  pos,-2,  cmd, goto,-2
102.0, elevID,1,  pos,-2,  cmd, goto,-2
103.0, elevID,0,  pos,-2,  cmd, goto,-2
103.0, elevID,1,  pos,-2,  cmd, goto,-2
104.0, elevID,0,  pos,-2,  cmd, goto,-2
104.0, elevID,1,  pos,-2,  cmd, goto,-2
105.0,Elevator call,104.13701241869234,0,4,1,1, got allocated to elevator, 1
105.0, elevID,0,  pos,-2,  cmd, goto,-2
105.0, elevID,1,  pos,-2,  cmd, goto,-2
106.0, elevID,0,  pos,-2,  cmd, goto,-2
106.0, elevID,1,  pos,-2,  cmd, goto,-2
107.0, elevID,0,  pos,-2,  cmd, goto,-2
107.0, elevID,1,  pos,-2,  cmd, goto,-2
108.0, elevID,0,  pos,-2,  cmd, goto,-2
108.0, elevID,1,  pos,-2,  cmd, goto,-2
109.0, elevID,0,  pos,-2,  cmd, goto,-2
109.0, elevID,1,  pos,-2,  cmd, goto,-2
110.0,Elevator call,109.21352909346587,-1,0,1,0, got allocated to elevator, 0
110.0, elevID,0,  pos,-2,  cmd, goto,-2
110.0, elevID,1,  pos,-2,  cmd, goto,-2
111.0, elevID,0,  pos,-2,  cmd, goto,-2
111.0, elevID,1,  pos,-2,  cmd, goto,-2
112.0, elevID,0,  pos,-2,  cmd, goto,-2
112.0, elevID,1,  pos,-2,  cmd, goto,-2
113.0, elevID,0,  pos,-2,  cmd, goto,-2
113.0, elevID,1,  pos,-2,  cmd, goto,-2
114.0, elevID,0,  pos,-2,  cmd, goto,-2
114.0, elevID,1,  pos,-2,  cmd, goto,-2
115.0,Elevator call,114.39235096774041,3,0,1,0, got allocated to elevator, 0
115.0, elevID,0,  pos,-2,  cmd, goto,-2
115.0, elevID,1,  pos,-2,  cmd, goto,-2
116.0, elevID,0,  pos,-2,  cmd, goto,-2
116.0, elevID,1,  pos,-2,  cmd, goto,-2
117.0, elevID,0,  pos,-2,  cmd, goto,-2
117.0, elevID,1,  pos,-2,  cmd, goto,-2
118.0, elevID,0,  pos,-2,  cmd, goto,-2
118.0, elevID,1,  pos,-2,  cmd, goto,-2
119.0, elevID,0,  pos,-2,  cmd, goto,-2
119.0, elevID,1,  pos,-2,  cmd, goto,-2
120.0, elevID,0,  pos,-2,  cmd, goto,-2
120.0, elevID,1,  pos,-2,  cmd, goto,-2
121.0, elevID,0,  pos,-2,  cmd, goto,-2
121.0, elevID,1,  pos,-2,  cmd, goto,-2
122.0, elevID,0,  pos,-2,  cmd, goto,-2
122.0, elevID,1,  pos,-2,  cmd, goto,-2
123.0, elevID,0,  pos,-2,  cmd, goto,-2
123.0, elevID,1,  pos,-2,  cmd, goto,-2
124.0, elevID,0,  pos,-2,  cmd, goto,-2
124.0, elevID,1,  pos,-2,  cmd, goto,-2
125.0,Elevator call,124.42557095980362,0,9,1,1, got allocated to elevator, 1
125.0, elevID,0,  pos,-2,  cmd, goto,-2
125.0, elevID,1,  pos,-2,  cmd, goto,-2
126.0, elevID,0,  pos,-2,  cmd, goto,-2
126.0, elevID,1,  pos,-2,  cmd, goto,-2
127.0, elevID,0,  pos,-2,  cmd, goto,-2
127.0, elevID,1,  pos,-2,  cmd, goto,-2
128.0, elevID,0,  pos,-2,  cmd, goto,-2
128.0, elevID,1,  pos,-2,  cmd, goto,-2
129.0, elevID,0,  pos,-2,  cmd, goto,-2
129.0, elevID,1,  pos,-2,  cmd, goto,-2
130.0, elevID,0,  pos,-2,  cmd, goto,-2
130.0, elevID,1,  pos,-2,  cmd, goto,-2
131.0,Elevator call,130.02495678190564,8,10,1,1, got allocated to elevator, 1
131.0,Elevator call,130.224911275492,-1,1,1,1, got allocated to elevator, 1
131.0, elevID,0,  pos,-2,  cmd, goto,-2
131.0, elevID,1,  pos,-2,  cmd, goto,-2
132.0, elevID,0,  pos,-2,  cmd, goto,-2
132.0, elevID,1,  pos,-2,  cmd, goto,-2
133.0, elevID,0,  pos,-2,  cmd, goto,-2
133.0, elevID,1,  pos,-2,  cmd, goto,-2
134.0, elevID,0,  pos,-2,  cmd, goto,-2
134.0, elevID,1,  pos,-2,  cmd, goto,-2
135.0, elevID,0,  pos,-2,  cmd, goto,-2
135.0, elevID,1,  pos,-2,  cmd, goto,-2
136.0, elevID,0,  pos,-2,  cmd, goto,-2
136.0, elevID,1,  pos,-2,  cmd, goto,-2
137.0, elevID,0,  pos,-2,  cmd, goto,-2
137.0, elevID,1,  pos,-2,  cmd, goto,-2
138.0,Elevator call,137.9515274326701,0,4,1,1, got allocated to elevator, 1
138.0, elevID,0,  pos,-2,  cmd, goto,-2
138.0, elevID,1,  pos,-2,  cmd, goto,-2
139.0, elevID,0,  pos,-2,  cmd, goto,-2
139.0, elevID,1,  pos,-2,  cmd, goto,-2
140.0, elevID,0,  pos,-2,  cmd, goto,-2
140.0, elevID,1,  pos,-2,  cmd, goto,-2
141.0, elevID,0,  pos,-2,  cmd, goto,-2
141.0, elevID,1,  pos,-2,  cmd, goto,-2
142.0, elevID,0,  pos,-2,  cmd, goto,-2
142.0, elevID,1,  pos,-2,  cmd, goto,-2
143.0, elevID,0,  pos,-2,  cmd, goto,-2
143.0, elevID,1,  pos,-2,  cmd, goto,-2
144.0,Elevator call,143.91335838799415,0,6,1,1, got allocated to elevator, 1
144.0, elevID,0,  pos,-2,  cmd, goto,-2
144.0, elevID,1,  pos,-2,  cmd, goto,-2
145.0, elevID,0,  pos,-2,  cmd, goto,-2
145.0, elevID,1,  pos,-2,  cmd, goto,-2
146.0, elevID,0,  pos,-2,  cmd, goto,-2
146.0, elevID,1,  pos,-2,  cmd, goto,-2
147.0, elevID,0,  pos,-2,  cmd, goto,-2
147.0, elevID,1,  pos,-2,  cmd, goto,-2
148.0, elevID,0,  pos,-2,  cmd, goto,-2
148.0, elevID,1,  pos,-2,  cmd, goto,-2
149.0, elevID,0,  pos,-2,  cmd, goto,-2
149.0, elevID,1,  pos,-2,  cmd, goto,-2
150.0, elevID,0,  pos,-2,  cmd, goto,-2
150.0, elevID,1,  pos,-2,  cmd, goto,-2
151.0, elevID,0,  pos,-2,  cmd, goto,-2
151.0, elevID,1,  pos,-2,  cmd, goto,-2
152.0, elevID,0,  pos,-2,  cmd, goto,-2
152.0, elevID,1,  pos,-2,  cmd, goto,-2
153.0, elevID,0,  pos,-2,  cmd, goto,-2
153.0, elevID,1,  pos,-2,  cmd, goto,-2
154.0, elevID,0,  pos,-2,  cmd, goto,-2
154.0, elevID,1,  pos,-2,  cmd, goto,-2
155.0, elevID,0,  pos,-2,  cmd, goto,-2
155.0, elevID,1,  pos,-2,  cmd, goto,-2
156.0, elevID,0,  pos,-2,  cmd, goto,-2
156.0, elevID,1,  pos,-2,  cmd, goto,-2
157.0, elevID,0,  pos,-2,  cmd, goto,-2
157.0, elevID,1,  pos,-2,  cmd, goto,-2
158.0, elevID,0,  pos,-2,  cmd, goto,-2
158.0, elevID,1,  pos,-2,  cmd, goto,-2
159.0, elevID,0,  pos,-2,  cmd, goto,-2
159.0, elevID,1,  pos,-2,  cmd, goto,-2
160.0, elevID,0,  pos,-2,  cmd, goto,-2
160.0, elevID,1,  pos,-2,  cmd, goto,-2
161.0, elevID,0,  pos,-2,  cmd, goto,-2
161.0, elevID,1,  pos,-2,  cmd, goto,-2
162.0, elevID,0,  pos,-2,  cmd, goto,-2
162.0, elevID,1,  pos,-2,  cmd, goto,-2
163.0, elevID,0,  pos,-2,  cmd, goto,-2
163.0, elevID,1,  pos,-2,  cmd, goto,-2
164.0, elevID,0,  pos,-2,  cmd, goto,-2
164.0, elevID,1,  pos,-2,  cmd, goto,-2
165.0, elevID,0,  pos,-2,  cmd, goto,-2
165.0, elevID,1,  pos,-2,  cmd, goto,-2
166.0, elevID,0,  pos,-2,  cmd, goto,-2
166.0, elevID,1,  pos,-2,  cmd, goto,-2
167.0, elevID,0,  pos,-2,  cmd, goto,-2
167.0, elevID,1,  pos,-2,  cmd, goto,-2
168.0, elevID,0,  pos,-2,  cmd, goto,-2
168.0, elevID,1,  pos,-2,  cmd, goto,-2
169.0, elevID,0,  pos,-2,  cmd, goto,-2
169.0, elevID,1,  pos,-2,  cmd, goto,-2
170.0,Elevator call,169.78458339380109,-1,0,1,0, got allocated to elevator, 0
170.0, elevID,0,  pos,-2,  cmd, goto,-2
170.0, elevID,1,  pos,-2,  cmd, goto,-2
171.0,Elevator call,170.0099620835246,0,6,1,1, got allocated to elevator, 1
171.0, elevID,0,  pos,-2,  cmd, goto,-2
171.0, elevID,1,  pos,-2,  cmd, goto,-2
172.0,Elevator call,171.21173315221364,-1,8,1,0, got allocated to elevator, 0
172.0, elevID,0,  pos,-2,  cmd, goto,-2
172.0, elevID,1,  pos,-2,  cmd, goto,-2
173.0, elevID,0,  pos,-2,  cmd, goto,-2
173.0, elevID,1,  pos,-2,  cmd, goto,-2
174.0, elevID,0,  pos,-2,  cmd, goto,-2
174.0, elevID,1,  pos,-2,  cmd, goto,-2
175.0,Elevator call,174.84385152106802,0,-1,1,0, got allocated to elevator, 0
175.0, elevID,0,  pos,-2,  cmd, goto,-2
175.0, elevID,1,  pos,-2,  cmd, goto,-2
176.0, elevID,0,  pos,-2,  cmd, goto,-2
176.0, elevID,1,  pos,-2,  cmd, goto,-2
177.0, elevID,0,  pos,-2,  cmd, goto,-2
177.0, elevID,1,  pos,-2,  cmd, goto,-2
178.0, elevID,0,  pos,-2,  cmd, goto,-2
178.0, elevID,1,  pos,-2,  cmd, goto,-2
179.0, elevID,0,  pos,-2,  cmd, goto,-2
179.0, elevID,1,  pos,-2,  cmd, goto,-2
180.0, elevID,0,  pos,-2,  cmd, goto,-2
180.0, elevID,1,  pos,-2,  cmd, goto,-2
181.0, elevID,0,  pos,-2,  cmd, goto,-2
181.0, elevID,1,  pos,-2,  cmd, goto,-2
182.0, elevID,0,  pos,-2,  cmd, goto,-2
182.0, elevID,1,  pos,-2,  cmd, goto,-2
183.0, elevID,0,  pos,-2,  cmd, goto,-2
183.0, elevID,1,  pos,-2,  cmd, goto,-2
184.0, elevID,0,  pos,-2,  cmd, goto,-2
184.0, elevID,1,  pos,-2,  cmd, goto,-2
185.0, elevID,0,  pos,-2,  cmd, goto,-2
185.0, elevID,1,  pos,-2,  cmd, goto,-2
186.0, elevID,0,  pos,-2,  cmd, goto,-2
186.0, elevID,1,  pos,-2,  cmd, goto,-2
187.0, elevID,0,  pos,-2,  cmd, goto,-2
187.0, elevID,1,  pos,-2,  cmd, goto,-2
188.0,Elevator call,187.11678617348463,-1,-2,1,0, got allocated to elevator, 0
188.0,Elevator call,187.7299317966884,-1,-2,1,0, got allocated to elevator, 0
188.0, elevID,0,  pos,-2,  cmd, goto,-2
188.0, elevID,1,  pos,-2,  cmd, goto,-2
189.0, elevID,0,  pos,-2,  cmd, goto,-2
189.0, elevID,1,  pos,-2,  cmd, goto,-2
190.0, elevID,0,  pos,-2,  cmd, goto,-2
190.0, elevID,1,  pos,-2,  cmd, goto,-2
191.0, elevID,0,  pos,-2,  cmd, goto,-2
191.0, elevID,1,  pos,-2,  cmd, goto,-2
192.0, elevID,0,  pos,-2,  cmd, goto,-2
192.0, elevID,1,  pos,-2,  cmd, goto,-2
193.0, elevID,0,  pos,-2,  cmd, goto,-2
193.0, elevID,1,  pos,-2,  cmd, goto,-2
194.0, elevID,0,  pos,-2,  cmd, goto,-2
194.0, elevID,1,  pos,-2,  cmd, goto,-2
195.0, elevID,0,  pos,-2,  cmd, goto,-2
195.0, elevID,1,  pos,-2,  cmd, goto,-2
196.0,Elevator call,195.90869649656992,0,7,1,0, got allocated to elevator, 0
196.0, elevID,0,  pos,-2,  cmd, goto,-2
196.0, elevID,1,  pos,-2,  cmd, goto,-2
197.0, elevID,0,  pos,-2,  cmd, goto,-2
197.0, elevID,1,  pos,-2,  cmd, goto,-2
198.0,Elevator call,197.5359191292572,-1,1,1,0, got allocated to elevator, 0
198.0, elevID,0,  pos,-2,  cmd, goto,-2
198.0, elevID,1,  pos,-2,  cmd, goto,-2
199.0, elevID,0,  pos,-2,  cmd, goto,-2
199.0, elevID,1,  pos,-2,  cmd, goto,-2
200.0, elevID,0,  pos,-2,  cmd, goto,-2
200.0, elevID,1,  pos,-2,  cmd, goto,-2
201.0, elevID,0,  pos,-2,  cmd, goto,-2
201.0, elevID,1,  pos,-2,  cmd, goto,-2
202.0, elevID,0,  pos,-2,  cmd, goto,-2
202.0, elevID,1,  pos,-2,  cmd, goto,-2
203.0, elevID,0,  pos,-2,  cmd, goto,-2
203.0, elevID,1,  pos,-2,  cmd, goto,-2
204.0, elevID,0,  pos,-2,  cmd, goto,-2
204.0, elevID,1,  pos,-2,  cmd, goto,-2
205.0, elevID,0,  pos,-2,  cmd, goto,-2
205.0, elevID,1,  pos,-2,  cmd, goto,-2
206.0,Elevator call,205.9895199338651,-1,0,1,0, got allocated to elevator, 0
206.0, elevID,0,  pos,-2,  cmd, goto,-2
206.0, elevID,1,  pos,-2,  cmd, goto,-2
207.0, elevID,0,  pos,-2,  cmd, goto,-2
207.0, elevID,1,  pos,-2,  cmd, goto,-2
208.0, elevID,0,  pos,-2,  cmd, goto,-2
208.0, elevID,1,  pos,-2,  cmd, goto,-2
209.0, elevID,0,  pos,-2,  cmd, goto,-2
209.0, elevID,1,  pos,-2,  cmd, goto,-2
210.0, elevID,0,  pos,-2,  cmd, goto,-2
210.0, elevID,1,  pos,-2,  cmd, goto,-2
211.0, elevID,0,  pos,-2,  cmd, goto,-2
211.0, elevID,1,  pos,-2,  cmd, goto,-2
212.0, elevID,0,  pos,-2,  cmd, goto,-2
212.0, elevID,1,  pos,-2,  cmd, goto,-2
213.0, elevID,0,  pos,-2,  cmd, goto,-2
213.0, elevID,1,  pos,-2,  cmd, goto,-2
214.0, elevID,0,  pos,-2,  cmd, goto,-2
214.0, elevID,1,  pos,-2,  cmd, goto,-2
215.0, elevID,0,  pos,-2,  cmd, goto,-2
215.0, elevID,1,  pos,-2,  cmd, goto,-2
216.0, elevID,0,  pos,-2,  cmd, goto,-2
216.0, elevID,1,  pos,-2,  cmd, goto,-2
217.0, elevID,0,  pos,-2,  cmd, goto,-2
217.0, elevID,1,  pos,-2,  cmd, goto,-2
218.0, elevID,0,  pos,-2,  cmd, goto,-2
218.0, elevID,1,  pos,-2,  cmd, goto,-2
219.0, elevID,0,  pos,-2,  cmd, goto,-2
219.0, elevID,1,  pos,-2,  cmd, goto,-2
220.0, elevID,0,  pos,-2,  cmd, goto,-2
220.0, elevID,1,  pos,-2,  cmd, goto,-2
221.0, elevID,0,  pos,-2,  cmd, goto,-2
221.0, elevID,1,  pos,-2,  cmd, goto,-2
222.0, elevID,0,  pos,-2,  cmd, goto,-2
222.0, elevID,1,  pos,-2,  cmd, goto,-2
223.0, elevID,0,  pos,-2,  cmd, goto,-2
223.0, elevID,1,  pos,-2,  cmd, goto,-2
224.0, elevID,0,  pos,-2,  cmd, goto,-2
224.0, elevID,1,  pos,-2,  cmd, goto,-2
225.0, elevID,0,  pos,-2,  cmd, goto,-2
225.0, elevID,1,  pos,-2,  cmd, goto,-2
226.0, elevID,0,  pos,-2,  cmd, goto,-2
226.0, elevID,1,  pos,-2,  cmd, goto,-2
227.0, elevID,0,  pos,-2,  cmd, goto,-2
227.0, elevID,1,  pos,-2,  cmd, goto,-2
228.0,Elevator call,227.0798304557929,-1,5,1,0, got allocated to elevator, 0
228.0, elevID,0,  pos,-2,  cmd, goto,-2
228.0, elevID,1,  pos,-2,  cmd, goto,-2
229.0, elevID,0,  pos,-2,  cmd, goto,-2
229.0, elevID,1,  pos,-2,  cmd, goto,-2
230.0, elevID,0,  pos,-2,  cmd, goto,-2
230.0, elevID,1,  pos,-2,  cmd, goto,-2
231.0, elevID,0,  pos,-2,  cmd, goto,-2
231.0, elevID,1,  pos,-2,  cmd, goto,-2
232.0,Elevator call,231.51578817426258,-1,0,1,0, got allocated to elevator, 0
232.0, elevID,0,  pos,-2,  cmd, goto,-2
232.0, elevID,1,  pos,-2,  cmd, goto,-2
233.0,Elevator call,232.95043623946805,0,-1,1,1, got allocated to elevator, 1
233.0, elevID,0,  pos,-2,  cmd, goto,-2
233.0, elevID,1,  pos,-2,  cmd, goto,-2
234.0, elevID,0,  pos,-2,  cmd, goto,-2
234.0, elevID,1,  pos,-2,  cmd, goto,-2
235.0, elevID,0,  pos,-2,  cmd, goto,-2
235.0, elevID,1,  pos,-2,  cmd, goto,-2
236.0, elevID,0,  pos,-2,  cmd, goto,-2
236.0, elevID,1,  pos,-2,  cmd, goto,-2
237.0, elevID,0,  pos,-2,  cmd, goto,-2
237.0, elevID,1,  pos,-2,  cmd, goto,-2
238.0, elevID,0,  pos,-2,  cmd, goto,-2
238.0, elevID,1,  pos,-2,  cmd, goto,-2
239.0, elevID,0,  pos,-2,  cmd, goto,-2
239.0, elevID,1,  pos,-2,  cmd, goto,-2
240.0, elevID,0,  pos,-2,  cmd, goto,-2
240.0, elevID,1,  pos,-2,  cmd, goto,-2
241.0, elevID,0,  pos,-2,  cmd, goto,-2
241.0, elevID,1,  pos,-2,  cmd, goto,-2
242.0, elevID,0,  pos,-2,  cmd, goto,-2
242.0, elevID,1,  pos,-2,  cmd, goto,-2
243.0, elevID,0,  pos,-2,  cmd, goto,-2
243.0, elevID,1,  pos,-2,  cmd, goto,-2
244.0, elevID,0,  pos,-2,  cmd, goto,-2
244.0, elevID,1,  pos,-2,  cmd, goto,-2
245.0, elevID,0,  pos,-2,  cmd, goto,-2
245.0, elevID,1,  pos,-2,  cmd, goto,-2
246.0, elevID,0,  pos,-2,  cmd, goto,-2
246.0, elevID,1,  pos,-2,  cmd, goto,-2
247.0, elevID,0,  pos,-2,  cmd, goto,-2
247.0, elevID,1,  pos,-2,  cmd, goto,-2
248.0, elevID,0,  pos,-2,  cmd, goto,-2
248.0, elevID,1,  pos,-2,  cmd, goto,-2
249.0, elevID,0,  pos,-2,  cmd, goto,-2
249.0, elevID,1,  pos,-2,  cmd, goto,-2
250.0, elevID,0,  pos,-2,  cmd, goto,-2
250.0, elevID,1,  pos,-2,  cmd, goto,-2
251.0, elevID,0,  pos,-2,  cmd, goto,-2
251.0, elevID,1,  pos,-2,  cmd, goto,-2
252.0,Elevator call,251.10444690749756,-1,-2,1,0, got allocated to elevator, 0
252.0,Elevator call,251.23593354161653,0,9,1,0, got allocated to elevator, 0
252.0, elevID,0,  pos,-2,  cmd, goto,-2
252.0, elevID,1,  pos,-2,  cmd, goto,-2
253.0, elevID,0,  pos,-2,  cmd, goto,-2
253.0, elevID,1,  pos,-2,  cmd, goto,-2
254.0, elevID,0,  pos,-2,  cmd, goto,-2
254.0, elevID,1,  pos,-2,  cmd, goto,-2
255.0,Elevator call,254.69771525200505,3,4,1,1, got allocated to elevator, 1
255.0, elevID,0,  pos,-2,  cmd, goto,-2
255.0, elevID,1,  pos,-2,  cmd, goto,-2
256.0, elevID,0,  pos,-2,  cmd, goto,-2
256.0, elevID,1,  pos,-2,  cmd, goto,-2
257.0, elevID,0,  pos,-2,  cmd, goto,-2
257.0, elevID,1,  pos,-2,  cmd, goto,-2
258.0,Elevator call,257.7974435335086,-1,0,1,0, got allocated to elevator, 0
258.0, elevID,0,  pos,-2,  cmd, goto,-2
258.0, elevID,1,  pos,-2,  cmd, goto,-2
259.0, elevID,0,  pos,-2,  cmd, goto,-2
259.0, elevID,1,  pos,-2,  cmd, goto,-2
260.0, elevID,0,  pos,-2,  cmd, goto,-2
260.0, elevID,1,  pos,-2,  cmd, goto,-2
261.0, elevID,0,  pos,-2,  cmd, goto,-2
261.0, elevID,1,  pos,-2,  cmd, goto,-2
262.0, elevID,0,  pos,-2,  cmd, goto,-2
262.0, elevID,1,  pos,-2,  cmd, goto,-2
263.0, elevID,0,  pos,-2,  cmd, goto,-2
263.0, elevID,1,  pos,-2,  cmd, goto,-2
264.0, elevID,0,  pos,-2,  cmd, goto,-2
264.0, elevID,1,  pos,-2,  cmd, goto,-2
265.0, elevID,0,  pos,-2,  cmd, goto,-2
265.0, elevID,1,  pos,-2,  cmd, goto,-2
266.0, elevID,0,  pos,-2,  cmd, goto,-2
266.0, elevID,1,  pos,-2,  cmd, goto,-2
267.0, elevID,0,  pos,-2,  cmd, goto,-2
267.0, elevID,1,  pos,-2,  cmd, goto,-2
268.0, elevID,0,  pos,-2,  cmd, goto,-2
268.0, elevID,1,  pos,-2,  cmd, goto,-2
269.0, elevID,0,  pos,-2,  cmd, goto,-2
269.0, elevID,1,  pos,-2,  cmd, goto,-2
270.0, elevID,0,  pos,-2,  cmd, goto,-2
270.0, elevID,1,  pos,-2,  cmd, goto,-2
271.0, elevID,0,  pos,-2,  cmd, goto,-2
271.0, elevID,1,  pos,-2,  cmd, goto,-2
272.0, elevID,0,  pos,-2,  cmd, goto,-2
272.0, elevID,1,  pos,-2,  cmd, goto,-2
273.0, elevID,0,  pos,-2,  cmd, goto,-2
273.0, elevID,1,  pos,-2,  cmd, goto,-2
274.0, elevID,0,  pos,-2,  cmd, goto,-2
274.0, elevID,1,  pos,-2,  cmd, goto,-2
275.0, elevID,0,  pos,-2,  cmd, goto,-2
275.0, elevID,1,  pos,-2,  cmd, goto,-2
276.0, elevID,0,  pos,-2,  cmd, goto,-2
276.0, elevID,1,  pos,-2,  cmd, goto,-2
277.0, elevID,0,  pos,-2,  cmd, goto,-2
277.0, elevID,1,  pos,-2,  cmd, goto,-2
278.0, elevID,0,  pos,-2,  cmd, goto,-2
278.0, elevID,1,  pos,-2,  cmd, goto,-2
279.0, elevID,0,  pos,-2,  cmd, goto,-2
279.0, elevID,1,  pos,-2,  cmd, goto,-2
280.0, elevID,0,  pos,-2,  cmd, goto,-2
280.0, elevID,1,  pos,-2,  cmd, goto,-2
281.0, elevID,0,  pos,-2,  cmd, goto,-2
281.0, elevID,1,  pos,-2,  cmd, goto,-2
282.0, elevID,0,  pos,-2,  cmd, goto,-2
282.0, elevID,1,  pos,-2,  cmd, goto,-2
283.0, elevID,0,  pos,-2,  cmd, goto,-2
283.0, elevID,1,  pos,-2,  cmd, goto,-2
284.0, elevID,0,  pos,-2,  cmd, goto,-2
284.0, elevID,1,  pos,-2,  cmd, goto,-2
285.0, elevID,0,  pos,-2,  cmd, goto,-2
285.0, elevID,1,  pos,-2,  cmd, goto,-2
286.0, elevID,0,  pos,-2,  cmd, goto,-2
286.0, elevID,1,  pos,-2,  cmd, goto,-2
287.0, elevID,0,  pos,-2,  cmd, goto,-2
287.0, elevID,1,  pos,-2,  cmd, goto,-2
288.0, elevID,0,  pos,-2,  cmd, goto,-2
288.0, elevID,1,  pos,-2,  cmd, goto,-2
289.0, elevID,0,  pos,-2,  cmd, goto,-2
289.0, elevID,1,  pos,-2,  cmd, goto,-2
290.0, elevID,0,  pos,-2,  cmd, goto,-2
290.0, elevID,1,  pos,-2,  cmd, goto,-2
291.0, elevID,0,  pos,-2,  cmd, goto,-2
291.0, elevID,1,  pos,-2,  cmd, goto,-2
292.0, elevID,0,  pos,-2,  cmd, goto,-2
292.0, elevID,1,  pos,-2,  cmd, goto,-2
293.0, elevID,0,  pos,-2,  cmd, goto,-2
293.0, elevID,1,  pos,-2,  cmd, goto,-2
294.0, elevID,0,  pos,-2,  cmd, goto,-2
294.0, elevID,1,  pos,-2,  cmd, goto,-2
295.0, elevID,0,  pos,-2,  cmd, goto,-2
295.0, elevID,1,  pos,-2,  cmd, goto,-2
296.0,Elevator call,295.7943356681491,0,1,1,0, got allocated to elevator, 0
296.0, elevID,0,  pos,-2,  cmd, goto,-2
296.0, elevID,1,  pos,-2,  cmd, goto,-2
297.0, elevID,0,  pos,-2,  cmd, goto,-2
297.0, elevID,1,  pos,-2,  cmd, goto,-2
298.0, elevID,0,  pos,-2,  cmd, goto,-2
298.0, elevID,1,  pos,-2,  cmd, goto,-2
299.0, elevID,0,  pos,-2,  cmd, goto,-2
299.0, elevID,1,  pos,-2,  cmd, goto,-2
300.0, elevID,0,  pos,-2,  cmd, goto,-2
300.0, elevID,1,  pos,-2,  cmd, goto,-2
301.0, elevID,0,  pos,-2,  cmd, goto,-2
301.0, elevID,1,  pos,-2,  cmd, goto,-2
302.0, elevID,0,  pos,-2,  cmd, goto,-2
302.0, elevID,1,  pos,-2,  cmd, goto,-2
303.0, elevID,0,  pos,-2,  cmd, goto,-2
303.0, elevID,1,  pos,-2,  cmd, goto,-2
304.0, elevID,0,  pos,-2,  cmd, goto,-2
304.0, elevID,1,  pos,-2,  cmd, goto,-2
305.0,Elevator call,304.99843880775313,6,0,1,1, got allocated to elevator, 1
305.0, elevID,0,  pos,-2,  cmd, goto,-2
305.0, elevID,1,  pos,-2,  cmd, goto,-2
306.0, elevID,0,  pos,-2,  cmd, goto,-2
306.0, elevID,1,  pos,-2,  cmd, goto,-2
307.0, elevID,0,  pos,-2,  cmd, goto,-2
307.0, elevID,1,  pos,-2,  cmd, goto,-2
308.0, elevID,0,  pos,-2,  cmd, goto,-2
308.0, elevID,1,  pos,-2,  cmd, goto,-2
309.0, elevID,0,  pos,-2,  cmd, goto,-2
309.0, elevID,1,  pos,-2,  cmd, goto,-2
310.0,Elevator call,309.30053828560517,0,-1,1,1, got allocated to elevator, 1
310.0, elevID,0,  pos,-2,  cmd, goto,-2
310.0, elevID,1,  pos,-2,  cmd, goto,-2
311.0, elevID,0,  pos,-2,  cmd, goto,-2
311.0, elevID,1,  pos,-2,  cmd, goto,-2
312.0, elevID,0,  pos,-2,  cmd, goto,-2
312.0, elevID,1,  pos,-2,  cmd, goto,-2
313.0,Elevator call,312.30185564398687,0,-1,1,1, got allocated to elevator, 1
313.0, elevID,0,  pos,-2,  cmd, goto,-2
313.0, elevID,1,  pos,-2,  cmd, goto,-2
314.0, elevID,0,  pos,-2,  cmd, goto,-2
314.0, elevID,1,  pos,-2,  cmd, goto,-2
315.0, elevID,0,  pos,-2,  cmd, goto,-2
315.0, elevID,1,  pos,-2,  cmd, goto,-2
316.0, elevID,0,  pos,-2,  cmd, goto,-2
316.0, elevID,1,  pos,-2,  cmd, goto,-2
317.0,Elevator call,316.03237827404377,0,-1,1,1, got allocated to elevator, 1
317.0, elevID,0,  pos,-2,  cmd, goto,-2
317.0, elevID,1,  pos,-2,  cmd, goto,-2
318.0, elevID,0,  pos,-2,  cmd, goto,-2
318.0, elevID,1,  pos,-2,  cmd, goto,-2
319.0, elevID,0,  pos,-2,  cmd, goto,-2
319.0, elevID,1,  pos,-2,  cmd, goto,-2
320.0,Elevator call,319.90520204415634,6,5,1,1, got allocated to elevator, 1
320.0, elevID,0,  pos,-2,  cmd, goto,-2
320.0, elevID,1,  pos,-2,  cmd, goto,-2
321.0,Elevator call,320.97607492210807,-1,0,1,0, got allocated to elevator, 0
321.0, elevID,0,  pos,-2,  cmd, goto,-2
321.0, elevID,1,  pos,-2,  cmd, goto,-2
322.0,Elevator call,321.37040904796595,7,-1,1,0, got allocated to elevator, 0
322.0, elevID,0,  pos,-2,  cmd, goto,-2
322.0, elevID,1,  pos,-2,  cmd, goto,-2
323.0, elevID,0,  pos,-2,  cmd, goto,-2
323.0, elevID,1,  pos,-2,  cmd, goto,-2
324.0, elevID,0,  pos,-2,  cmd, goto,-2
324.0, elevID,1,  pos,-2,  cmd, goto,-2
325.0, elevID,0,  pos,-2,  cmd, goto,-2
325.0, elevID,1,  pos,-2,  cmd, goto,-2
326.0, elevID,0,  pos,-2,  cmd, goto,-2
326.0, elevID,1,  pos,-2,  cmd, goto,-2
327.0, elevID,0,  pos,-2,  cmd, goto,-2
327.0, elevID,1,  pos,-2,  cmd, goto,-2
328.0, elevID,0,  pos,-2,  cmd, goto,-2
328.0, elevID,1,  pos,-2,  cmd, goto,-2
329.0, elevID,0,  pos,-2,  cmd, goto,-2
329.0, elevID,1,  pos,-2,  cmd, goto,-2
330.0, elevID,0,  pos,-2,  cmd, goto,-2
330.0, elevID,1,  pos,-2,  cmd, goto,-2
331.0, elevID,0,  pos,-2,  cmd, goto,-2
331.0, elevID,1,  pos,-2,  cmd, goto,-2
332.0, elevID,0,  pos,-2,  cmd, goto,-2
332.0, elevID,1,  pos,-2,  cmd, goto,-2
333.0,Elevator call,332.4267319393355,0,10,1,0, got allocated to elevator, 0
333.0, elevID,0,  pos,-2,  cmd, goto,-2
333.0, elevID,1,  pos,-2,  cmd, goto,-2
334.0, elevID,0,  pos,-2,  cmd, goto,-2
334.0, elevID,1,  pos,-2,  cmd, goto,-2
335.0, elevID,0,  pos,-2,  cmd, goto,-2
335.0, elevID,1,  pos,-2,  cmd, goto,-2
336.0, elevID,0,  pos,-2,  cmd, goto,-2
336.0, elevID,1,  pos,-2,  cmd, goto,-2
337.0,Elevator call,336.93043046159545,-1,0,1,0, got allocated to elevator, 0
337.0, elevID,0,  pos,-2,  cmd, goto,-2
337.0, elevID,1,  pos,-2,  cmd, goto,-2
338.0, elevID,0,  pos,-2,  cmd, goto,-2
338.0, elevID,1,  pos,-2,  cmd, goto,-2
339.0, elevID,0,  pos,-2,  cmd, goto,-2
339.0, elevID,1,  pos,-2,  cmd, goto,-2
340.0, elevID,0,  pos,-2,  cmd, goto,-2
340.0, elevID,1,  pos,-2,  cmd, goto,-2
341.0, elevID,0,  pos,-2,  cmd, goto,-2
341.0, elevID,1,  pos,-2,  cmd, goto,-2
342.0, elevID,0,  pos,-2,  cmd, goto,-2
342.0, elevID,1,  pos,-2,  cmd, goto,-2
343.0, elevID,0,  pos,-2,  cmd, goto,-2
343.0, elevID,1,  pos,-2,  cmd, goto,-2
344.0, elevID,0,  pos,-2,  cmd, goto,-2
344.0, elevID,1,  pos,-2,  cmd, goto,-2
345.0, elevID,0,  pos,-2,  cmd, goto,-2
345.0, elevID,1,  pos,-2,  cmd, goto,-2
346.0, elevID,0,  pos,-2,  cmd, goto,-2
346.0, elevID,1,  pos,-2,  cmd, goto,-2
347.0, elevID,0,  pos,-2,  cmd, goto,-2
347.0, elevID,1,  pos,-2,  cmd, goto,-2
348.0, elevID,0,  pos,-2,  cmd, goto,-2
348.0, elevID,1,  pos,-2,  cmd, goto,-2
349.0, elevID,0,  pos,-2,  cmd, goto,-2
349.0, elevID,1,  pos,-2,  cmd, goto,-2
350.0, elevID,0,  pos,-2,  cmd, goto,-2
350.0, elevID,1,  pos,-2,  cmd, goto,-2
351.0, elevID,0,  pos,-2,  cmd, goto,-2
351.0, elevID,1,  pos,-2,  cmd, goto,-2
352.0, elevID,0,  pos,-2,  cmd, goto,-2
352.0, elevID,1,  pos,-2,  cmd, goto,-2
353.0, elevID,0,  pos,-2,  cmd, goto,-2
353.0, elevID,1,  pos,-2,  cmd, goto,-2
354.0, elevID,0,  pos,-2,  cmd, goto,-2
354.0, elevID,1,  pos,-2,  cmd, goto,-2
355.0, elevID,0,  pos,-2,  cmd, goto,-2
355.0, elevID,1,  pos,-2,  cmd, goto,-2
356.0, elevID,0,  pos,-2,  cmd, goto,-2
356.0, elevID,1,  pos,-2,  cmd, goto,-2
357.0, elevID,0,  pos,-2,  cmd, goto,-2
357.0, elevID,1,  pos,-2,  cmd, goto,-2
358.0, elevID,0,  pos,-2,  cmd, goto,-2
358.0, elevID,1,  pos,-2,  cmd, goto,-2
359.0, elevID,0,  pos,-2,  cmd, goto,-2
359.0, elevID,1,  pos,-2,  cmd, goto,-2
360.0, elevID,0,  pos,-2,  cmd, goto,-2
360.0, elevID,1,  pos,-2,  cmd, goto,-2
361.0, elevID,0,  pos,-2,  cmd, goto,-2
361.0, elevID,1,  pos,-2,  cmd, goto,-2
362.0, elevID,0,  pos,-2,  cmd, goto,-2
362.0, elevID,1,  pos,-2,  cmd, goto,-2
363.0, elevID,0,  pos,-2,  cmd, goto,-2
363.0, elevID,1,  pos,-2,  cmd, goto,-2
364.0, elevID,0,  pos,-2,  cmd, goto,-2
364.0, elevID,1,  pos,-2,  cmd, goto,-2
365.0, elevID,0,  pos,-2,  cmd, goto,-2
365.0, elevID,1,  pos,-2,  cmd, goto,-2
366.0, elevID,0,  pos,-2,  cmd, goto,-2
366.0, elevID,1,  pos,-2,  cmd, goto,-2
367.0, elevID,0,  pos,-2,  cmd, goto,-2
367.0, elevID,1,  pos,-2,  cmd, goto,-2
368.0, elevID,0,  pos,-2,  cmd, goto,-2
368.0, elevID,1,  pos,-2,  cmd, goto,-2
369.0, elevID,0,  pos,-2,  cmd, goto,-2
369.0, elevID,1,  pos,-2,  cmd, goto,-2
370.0, elevID,0,  pos,-2,  cmd, goto,-2
370.0, elevID,1,  pos,-2,  cmd, goto,-2
371.0, elevID,0,  pos,-2,  cmd, goto,-2
371.0, elevID,1,  pos,-2,  cmd, goto,-2
372.0, elevID,0,  pos,-2,  cmd, goto,-2
372.0, elevID,1,  pos,-2,  cmd, goto,-2
373.0, elevID,0,  pos,-2,  cmd, goto,-2
373.0, elevID,1,  pos,-2,  cmd, goto,-2
374.0, elevID,0,  pos,-2,  cmd, goto,-2
374.0, elevID,1,  pos,-2,  cmd, goto,-2
375.0, elevID,0,  pos,-2,  cmd, goto,-2
375.0, elevID,1,  pos,-2,  cmd, goto,-2
376.0,Elevator call,375.49048095381363,1,0,1,1, got allocated to elevator, 1
376.0, elevID,0,  pos,-2,  cmd, goto,-2
376.0, elevID,1,  pos,-2,  cmd, goto,-2
377.0, elevID,0,  pos,-2,  cmd, goto,-2
377.0, elevID,1,  pos,-2,  cmd, goto,-2
378.0, elevID,0,  pos,-2,  cmd, goto,-2
378.0, elevID,1,  pos,-2,  cmd, goto,-2
379.0, elevID,0,  pos,-2,  cmd, goto,-2
379.0, elevID,1,  pos,-2,  cmd, goto,-2
380.0, elevID,0,  pos,-2,  cmd, goto,-2
380.0, elevID,1,  pos,-2,  cmd, goto,-2
381.0, elevID,0,  pos,-2,  cmd, goto,-2
381.0, elevID,1,  pos,-2,  cmd, goto,-2
382.0, elevID,0,  pos,-2,  cmd, goto,-2
382.0, elevID,1,  pos,-2,  cmd, goto,-2
383.0, elevID,0,  pos,-2,  cmd, goto,-2
383.0, elevID,1,  pos,-2,  cmd, goto,-2
384.0, elevID,0,  pos,-2,  cmd, goto,-2
384.0, elevID,1,  pos,-2,  cmd, goto,-2
385.0, elevID,0,  pos,-2,  cmd, goto,-2
385.0, elevID,1,  pos,-2,  cmd, goto,-2
386.0, elevID,0,  pos,-2,  cmd, goto,-2
386.0, elevID,1,  pos,-2,  cmd, goto,-2
387.0, elevID,0,  pos,-2,  cmd, goto,-2
387.0, elevID,1,  pos,-2,  cmd, goto,-2
388.0, elevID,0,  pos,-2,  cmd, goto,-2
388.0, elevID,1,  pos,-2,  cmd, goto,-2
389.0, elevID,0,  pos,-2,  cmd, goto,-2
389.0, elevID,1,  pos,-2,  cmd, goto,-2
390.0, elevID,0,  pos,-2,  cmd, goto,-2
390.0, elevID,1,  pos,-2,  cmd, goto,-2
391.0, elevID,0,  pos,-2,  cmd, goto,-2
391.0, elevID,1,  pos,-2,  cmd, goto,-2
392.0, elevID,0,  pos,-2,  cmd, goto,-2
392.0, elevID,1,  pos,-2,  cmd, goto,-2
393.0,Elevator call,392.5160764870397,0,5,1,0, got allocated to elevator, 0
393.0, elevID,0,  pos,-2,  cmd, goto,-2
393.0, elevID,1,  pos,-2,  cmd, goto,-2
394.0, elevID,0,  pos,-2,  cmd, goto,-2
394.0, elevID,1,  pos,-2,  cmd, goto,-2
395.0, elevID,0,  pos,-2,  cmd, goto,-2
395.0, elevID,1,  pos,-2,  cmd, goto,-2
396.0, elevID,0,  pos,-2,  cmd, goto,-2
396.0, elevID,1,  pos,-2,  cmd, goto,-2
397.0, elevID,0,  pos,-2,  cmd, goto,-2
397.0, elevID,1,  pos,-2,  cmd, goto,-2
398.0, elevID,0,  pos,-2,  cmd, goto,-2
398.0, elevID,1,  pos,-2,  cmd, goto,-2
399.0, elevID,0,  pos,-2,  cmd, goto,-2
399.0, elevID,1,  pos,-2,  cmd, goto,-2
400.0, elevID,0,  pos,-2,  cmd, goto,-2
400.0, elevID,1,  pos,-2,  cmd, goto,-2
401.0, elevID,0,  pos,-2,  cmd, goto,-2
401.0, elevID,1,  pos,-2,  cmd, goto,-2
402.0, elevID,0,  pos,-2,  cmd, goto,-2
402.0, elevID,1,  pos,-2,  cmd, goto,-2
403.0, elevID,0,  pos,-2,  cmd, goto,-2
403.0, elevID,1,  pos,-2,  cmd, goto,-2
404.0, elevID,0,  pos,-2,  cmd, goto,-2
404.0, elevID,1,  pos,-2,  cmd, goto,-2
405.0, elevID,0,  pos,-2,  cmd, goto,-2
405.0, elevID,1,  pos,-2,  cmd, goto,-2
406.0,Elevator call,405.1821140884023,-1,10,1,0, got allocated to elevator, 0
406.0, elevID,0,  pos,-2,  cmd, goto,-2
406.0, elevID,1,  pos,-2,  cmd, goto,-2
407.0, elevID,0,  pos,-2,  cmd, goto,-2
407.0, elevID,1,  pos,-2,  cmd, goto,-2
408.0, elevID,0,  pos,-2,  cmd, goto,-2
408.0, elevID,1,  pos,-2,  cmd, goto,-2
409.0, elevID,0,  pos,-2,  cmd, goto,-2
409.0, elevID,1,  pos,-2,  cmd, goto,-2
410.0, elevID,0,  pos,-2,  cmd, goto,-2
410.0, elevID,1,  pos,-2,  cmd, goto,-2
411.0, elevID,0,  pos,-2,  cmd, goto,-2
411.0, elevID,1,  pos,-2,  cmd, goto,-2
412.0, elevID,0,  pos,-2,  cmd, goto,-2
412.0, elevID,1,  pos,-2,  cmd, goto,-2
413.0, elevID,0,  pos,-2,  cmd, goto,-2
413.0, elevID,1,  pos,-2,  cmd, goto,-2
414.0, elevID,0,  pos,-2,  cmd, goto,-2
414.0, elevID,1,  pos,-2,  cmd, goto,-2
415.0, elevID,0,  pos,-2,  cmd, goto,-2
415.0, elevID,1,  pos,-2,  cmd, goto,-2
416.0, elevID,0,  pos,-2,  cmd, goto,-2
416.0, elevID,1,  pos,-2,  cmd, goto,-2
417.0, elevID,0,  pos,-2,  cmd, goto,-2
417.0, elevID,1,  pos,-2,  cmd, goto,-2
418.0, elevID,0,  pos,-2,  cmd, goto,-2
418.0, elevID,1,  pos,-2,  cmd, goto,-2
419.0, elevID,0,  pos,-2,  cmd, goto,-2
419.0, elevID,1,  pos,-2,  cmd, goto,-2
420.0, elevID,0,  pos,-2,  cmd, goto,-2
420.0, elevID,1,  pos,-2,  cmd, goto,-2
421.0, elevID,0,  pos,-2,  cmd, goto,-2
421.0, elevID,1,  pos,-2,  cmd, goto,-2
422.0, elevID,0,  pos,-2,  cmd, goto,-2
422.0, elevID,1,  pos,-2,  cmd, goto,-2
423.0, elevID,0,  pos,-2,  cmd, goto,-2
423.0, elevID,1,  pos,-2,  cmd, goto,-2
424.0, elevID,0,  pos,-2,  cmd, goto,-2
424.0, elevID,1,  pos,-2,  cmd, goto,-2
425.0, elevID,0,  pos,-2,  cmd, goto,-2
425.0, elevID,1,  pos,-2,  cmd, goto,-2
426.0, elevID,0,  pos,-2,  cmd, goto,-2
426.0, elevID,1,  pos,-2,  cmd, goto,-2
427.0,Elevator call,426.8615805478589,2,0,1,1, got allocated to elevator, 1
427.0, elevID,0,  pos,-2,  cmd, goto,-2
427.0, elevID,1,  pos,-2,  cmd, goto,-2
428.0, elevID,0,  pos,-2,  cmd, goto,-2
428.0, elevID,1,  pos,-2,  cmd, goto,-2
429.0, elevID,0,  pos,-2,  cmd, goto,-2
429.0, elevID,1,  pos,-2,  cmd, goto,-2
430.0, elevID,0,  pos,-2,  cmd, goto,-2
430.0, elevID,1,  pos,-2,  cmd, goto,-2
431.0, elevID,0,  pos,-2,  cmd, goto,-2
431.0, elevID,1,  pos,-2,  cmd, goto,-2
432.0, elevID,0,  pos,-2,  cmd, goto,-2
432.0, elevID,1,  pos,-2,  cmd, goto,-2
433.0, elevID,0,  pos,-2,  cmd, goto,-2
433.0, elevID,1,  pos,-2,  cmd, goto,-2
434.0, elevID,0,  pos,-2,  cmd, goto,-2
434.0, elevID,1,  pos,-2,  cmd, goto,-2
435.0, elevID,0,  pos,-2,  cmd, goto,-2
435.0, elevID,1,  pos,-2,  cmd, goto,-2
436.0, elevID,0,  pos,-2,  cmd, goto,-2
436.0, elevID,1,  pos,-2,  cmd, goto,-2
437.0, elevID,0,  pos,-2,  cmd, goto,-2
437.0, elevID,1,  pos,-2,  cmd, goto,-2
438.0,Elevator call,437.17111576125836,1,0,1,1, got allocated to elevator, 1
438.0, elevID,0,  pos,-2,  cmd, goto,-2
438.0, elevID,1,  pos,-2,  cmd, goto,-2
439.0, elevID,0,  pos,-2,  cmd, goto,-2
439.0, elevID,1,  pos,-2,  cmd, goto,-2
440.0, elevID,0,  pos,-2,  cmd, goto,-2
440.0, elevID,1,  pos,-2,  cmd, goto,-2
441.0, elevID,0,  pos,-2,  cmd, goto,-2
441.0, elevID,1,  pos,-2,  cmd, goto,-2
442.0, elevID,0,  pos,-2,  cmd, goto,-2
442.0, elevID,1,  pos,-2,  cmd, goto,-2
443.0, elevID,0,  pos,-2,  cmd, goto,-2
443.0, elevID,1,  pos,-2,  cmd, goto,-2
444.0, elevID,0,  pos,-2,  cmd, goto,-2
444.0, elevID,1,  pos,-2,  cmd, goto,-2
445.0, elevID,0,  pos,-2,  cmd, goto,-2
445.0, elevID,1,  pos,-2,  cmd, goto,-2
446.0, elevID,0,  pos,-2,  cmd, goto,-2
446.0, elevID,1,  pos,-2,  cmd, goto,-2
447.0, elevID,0,  pos,-2,  cmd, goto,-2
447.0, elevID,1,  pos,-2,  cmd, goto,-2
448.0, elevID,0,  pos,-2,  cmd, goto,-2
448.0, elevID,1,  pos,-2,  cmd, goto,-2
449.0, elevID,0,  pos,-2,  cmd, goto,-2
449.0, elevID,1,  pos,-2,  cmd, goto,-2
450.0, elevID,0,  pos,-2,  cmd, goto,-2
450.0, elevID,1,  pos,-2,  cmd, goto,-2
451.0, elevID,0,  pos,-2,  cmd, goto,-2
451.0, elevID,1,  pos,-2,  cmd, goto,-2
452.0, elevID,0,  pos,-2,  cmd, goto,-2
452.0, elevID,1,  pos,-2,  cmd, goto,-2
453.0, elevID,0,  pos,-2,  cmd, goto,-2
453.0, elevID,1,  pos,-2,  cmd, goto,-2
454.0, elevID,0,  pos,-2,  cmd, goto,-2
454.0, elevID,1,  pos,-2,  cmd, goto,-2
455.0, elevID,0,  pos,-2,  cmd, goto,-2
455.0, elevID,1,  pos,-2,  cmd, goto,-2
456.0, elevID,0,  pos,-2,  cmd, goto,-2
456.0, elevID,1,  pos,-2,  cmd, goto,-2
457.0, elevID,0,  pos,-2,  cmd, goto,-2
457.0, elevID,1,  pos,-2,  cmd, goto,-2
458.0, elevID,0,  pos,-2,  cmd, goto,-2
458.0, elevID,1,  pos,-2,  cmd, goto,-2
459.0, elevID,0,  pos,-2,  cmd, goto,-2
459.0, elevID,1,  pos,-2,  cmd, goto,-2
460.0, elevID,0,  pos,-2,  cmd, goto,-2
460.0, elevID,1,  pos,-2,  cmd, goto,-2
461.0, elevID,0,  pos,-2,  cmd, goto,-2
461.0, elevID,1,  pos,-2,  cmd, goto,-2
462.0, elevID,0,  pos,-2,  cmd, goto,-2
462.0, elevID,1,  pos,-2,  cmd, goto,-2
463.0, elevID,0,  pos,-2,  cmd, goto,-2
463.0, elevID,1,  pos,-2,  cmd, goto,-2
464.0, elevID,0,  pos,-2,  cmd, goto,-2
464.0, elevID,1,  pos,-2,  cmd, goto,-2
465.0, elevID,0,  pos,-2,  cmd, goto,-2
465.0, elevID,1,  pos,-2,  cmd, goto,-2
466.0, elevID,0,  pos,-2,  cmd, goto,-2
466.0, elevID,1,  pos,-2,  cmd, goto,-2
467.0, elevID,0,  pos,-2,  cmd, goto,-2
467.0, elevID,1,  pos,-2,  cmd, goto,-2
468.0, elevID,0,  pos,-2,  cmd, goto,-2
468.0, elevID,1,  pos,-2,  cmd, goto,-2
469.0, elevID,0,  pos,-2,  cmd, goto,-2
469.0, elevID,1,  pos,-2,  cmd, goto,-2
470.0, elevID,0,  pos,-2,  cmd, goto,-2
470.0, elevID,1,  pos,-2,  cmd, goto,-2
471.0, elevID,0,  pos,-2,  cmd, goto,-2
471.0, elevID,1,  pos,-2,  cmd, goto,-2
472.0, elevID,0,  pos,-2,  cmd, goto,-2
472.0, elevID,1,  pos,-2,  cmd, goto,-2
473.0,Elevator call,472.7445473930129,10,-1,1,0, got allocated to elevator, 0
473.0, elevID,0,  pos,-2,  cmd, goto,-2
473.0, elevID,1,  pos,-2,  cmd, goto,-2
474.0, elevID,0,  pos,-2,  cmd, goto,-2
474.0, elevID,1,  pos,-2,  cmd, goto,-2
475.0, elevID,0,  pos,-2,  cmd, goto,-2
475.0, elevID,1,  pos,-2,  cmd, goto,-2
476.0, elevID,0,  pos,-2,  cmd, goto,-2
476.0, elevID,1,  pos,-2,  cmd, goto,-2
477.0, elevID,0,  pos,-2,  cmd, goto,-2
477.0, elevID,1,  pos,-2,  cmd, goto,-2
478.0, elevID,0,  pos,-2,  cmd, goto,-2
478.0, elevID,1,  pos,-2,  cmd, goto,-2
479.0, elevID,0,  pos,-2,  cmd, goto,-2
479.0, elevID,1,  pos,-2,  cmd, goto,-2
480.0, elevID,0,  pos,-2,  cmd, goto,-2
480.0, elevID,1,  pos,-2,  cmd, goto,-2
481.0, elevID,0,  pos,-2,  cmd, goto,-2
481.0, elevID,1,  pos,-2,  cmd, goto,-2
482.0, elevID,0,  pos,-2,  cmd, goto,-2
482.0, elevID,1,  pos,-2,  cmd, goto,-2
483.0, elevID,0,  pos,-2,  cmd, goto,-2
483.0, elevID,1,  pos,-2,  cmd, goto,-2
484.0, elevID,0,  pos,-2,  cmd, goto,-2
484.0, elevID,1,  pos,-2,  cmd, goto,-2
485.0, elevID,0,  pos,-2,  cmd, goto,-2
485.0, elevID,1,  pos,-2,  cmd, goto,-2
486.0, elevID,0,  pos,-2,  cmd, goto,-2
486.0, elevID,1,  pos,-2,  cmd, goto,-2
487.0, elevID,0,  pos,-2,  cmd, goto,-2
487.0, elevID,1,  pos,-2,  cmd, goto,-2
488.0, elevID,0,  pos,-2,  cmd, goto,-2
488.0, elevID,1,  pos,-2,  cmd, goto,-2
489.0, elevID,0,  pos,-2,  cmd, goto,-2
489.0, elevID,1,  pos,-2,  cmd, goto,-2
490.0, elevID,0,  pos,-2,  cmd, goto,-2
490.0, elevID,1,  pos,-2,  cmd, goto,-2
491.0, elevID,0,  pos,-2,  cmd, goto,-2
491.0, elevID,1,  pos,-2,  cmd, goto,-2
492.0, elevID,0,  pos,-2,  cmd, goto,-2
492.0, elevID,1,  pos,-2,  cmd, goto,-2
493.0, elevID,0,  pos,-2,  cmd, goto,-2
493.0, elevID,1,  pos,-2,  cmd, goto,-2
494.0, elevID,0,  pos,-2,  cmd, goto,-2
494.0, elevID,1,  pos,-2,  cmd, goto,-2
495.0, elevID,0,  pos,-2,  cmd, goto,-2
495.0, elevID,1,  pos,-2,  cmd, goto,-2
496.0, elevID,0,  pos,-2,  cmd, goto,-2
496.0, elevID,1,  pos,-2,  cmd, goto,-2
497.0, elevID,0,  pos,-2,  cmd, goto,-2
497.0, elevID,1,  pos,-2,  cmd, goto,-2
498.0, elevID,0,  pos,-2,  cmd, goto,-2
498.0, elevID,1,  pos,-2,  cmd, goto,-2
499.0, elevID,0,  pos,-2,  cmd, goto,-2
499.0, elevID,1,  pos,-2,  cmd, goto,-2
500.0, elevID,0,  pos,-2,  cmd, goto,-2
500.0, elevID,1,  pos,-2,  cmd, goto,-2
501.0,Elevator call,500.3712044996745,8,-1,1,0, got allocated to elevator, 0
501.0, elevID,0,  pos,-2,  cmd, goto,-2
501.0, elevID,1,  pos,-2,  cmd, goto,-2
502.0, elevID,0,  pos,-2,  cmd, goto,-2
502.0, elevID,1,  pos,-2,  cmd, goto,-2
503.0, elevID,0,  pos,-2,  cmd, goto,-2
503.0, elevID,1,  pos,-2,  cmd, goto,-2
504.0,Elevator call,503.13847841893045,1,-1,1,1, got allocated to elevator, 1
504.0, elevID,0,  pos,-2,  cmd, goto,-2
504.0, elevID,1,  pos,-2,  cmd, goto,-2
505.0,Elevator call,504.4317942159655,0,-1,1,1, got allocated to elevator, 1
505.0, elevID,0,  pos,-2,  cmd, goto,-2
505.0, elevID,1,  pos,-2,  cmd, goto,-2
506.0, elevID,0,  pos,-2,  cmd, goto,-2
506.0, elevID,1,  pos,-2,  cmd, goto,-2
507.0, elevID,0,  pos,-2,  cmd, goto,-2
507.0, elevID,1,  pos,-2,  cmd, goto,-2
508.0, elevID,0,  pos,-2,  cmd, goto,-2
508.0, elevID,1,  pos,-2,  cmd, goto,-2
509.0, elevID,0,  pos,-2,  cmd, goto,-2
509.0, elevID,1,  pos,-2,  cmd, goto,-2
510.0, elevID,0,  pos,-2,  cmd, goto,-2
510.0, elevID,1,  pos,-2,  cmd, goto,-2
511.0, elevID,0,  pos,-2,  cmd, goto,-2
511.0, elevID,1,  pos,-2,  cmd, goto,-2
512.0, elevID,0,  pos,-2,  cmd, goto,-2
512.0, elevID,1,  pos,-2,  cmd, goto,-2
513.0, elevID,0,  pos,-2,  cmd, goto,-2
513.0, elevID,1,  pos,-2,  cmd, goto,-2
514.0, elevID,0,  pos,-2,  cmd, goto,-2
514.0, elevID,1,  pos,-2,  cmd, goto,-2
515.0, elevID,0,  pos,-2,  cmd, goto,-2
515.0, elevID,1,  pos,-2,  cmd, goto,-2
516.0, elevID,0,  pos,-2,  cmd, goto,-2
516.0, elevID,1,  pos,-2,  cmd, goto,-2
517.0, elevID,0,  pos,-2,  cmd, goto,-2
517.0, elevID,1,  pos,-2,  cmd, goto,-2
518.0, elevID,0,  pos,-2,  cmd, goto,-2
518.0, elevID,1,  pos,-2,  cmd, goto,-2
519.0, elevID,0,  pos,-2,  cmd, goto,-2
519.0, elevID,1,  pos,-2,  cmd, goto,-2
520.0, elevID,0,  pos,-2,  cmd, goto,-2
520.0, elevID,1,  pos,-2,  cmd, goto,-2
521.0, elevID,0,  pos,-2,  cmd, goto,-2
521.0, elevID,1,  pos,-2,  cmd, goto,-2
522.0, elevID,0,  pos,-2,  cmd, goto,-2
522.0, elevID,1,  pos,-2,  cmd, goto,-2
523.0, elevID,0,  pos,-2,  cmd, goto,-2
523.0, elevID,1,  pos,-2,  cmd, goto,-2
524.0, elevID,0,  pos,-2,  cmd, goto,-2
524.0, elevID,1,  pos,-2,  cmd, goto,-2
525.0, elevID,0,  pos,-2,  cmd, goto,-2
525.0, elevID,1,  pos,-2,  cmd, goto,-2
526.0, elevID,0,  pos,-2,  cmd, goto,-2
526.0, elevID,1,  pos,-2,  cmd, goto,-2
527.0, elevID,0,  pos,-2,  cmd, goto,-2
527.0, elevID,1,  pos,-2,  cmd, goto,-2
528.0, elevID,0,  pos,-2,  cmd, goto,-2
528.0, elevID,1,  pos,-2,  cmd, goto,-2
529.0, elevID,0,  pos,-2,  cmd, goto,-2
529.0, elevID,1,  pos,-2,  cmd, goto,-2
530.0,Elevator call,529.6277472128405,3,-1,1,1, got allocated to elevator, 1
530.0, elevID,0,  pos,-2,  cmd, goto,-2
530.0, elevID,1,  pos,-2,  cmd, goto,-2
531.0, elevID,0,  pos,-2,  cmd, goto,-2
531.0, elevID,1,  pos,-2,  cmd, goto,-2
532.0, elevID,0,  pos,-2,  cmd, goto,-2
532.0, elevID,1,  pos,-2,  cmd, goto,-2
533.0, elevID,0,  pos,-2,  cmd, goto,-2
533.0, elevID,1,  pos,-2,  cmd, goto,-2
534.0, elevID,0,  pos,-2,  cmd, goto,-2
534.0, elevID,1,  pos,-2,  cmd, goto,-2
535.0, elevID,0,  pos,-2,  cmd, goto,-2
535.0, elevID,1,  pos,-2,  cmd, goto,-2
536.0, elevID,0,  pos,-2,  cmd, goto,-2
536.0, elevID,1,  pos,-2,  cmd, goto,-2
537.0, elevID,0,  pos,-2,  cmd, goto,-2
537.0, elevID,1,  pos,-2,  cmd, goto,-2
538.0,Elevator call,537.7866883694313,-1,6,1,0, got allocated to elevator, 0
538.0, elevID,0,  pos,-2,  cmd, goto,-2
538.0, elevID,1,  pos,-2,  cmd, goto,-2
539.0, elevID,0,  pos,-2,  cmd, goto,-2
539.0, elevID,1,  pos,-2,  cmd, goto,-2
540.0, elevID,0,  pos,-2,  cmd, goto,-2
540.0, elevID,1,  pos,-2,  cmd, goto,-2
541.0, elevID,0,  pos,-2,  cmd, goto,-2
541.0, elevID,1,  pos,-2,  cmd, goto,-2
542.0, elevID,0,  pos,-2,  cmd, goto,-2
542.0, elevID,1,  pos,-2,  cmd, goto,-2
543.0, elevID,0,  pos,-2,  cmd, goto,-2
543.0, elevID,1,  pos,-2,  cmd, goto,-2
544.0, elevID,0,  pos,-2,  cmd, goto,-2
544.0, elevID,1,  pos,-2,  cmd, goto,-2
545.0,Elevator call,544.7880392034898,6,-1,1,1, got allocated to elevator, 1
545.0, elevID,0,  pos,-2,  cmd, goto,-2
545.0, elevID,1,  pos,-2,  cmd, goto,-2
546.0, elevID,0,  pos,-2,  cmd, goto,-2
546.0, elevID,1,  pos,-2,  cmd, goto,-2
547.0, elevID,0,  pos,-2,  cmd, goto,-2
547.0, elevID,1,  pos,-2,  cmd, goto,-2
548.0, elevID,0,  pos,-2,  cmd, goto,-2
548.0, elevID,1,  pos,-2,  cmd, goto,-2
549.0, elevID,0,  pos,-2,  cmd, goto,-2
549.0, elevID,1,  pos,-2,  cmd, goto,-2
550.0, elevID,0,  pos,-2,  cmd, goto,-2
550.0, elevID,1,  pos,-2,  cmd, goto,-2
551.0, elevID,0,  pos,-2,  cmd, goto,-2
551.0, elevID,1,  pos,-2,  cmd, goto,-2
552.0, elevID,0,  pos,-2,  cmd, goto,-2
552.0, elevID,1,  pos,-2,  cmd, goto,-2
553.0, elevID,0,  pos,-2,  cmd, goto,-2
553.0, elevID,1,  pos,-2,  cmd, goto,-2
554.0, elevID,0,  pos,-2,  cmd, goto,-2
554.0, elevID,1,  pos,-2,  cmd, goto,-2
555.0,Elevator call,554.0892922920482,4,0,1,1, got allocated to elevator, 1
555.0, elevID,0,  pos,-2,  cmd, goto,-2
555.0, elevID,1,  pos,-2,  cmd, goto,-2
556.0, elevID,0,  pos,-2,  cmd, goto,-2
556.0, elevID,1,  pos,-2,  cmd, goto,-2
557.0, elevID,0,  pos,-2,  cmd, goto,-2
557.0, elevID,1,  pos,-2,  cmd, goto,-2
558.0,Elevator call,557.2441390036331,10,0,1,0, got allocated to elevator, 0
558.0, elevID,0,  pos,-2,  cmd, goto,-2
558.0, elevID,1,  pos,-2,  cmd, goto,-2
559.0, elevID,0,  pos,-2,  cmd, goto,-2
559.0, elevID,1,  pos,-2,  cmd, goto,-2
560.0, elevID,0,  pos,-2,  cmd, goto,-2
560.0, elevID,1,  pos,-2,  cmd, goto,-2
561.0, elevID,0,  pos,-2,  cmd, goto,-2
561.0, elevID,1,  pos,-2,  cmd, goto,-2
562.0, elevID,0,  pos,-2,  cmd, goto,-2
562.0, elevID,1,  pos,-2,  cmd, goto,-2
563.0, elevID,0,  pos,-2,  cmd, goto,-2
563.0, elevID,1,  pos,-2,  cmd, goto,-2
564.0, elevID,0,  pos,-2,  cmd, goto,-2
564.0, elevID,1,  pos,-2,  cmd, goto,-2
565.0, elevID,0,  pos,-2,  cmd, goto,-2
565.0, elevID,1,  pos,-2,  cmd, goto,-2
566.0,Elevator call,565.0195521745534,0,-1,1,1, got allocated to elevator, 1
566.0, elevID,0,  pos,-2,  cmd, goto,-2
566.0, elevID,1,  pos,-2,  cmd, goto,-2
567.0, elevID,0,  pos,-2,  cmd, goto,-2
567.0, elevID,1,  pos,-2,  cmd, goto,-2
568.0, elevID,0,  pos,-2,  cmd, goto,-2
568.0, elevID,1,  pos,-2,  cmd, goto,-2
569.0, elevID,0,  pos,-2,  cmd, goto,-2
569.0, elevID,1,  pos,-2,  cmd, goto,-2
570.0, elevID,0,  pos,-2,  cmd, goto,-2
570.0, elevID,1,  pos,-2,  cmd, goto,-2
571.0, elevID,0,  pos,-2,  cmd, goto,-2
571.0, elevID,1,  pos,-2,  cmd, goto,-2
572.0, elevID,0,  pos,-2,  cmd, goto,-2
572.0, elevID,1,  pos,-2,  cmd, goto,-2
573.0, elevID,0,  pos,-2,  cmd, goto,-2
573.0, elevID,1,  pos,-2,  cmd, goto,-2
574.0, elevID,0,  pos,-2,  cmd, goto,-2
574.0, elevID,1,  pos,-2,  cmd, goto,-2
575.0, elevID,0,  pos,-2,  cmd, goto,-2
575.0, elevID,1,  pos,-2,  cmd, goto,-2
576.0, elevID,0,  pos,-2,  cmd, goto,-2
576.0, elevID,1,  pos,-2,  cmd, goto,-2
577.0, elevID,0,  pos,-2,  cmd, goto,-2
577.0, elevID,1,  pos,-2,  cmd, goto,-2
578.0, elevID,0,  pos,-2,  cmd, goto,-2
578.0, elevID,1,  pos,-2,  cmd, goto,-2
579.0, elevID,0,  pos,-2,  cmd, goto,-2
579.0, elevID,1,  pos,-2,  cmd, goto,-2
580.0, elevID,0,  pos,-2,  cmd, goto,-2
580.0, elevID,1,  pos,-2,  cmd, goto,-2
581.0, elevID,0,  pos,-2,  cmd, goto,-2
581.0, elevID,1,  pos,-2,  cmd, goto,-2
582.0,Elevator call,581.8703090238192,0,3,1,0, got allocated to elevator, 0
582.0, elevID,0,  pos,-2,  cmd, goto,-2
582.0, elevID,1,  pos,-2,  cmd, goto,-2
583.0, elevID,0,  pos,-2,  cmd, goto,-2
583.0, elevID,1,  pos,-2,  cmd, goto,-2
584.0, elevID,0,  pos,-2,  cmd, goto,-2
584.0, elevID,1,  pos,-2,  cmd, goto,-2
585.0, elevID,0,  pos,-2,  cmd, goto,-2
585.0, elevID,1,  pos,-2,  cmd, goto,-2
586.0, elevID,0,  pos,-2,  cmd, goto,-2
586.0, elevID,1,  pos,-2,  cmd, goto,-2
587.0, elevID,0,  pos,-2,  cmd, goto,-2
587.0, elevID,1,  pos,-2,  cmd, goto,-2
588.0, elevID,0,  pos,-2,  cmd, goto,-2
588.0, elevID,1,  pos,-2,  cmd, goto,-2
589.0, elevID,0,  pos,-2,  cmd, goto,-2
589.0, elevID,1,  pos,-2,  cmd, goto,-2
590.0, elevID,0,  pos,-2,  cmd, goto,-2
590.0, elevID,1,  pos,-2,  cmd, goto,-2
591.0, elevID,0,  pos,-2,  cmd, goto,-2
591.0, elevID,1,  pos,-2,  cmd, goto,-2
592.0, elevID,0,  pos,-2,  cmd, goto,-2
592.0, elevID,1,  pos,-2,  cmd, goto,-2
593.0, elevID,0,  pos,-2,  cmd, goto,-2
593.0, elevID,1,  pos,-2,  cmd, goto,-2
594.0, elevID,0,  pos,-2,  cmd, goto,-2
594.0, elevID,1,  pos,-2,  cmd, goto,-2
595.0, elevID,0,  pos,-2,  cmd, goto,-2
595.0, elevID,1,  pos,-2,  cmd, goto,-2
596.0, elevID,0,  pos,-2,  cmd, goto,-2
596.0, elevID,1,  pos,-2,  cmd, goto,-2
597.0,Elevator call,596.1232022872633,8,0,1,0, got allocated to elevator, 0
597.0, elevID,0,  pos,-2,  cmd, goto,-2
597.0, elevID,1,  pos,-2,  cmd, goto,-2
598.0, elevID,0,  pos,-2,  cmd, goto,-2
598.0, elevID,1,  pos,-2,  cmd, goto,-2
599.0, elevID,0,  pos,-2,  cmd, goto,-2
599.0, elevID,1,  pos,-2,  cmd, goto,-2
600.0, elevID,0,  pos,-2,  cmd, goto,-2
600.0, elevID,1,  pos,-2,  cmd, goto,-2
601.0,Elevator call,600.9312879686208,1,0,1,1, got allocated to elevator, 1
601.0, elevID,0,  pos,-2,  cmd, goto,-2
601.0, elevID,1,  pos,-2,  cmd, goto,-2
602.0, elevID,0,  pos,-2,  cmd, goto,-2
602.0, elevID,1,  pos,-2,  cmd, goto,-2
603.0, elevID,0,  pos,-2,  cmd, goto,-2
603.0, elevID,1,  pos,-2,  cmd, goto,-2
604.0,Elevator call,603.9342326983083,7,0,1,0, got allocated to elevator, 0
604.0, elevID,0,  pos,-2,  cmd, goto,-2
604.0, elevID,1,  pos,-2,  cmd, goto,-2
605.0, elevID,0,  pos,-2,  cmd, goto,-2
605.0, elevID,1,  pos,-2,  cmd, goto,-2
606.0, elevID,0,  pos,-2,  cmd, goto,-2
606.0, elevID,1,  pos,-2,  cmd, goto,-2
607.0, elevID,0,  pos,-2,  cmd, goto,-2
607.0, elevID,1,  pos,-2,  cmd, goto,-2
608.0, elevID,0,  pos,-2,  cmd, goto,-2
608.0, elevID,1,  pos,-2,  cmd, goto,-2
609.0, elevID,0,  pos,-2,  cmd, goto,-2
609.0, elevID,1,  pos,-2,  cmd, goto,-2
610.0, elevID,0,  pos,-2,  cmd, goto,-2
610.0, elevID,1,  pos,-2,  cmd, goto,-2
611.0, elevID,0,  pos,-2,  cmd, goto,-2
611.0, elevID,1,  pos,-2,  cmd, goto,-2
612.0, elevID,0,  pos,-2,  cmd, goto,-2
612.0, elevID,1,  pos,-2,  cmd, goto,-2
613.0, elevID,0,  pos,-2,  cmd, goto,-2
613.0, elevID,1,  pos,-2,  cmd, goto,-2
614.0, elevID,0,  pos,-2,  cmd, goto,-2
614.0, elevID,1,  pos,-2,  cmd, goto,-2
615.0, elevID,0,  pos,-2,  cmd, goto,-2
615.0, elevID,1,  pos,-2,  cmd, goto,-2
616.0, elevID,0,  pos,-2,  cmd, goto,-2
616.0, elevID,1,  pos,-2,  cmd, goto,-2
617.0, elevID,0,  pos,-2,  cmd, goto,-2
617.0, elevID,1,  pos,-2,  cmd, goto,-2
618.0,Elevator call,617.9628338542149,0,3,1,0, got allocated to elevator, 0
618.0, elevID,0,  pos,-2,  cmd, goto,-2
618.0, elevID,1,  pos,-2,  cmd, goto,-2
619.0, elevID,0,  pos,-2,  cmd, goto,-2
619.0, elevID,1,  pos,-2,  cmd, goto,-2
620.0,Elevator call,619.6454196970012,9,0,1,0, got allocated to elevator, 0
620.0, elevID,0,  pos,-2,  cmd, goto,-2
620.0, elevID,1,  pos,-2,  cmd, goto,-2
621.0, elevID,0,  pos,-2,  cmd, goto,-2
621.0, elevID,1,  pos,-2,  cmd, goto,-2
622.0, elevID,0,  pos,-2,  cmd, goto,-2
622.0, elevID,1,  pos,-2,  cmd, goto,-2
623.0, elevID,0,  pos,-2,  cmd, goto,-2
623.0, elevID,1,  pos,-2,  cmd, goto,-2
624.0, elevID,0,  pos,-2,  cmd, goto,-2
624.0, elevID,1,  pos,-2,  cmd, goto,-2
625.0, elevID,0,  pos,-2,  cmd, goto,-2
625.0, elevID,1,  pos,-2,  cmd, goto,-2
626.0, elevID,0,  pos,-2,  cmd, goto,-2
626.0, elevID,1,  pos,-2,  cmd, goto,-2
627.0,Elevator call,626.2116172047942,0,1,1,0, got allocated to elevator, 0
627.0, elevID,0,  pos,-2,  cmd, goto,-2
627.0, elevID,1,  pos,-2,  cmd, goto,-2
628.0, elevID,0,  pos,-2,  cmd, goto,-2
628.0, elevID,1,  pos,-2,  cmd, goto,-2
629.0, elevID,0,  pos,-2,  cmd, goto,-2
629.0, elevID,1,  pos,-2,  cmd, goto,-2
630.0, elevID,0,  pos,-2,  cmd, goto,-2
630.0, elevID,1,  pos,-2,  cmd, goto,-2
631.0, elevID,0,  pos,-2,  cmd, goto,-2
631.0, elevID,1,  pos,-2,  cmd, goto,-2
632.0, elevID,0,  pos,-2,  cmd, goto,-2
632.0, elevID,1,  pos,-2,  cmd, goto,-2
633.0, elevID,0,  pos,-2,  cmd, goto,-2
633.0, elevID,1,  pos,-2,  cmd, goto,-2
634.0, elevID,0,  pos,-2,  cmd, goto,-2
634.0, elevID,1,  pos,-2,  cmd, goto,-2
635.0, elevID,0,  pos,-2,  cmd, goto,-2
635.0, elevID,1,  pos,-2,  cmd, goto,-2
636.0, elevID,0,  pos,-2,  cmd, goto,-2
636.0, elevID,1,  pos,-2,  cmd, goto,-2
637.0, elevID,0,  pos,-2,  cmd, goto,-2
637.0, elevID,1,  pos,-2,  cmd, goto,-2
638.0, elevID,0,  pos,-2,  cmd, goto,-2
638.0, elevID,1,  pos,-2,  cmd, goto,-2
639.0, elevID,0,  pos,-2,  cmd, goto,-2
639.0, elevID,1,  pos,-2,  cmd, goto,-2
640.0, elevID,0,  pos,-2,  cmd, goto,-2
640.0, elevID,1,  pos,-2,  cmd, goto,-2
641.0, elevID,0,  pos,-2,  cmd, goto,-2
641.0, elevID,1,  pos,-2,  cmd, goto,-2
642.0, elevID,0,  pos,-2,  cmd, goto,-2
642.0, elevID,1,  pos,-2,  cmd, goto,-2
643.0, elevID,0,  pos,-2,  cmd, goto,-2
643.0, elevID,1,  pos,-2,  cmd, goto,-2
644.0,Elevator call,643.8547514955396,-1,2,1,0, got allocated to elevator, 0
644.0, elevID,0,  pos,-2,  cmd, goto,-2
644.0, elevID,1,  pos,-2,  cmd, goto,-2
645.0, elevID,0,  pos,-2,  cmd, goto,-2
645.0, elevID,1,  pos,-2,  cmd, goto,-2
646.0, elevID,0,  pos,-2,  cmd, goto,-2
646.0, elevID,1,  pos,-2,  cmd, goto,-2
647.0, elevID,0,  pos,-2,  cmd, goto,-2
647.0, elevID,1,  pos,-2,  cmd, goto,-2
648.0, elevID,0,  pos,-2,  cmd, goto,-2
648.0, elevID,1,  pos,-2,  cmd, goto,-2
649.0, elevID,0,  pos,-2,  cmd, goto,-2
649.0, elevID,1,  pos,-2,  cmd, goto,-2
650.0, elevID,0,  pos,-2,  cmd, goto,-2
650.0, elevID,1,  pos,-2,  cmd, goto,-2
651.0, elevID,0,  pos,-2,  cmd, goto,-2
651.0, elevID,1,  pos,-2,  cmd, goto,-2
652.0, elevID,0,  pos,-2,  cmd, goto,-2
652.0, elevID,1,  pos,-2,  cmd, goto,-2
653.0, elevID,0,  pos,-2,  cmd, goto,-2
653.0, elevID,1,  pos,-2,  cmd, goto,-2
654.0, elevID,0,  pos,-2,  cmd, goto,-2
654.0, elevID,1,  pos,-2,  cmd, goto,-2
655.0, elevID,0,  pos,-2,  cmd, goto,-2
655.0, elevID,1,  pos,-2,  cmd, goto,-2
656.0, elevID,0,  pos,-2,  cmd, goto,-2
656.0, elevID,1,  pos,-2,  cmd, goto,-2
657.0, elevID,0,  pos,-2,  cmd, goto,-2
657.0, elevID,1,  pos,-2,  cmd, goto,-2
658.0, elevID,0,  pos,-2,  cmd, goto,-2
658.0, elevID,1,  pos,-2,  cmd, goto,-2
659.0, elevID,0,  pos,-2,  cmd, goto,-2
659.0, elevID,1,  pos,-2,  cmd, goto,-2
660.0, elevID,0,  pos,-2,  cmd, goto,-2
660.0, elevID,1,  pos,-2,  cmd, goto,-2
661.0,Elevator call,660.0732907797126,6,10,1,0, got allocated to elevator, 0
661.0, elevID,0,  pos,-2,  cmd, goto,-2
661.0, elevID,1,  pos,-2,  cmd, goto,-2
662.0,Elevator call,661.0420820268716,-1,3,1,1, got allocated to elevator, 1
662.0, elevID,0,  pos,-2,  cmd, goto,-2
662.0, elevID,1,  pos,-2,  cmd, goto,-2
663.0,Elevator call,662.1730527520776,-1,5,1,0, got allocated to elevator, 0
663.0, elevID,0,  pos,-2,  cmd, goto,-2
663.0, elevID,1,  pos,-2,  cmd, goto,-2
664.0, elevID,0,  pos,-2,  cmd, goto,-2
664.0, elevID,1,  pos,-2,  cmd, goto,-2
665.0, elevID,0,  pos,-2,  cmd, goto,-2
665.0, elevID,1,  pos,-2,  cmd, goto,-2
666.0,Elevator call,665.1155548533167,-1,8,1,1, got allocated to elevator, 1
666.0, elevID,0,  pos,-2,  cmd, goto,-2
666.0, elevID,1,  pos,-2,  cmd, goto,-2
667.0,Elevator call,666.0340294605869,4,0,1,1, got allocated to elevator, 1
667.0,Elevator call,666.2411586665262,5,-1,1,1, got allocated to elevator, 1
667.0, elevID,0,  pos,-2,  cmd, goto,-2
667.0, elevID,1,  pos,-2,  cmd, goto,-2
668.0, elevID,0,  pos,-2,  cmd, goto,-2
668.0, elevID,1,  pos,-2,  cmd, goto,-2
669.0, elevID,0,  pos,-2,  cmd, goto,-2
669.0, elevID,1,  pos,-2,  cmd, goto,-2
670.0, elevID,0,  pos,-2,  cmd, goto,-2
670.0, elevID,1,  pos,-2,  cmd, goto,-2
671.0, elevID,0,  pos,-2,  cmd, goto,-2
671.0, elevID,1,  pos,-2,  cmd, goto,-2
672.0, elevID,0,  pos,-2,  cmd, goto,-2
672.0, elevID,1,  pos,-2,  cmd, goto,-2
673.0,Elevator call,672.677314157026,0,-1,1,1, got allocated to elevator, 1
673.0, elevID,0,  pos,-2,  cmd, goto,-2
673.0, elevID,1,  pos,-2,  cmd, goto,-2
674.0, elevID,0,  pos,-2,  cmd, goto,-2
674.0, elevID,1,  pos,-2,  cmd, goto,-2
675.0, elevID,0,  pos,-2,  cmd, goto,-2
675.0, elevID,1,  pos,-2,  cmd, goto,-2
676.0, elevID,0,  pos,-2,  cmd, goto,-2
676.0, elevID,1,  pos,-2,  cmd, goto,-2
677.0, elevID,0,  pos,-2,  cmd, goto,-2
677.0, elevID,1,  pos,-2,  cmd, goto,-2
678.0,Elevator call,677.7341948387335,0,-1,1,1, got allocated to elevator, 1
678.0, elevID,0,  pos,-2,  cmd, goto,-2
678.0, elevID,1,  pos,-2,  cmd, goto,-2
679.0,Elevator call,678.9953584914538,-1,-2,1,0, got allocated to elevator, 0
679.0, elevID,0,  pos,-2,  cmd, goto,-2
679.0, elevID,1,  pos,-2,  cmd, goto,-2
680.0, elevID,0,  pos,-2,  cmd, goto,-2
680.0, elevID,1,  pos,-2,  cmd, goto,-2
681.0, elevID,0,  pos,-2,  cmd, goto,-2
681.0, elevID,1,  pos,-2,  cmd, goto,-2
682.0, elevID,0,  pos,-2,  cmd, goto,-2
682.0, elevID,1,  pos,-2,  cmd, goto,-2
683.0, elevID,0,  pos,-2,  cmd, goto,-2
683.0, elevID,1,  pos,-2,  cmd, goto,-2
684.0, elevID,0,  pos,-2,  cmd, goto,-2
684.0, elevID,1,  pos,-2,  cmd, goto,-2
685.0, elevID,0,  pos,-2,  cmd, goto,-2
685.0, elevID,1,  pos,-2,  cmd, goto,-2
686.0, elevID,0,  pos,-2,  cmd, goto,-2
686.0, elevID,1,  pos,-2,  cmd, goto,-2
687.0, elevID,0,  pos,-2,  cmd, goto,-2
687.0, elevID,1,  pos,-2,  cmd, goto,-2
688.0, elevID,0,  pos,-2,  cmd, goto,-2
688.0, elevID,1,  pos,-2,  cmd, goto,-2
689.0, elevID,0,  pos,-2,  cmd, goto,-2
689.0, elevID,1,  pos,-2,  cmd, goto,-2
690.0, elevID,0,  pos,-2,  cmd, goto,-2
690.0, elevID,1,  pos,-2,  cmd, goto,-2
691.0, elevID,0,  pos,-2,  cmd, goto,-2
691.0, elevID,1,  pos,-2,  cmd, goto,-2
692.0, elevID,0,  pos,-2,  cmd, goto,-2
692.0, elevID,1,  pos,-2,  cmd, goto,-2
693.0, elevID,0,  pos,-2,  cmd, goto,-2
693.0, elevID,1,  pos,-2,  cmd, goto,-2
694.0, elevID,0,  pos,-2,  cmd, goto,-2
694.0, elevID,1,  pos,-2,  cmd, goto,-2
695.0, elevID,0,  pos,-2,  cmd, goto,-2
695.0, elevID,1,  pos,-2,  cmd, goto,-2
696.0,Elevator call,695.2239881566923,0,10,1,1, got allocated to elevator, 1
696.0, elevID,0,  pos,-2,  cmd, goto,-2
696.0, elevID,1,  pos,-2,  cmd, goto,-2
697.0, elevID,0,  pos,-2,  cmd, goto,-2
697.0, elevID,1,  pos,-2,  cmd, goto,-2
698.0, elevID,0,  pos,-2,  cmd, goto,-2
698.0, elevID,1,  pos,-2,  cmd, goto,-2
699.0, elevID,0,  pos,-2,  cmd, goto,-2
699.0, elevID,1,  pos,-2,  cmd, goto,-2
700.0, elevID,0,  pos,-2,  cmd, goto,-2
700.0, elevID,1,  pos,-2,  cmd, goto,-2
701.0, elevID,0,  pos,-2,  cmd, goto,-2
701.0, elevID,1,  pos,-2,  cmd, goto,-2
702.0, elevID,0,  pos,-2,  cmd, goto,-2
702.0, elevID,1,  pos,-2,  cmd, goto,-2
703.0, elevID,0,  pos,-2,  cmd, goto,-2
703.0, elevID,1,  pos,-2,  cmd, goto,-2
704.0, elevID,0,  pos,-2,  cmd, goto,-2
704.0, elevID,1,  pos,-2,  cmd, goto,-2
705.0, elevID,0,  pos,-2,  cmd, goto,-2
705.0, elevID,1,  pos,-2,  cmd, goto,-2
706.0, elevID,0,  pos,-2,  cmd, goto,-2
706.0, elevID,1,  pos,-2,  cmd, goto,-2
707.0,Elevator call,706.1583474999188,-1,-2,1,0, got allocated to elevator, 0
707.0, elevID,0,  pos,-2,  cmd, goto,-2
707.0, elevID,1,  pos,-2,  cmd, goto,-2
708.0, elevID,0,  pos,-2,  cmd, goto,-2
708.0, elevID,1,  pos,-2,  cmd, goto,-2
709.0, elevID,0,  pos,-2,  cmd, goto,-2
709.0, elevID,1,  pos,-2,  cmd, goto,-2
710.0, elevID,0,  pos,-2,  cmd, goto,-2
710.0, elevID,1,  pos,-2,  cmd, goto,-2
711.0,Elevator call,710.3249770041223,0,1,1,0, got allocated to elevator, 0
711.0, elevID,0,  pos,-2,  cmd, goto,-2
711.0, elevID,1,  pos,-2,  cmd, goto,-2
712.0, elevID,0,  pos,-2,  cmd, goto,-2
712.0, elevID,1,  pos,-2,  cmd, goto,-2
713.0, elevID,0,  pos,-2,  cmd, goto,-2
713.0, elevID,1,  pos,-2,  cmd, goto,-2
714.0,Elevator call,713.0191971398395,1,0,1,0, got allocated to elevator, 0
714.0,Elevator call,713.2499766424826,10,-1,1,1, got allocated to elevator, 1
714.0, elevID,0,  pos,-2,  cmd, goto,-2
714.0, elevID,1,  pos,-2,  cmd, goto,-2
715.0, elevID,0,  pos,-2,  cmd, goto,-2
715.0, elevID,1,  pos,-2,  cmd, goto,-2
716.0, elevID,0,  pos,-2,  cmd, goto,-2
716.0, elevID,1,  pos,-2,  cmd, goto,-2
717.0, elevID,0,  pos,-2,  cmd, goto,-2
717.0, elevID,1,  pos,-2,  cmd, goto,-2
718.0, elevID,0,  pos,-2,  cmd, goto,-2
718.0, elevID,1,  pos,-2,  cmd, goto,-2
719.0, elevID,0,  pos,-2,  cmd, goto,-2
719.0, elevID,1,  pos,-2,  cmd, goto,-2
720.0, elevID,0,  pos,-2,  cmd, goto,-2
720.0, elevID,1,  pos,-2,  cmd, goto,-2
721.0, elevID,0,  pos,-2,  cmd, goto,-2
721.0, elevID,1,  pos,-2,  cmd, goto,-2
722.0, elevID,0,  pos,-2,  cmd, goto,-2
722.0, elevID,1,  pos,-2,  cmd, goto,-2
723.0,Elevator call,722.6161212799507,10,0,1,1, got allocated to elevator, 1
723.0, elevID,0,  pos,-2,  cmd, goto,-2
723.0, elevID,1,  pos,-2,  cmd, goto,-2
724.0, elevID,0,  pos,-2,  cmd, goto,-2
724.0, elevID,1,  pos,-2,  cmd, goto,-2
725.0, elevID,0,  pos,-2,  cmd, goto,-2
725.0, elevID,1,  pos,-2,  cmd, goto,-2
726.0, elevID,0,  pos,-2,  cmd, goto,-2
726.0, elevID,1,  pos,-2,  cmd, goto,-2
727.0, elevID,0,  pos,-2,  cmd, goto,-2
727.0, elevID,1,  pos,-2,  cmd, goto,-2
728.0,Elevator call,727.514602863032,-1,0,1,0, got allocated to elevator, 0
728.0, elevID,0,  pos,-2,  cmd, goto,-2
728.0, elevID,1,  pos,-2,  cmd, goto,-2
729.0, elevID,0,  pos,-2,  cmd, goto,-2
729.0, elevID,1,  pos,-2,  cmd, goto,-2
730.0, elevID,0,  pos,-2,  cmd, goto,-2
730.0, elevID,1,  pos,-2,  cmd, goto,-2
731.0, elevID,0,  pos,-2,  cmd, goto,-2
731.0, elevID,1,  pos,-2,  cmd, goto,-2
732.0, elevID,0,  pos,-2,  cmd, goto,-2
732.0, elevID,1,  pos,-2,  cmd, goto,-2
733.0,Elevator call,732.9746341348998,6,-1,1,1, got allocated to elevator, 1
733.0, elevID,0,  pos,-2,  cmd, goto,-2
733.0, elevID,1,  pos,-2,  cmd, goto,-2
734.0, elevID,0,  pos,-2,  cmd, goto,-2
734.0, elevID,1,  pos,-2,  cmd, goto,-2
735.0, elevID,0,  pos,-2,  cmd, goto,-2
735.0, elevID,1,  pos,-2,  cmd, goto,-2
736.0, elevID,0,  pos,-2,  cmd, goto,-2
736.0, elevID,1,  pos,-2,  cmd, goto,-2
737.0, elevID,0,  pos,-2,  cmd, goto,-2
737.0, elevID,1,  pos,-2,  cmd, goto,-2
738.0,Elevator call,737.314720213409,1,0,1,0, got allocated to elevator, 0
738.0, elevID,0,  pos,-2,  cmd, goto,-2
738.0, elevID,1,  pos,-2,  cmd, goto,-2
739.0, elevID,0,  pos,-2,  cmd, goto,-2
739.0, elevID,1,  pos,-2,  cmd, goto,-2
740.0, elevID,0,  pos,-2,  cmd, goto,-2
740.0, elevID,1,  pos,-2,  cmd, goto,-2
741.0, elevID,0,  pos,-2,  cmd, goto,-2
741.0, elevID,1,  pos,-2,  cmd, goto,-2
742.0, elevID,0,  pos,-2,  cmd, goto,-2
742.0, elevID,1,  pos,-2,  cmd, goto,-2
743.0, elevID,0,  pos,-2,  cmd, goto,-2
743.0, elevID,1,  pos,-2,  cmd, goto,-2
744.0, elevID,0,  pos,-2,  cmd, goto,-2
744.0, elevID,1,  pos,-2,  cmd, goto,-2
745.0, elevID,0,  pos,-2,  cmd, goto,-2
745.0, elevID,1,  pos,-2,  cmd, goto,-2
746.0, elevID,0,  pos,-2,  cmd, goto,-2
746.0, elevID,1,  pos,-2,  cmd, goto,-2
747.0, elevID,0,  pos,-2,  cmd, goto,-2
747.0, elevID,1,  pos,-2,  cmd, goto,-2
748.0, elevID,0,  pos,-2,  cmd, goto,-2
748.0, elevID,1,  pos,-2,  cmd, goto,-2
749.0, elevID,0,  pos,-2,  cmd, goto,-2
749.0, elevID,1,  pos,-2,  cmd, goto,-2
750.0, elevID,0,  pos,-2,  cmd, goto,-2
750.0, elevID,1,  pos,-2,  cmd, goto,-2
751.0, elevID,0,  pos,-2,  cmd, goto,-2
751.0, elevID,1,  pos,-2,  cmd, goto,-2
752.0, elevID,0,  pos,-2,  cmd, goto,-2
752.0, elevID,1,  pos,-2,  cmd, goto,-2
753.0, elevID,0,  pos,-2,  cmd, goto,-2
753.0, elevID,1,  pos,-2,  cmd, goto,-2
754.0, elevID,0,  pos,-2,  cmd, goto,-2
754.0, elevID,1,  pos,-2,  cmd, goto,-2
755.0, elevID,0,  pos,-2,  cmd, goto,-2
755.0, elevID,1,  pos,-2,  cmd, goto,-2
756.0, elevID,0,  pos,-2,  cmd, goto,-2
756.0, elevID,1,  pos,-2,  cmd, goto,-2
757.0, elevID,0,  pos,-2,  cmd, goto,-2
757.0, elevID,1,  pos,-2,  cmd, goto,-2
758.0, elevID,0,  pos,-2,  cmd, goto,-2
758.0, elevID,1,  pos,-2,  cmd, goto,-2
759.0, elevID,0,  pos,-2,  cmd, goto,-2
759.0, elevID,1,  pos,-2,  cmd, goto,-2
760.0, elevID,0,  pos,-2,  cmd, goto,-2
760.0, elevID,1,  pos,-2,  cmd, goto,-2
761.0, elevID,0,  pos,-2,  cmd, goto,-2
761.0, elevID,1,  pos,-2,  cmd, goto,-2
762.0, elevID,0,  pos,-2,  cmd, goto,-2
762.0, elevID,1,  pos,-2,  cmd, goto,-2
763.0, elevID,0,  pos,-2,  cmd, goto,-2
763.0, elevID,1,  pos,-2,  cmd, goto,-2
764.0, elevID,0,  pos,-2,  cmd, goto,-2
764.0, elevID,1,  pos,-2,  cmd, goto,-2
765.0, elevID,0,  pos,-2,  cmd, goto,-2
765.0, elevID,1,  pos,-2,  cmd, goto,-2
766.0, elevID,0,  pos,-2,  cmd, goto,-2
766.0, elevID,1,  pos,-2,  cmd, goto,-2
767.0, elevID,0,  pos,-2,  cmd, goto,-2
767.0, elevID,1,  pos,-2,  cmd, goto,-2
768.0, elevID,0,  pos,-2,  cmd, goto,-2
768.0, elevID,1,  pos,-2,  cmd, goto,-2
769.0, elevID,0,  pos,-2,  cmd, goto,-2
769.0, elevID,1,  pos,-2,  cmd, goto,-2
770.0, elevID,0,  pos,-2,  cmd, goto,-2
770.0, elevID,1,  pos,-2,  cmd, goto,-2
771.0, elevID,0,  pos,-2,  cmd, goto,-2
771.0, elevID,1,  pos,-2,  cmd, goto,-2
772.0, elevID,0,  pos,-2,  cmd, goto,-2
772.0, elevID,1,  pos,-2,  cmd, goto,-2
773.0, elevID,0,  pos,-2,  cmd, goto,-2
773.0, elevID,1,  pos,-2,  cmd, goto,-2
774.0, elevID,0,  pos,-2,  cmd, goto,-2
774.0, elevID,1,  pos,-2,  cmd, goto,-2
775.0, elevID,0,  pos,-2,  cmd, goto,-2
775.0, elevID,1,  pos,-2,  cmd, goto,-2
776.0, elevID,0,  pos,-2,  cmd, goto,-2
776.0, elevID,1,  pos,-2,  cmd, goto,-2
777.0, elevID,0,  pos,-2,  cmd, goto,-2
777.0, elevID,1,  pos,-2,  cmd, goto,-2
778.0, elevID,0,  pos,-2,  cmd, goto,-2
778.0, elevID,1,  pos,-2,  cmd, goto,-2
779.0, elevID,0,  pos,-2,  cmd, goto,-2
779.0, elevID,1,  pos,-2,  cmd, goto,-2
780.0,Elevator call,779.399691386574,-1,5,1,0, got allocated to elevator, 0
780.0, elevID,0,  pos,-2,  cmd, goto,-2
780.0, elevID,1,  pos,-2,  cmd, goto,-2
781.0, elevID,0,  pos,-2,  cmd, goto,-2
781.0, elevID,1,  pos,-2,  cmd, goto,-2
782.0, elevID,0,  pos,-2,  cmd, goto,-2
782.0, elevID,1,  pos,-2,  cmd, goto,-2
783.0, elevID,0,  pos,-2,  cmd, goto,-2
783.0, elevID,1,  pos,-2,  cmd, goto,-2
784.0, elevID,0,  pos,-2,  cmd, goto,-2
784.0, elevID,1,  pos,-2,  cmd, goto,-2
785.0, elevID,0,  pos,-2,  cmd, goto,-2
785.0, elevID,1,  pos,-2,  cmd, goto,-2
786.0, elevID,0,  pos,-2,  cmd, goto,-2
786.0, elevID,1,  pos,-2,  cmd, goto,-2
787.0, elevID,0,  pos,-2,  cmd, goto,-2
787.0, elevID,1,  pos,-2,  cmd, goto,-2
788.0, elevID,0,  pos,-2,  cmd, goto,-2
788.0, elevID,1,  pos,-2,  cmd, goto,-2
789.0, elevID,0,  pos,-2,  cmd, goto,-2
789.0, elevID,1,  pos,-2,  cmd, goto,-2
790.0, elevID,0,  pos,-2,  cmd, goto,-2
790.0, elevID,1,  pos,-2,  cmd, goto,-2
791.0, elevID,0,  pos,-2,  cmd, goto,-2
791.0, elevID,1,  pos,-2,  cmd, goto,-2
792.0, elevID,0,  pos,-2,  cmd, goto,-2
792.0, elevID,1,  pos,-2,  cmd, goto,-2
793.0, elevID,0,  pos,-2,  cmd, goto,-2
793.0, elevID,1,  pos,-2,  cmd, goto,-2
794.0, elevID,0,  pos,-2,  cmd, goto,-2
794.0, elevID,1,  pos,-2,  cmd, goto,-2
795.0, elevID,0,  pos,-2,  cmd, goto,-2
795.0, elevID,1,  pos,-2,  cmd, goto,-2
796.0, elevID,0,  pos,-2,  cmd, goto,-2
796.0, elevID,1,  pos,-2,  cmd, goto,-2
797.0, elevID,0,  pos,-2,  cmd, goto,-2
797.0, elevID,1,  pos,-2,  cmd, goto,-2
798.0, elevID,0,  pos,-2,  cmd, goto,-2
798.0, elevID,1,  pos,-2,  cmd, goto,-2
799.0, elevID,0,  pos,-2,  cmd, goto,-2
799.0, elevID,1,  pos,-2,  cmd, goto,-2
800.0, elevID,0,  pos,-2,  cmd, goto,-2
800.0, elevID,1,  pos,-2,  cmd, goto,-2
801.0, elevID,0,  pos,-2,  cmd, goto,-2
801.0, elevID,1,  pos,-2,  cmd, goto,-2
802.0, elevID,0,  pos,-2,  cmd, goto,-2
802.0, elevID,1,  pos,-2,  cmd, goto,-2
803.0, elevID,0,  pos,-2,  cmd, goto,-2
803.0, elevID,1,  pos,-2,  cmd, goto,-2
804.0, elevID,0,  pos,-2,  cmd, goto,-2
804.0, elevID,1,  pos,-2,  cmd, goto,-2
805.0, elevID,0,  pos,-2,  cmd, goto,-2
805.0, elevID,1,  pos,-2,  cmd, goto,-2
806.0,Elevator call,805.6754743307536,-1,-2,1,0, got allocated to elevator, 0
806.0, elevID,0,  pos,-2,  cmd, goto,-2
806.0, elevID,1,  pos,-2,  cmd, goto,-2
807.0, elevID,0,  pos,-2,  cmd, goto,-2
807.0, elevID,1,  pos,-2,  cmd, goto,-2
808.0, elevID,0,  pos,-2,  cmd, goto,-2
808.0, elevID,1,  pos,-2,  cmd, goto,-2
809.0, elevID,0,  pos,-2,  cmd, goto,-2
809.0, elevID,1,  pos,-2,  cmd, goto,-2
810.0, elevID,0,  pos,-2,  cmd, goto,-2
810.0, elevID,1,  pos,-2,  cmd, goto,-2
811.0,Elevator call,810.4469089359914,2,0,1,0, got allocated to elevator, 0
811.0, elevID,0,  pos,-2,  cmd, goto,-2
811.0, elevID,1,  pos,-2,  cmd, goto,-2
812.0, elevID,0,  pos,-2,  cmd, goto,-2
812.0, elevID,1,  pos,-2,  cmd, goto,-2
813.0, elevID,0,  pos,-2,  cmd, goto,-2
813.0, elevID,1,  pos,-2,  cmd, goto,-2
814.0, elevID,0,  pos,-2,  cmd, goto,-2
814.0, elevID,1,  pos,-2,  cmd, goto,-2
815.0, elevID,0,  pos,-2,  cmd, goto,-2
815.0, elevID,1,  pos,-2,  cmd, goto,-2
816.0, elevID,0,  pos,-2,  cmd, goto,-2
816.0, elevID,1,  pos,-2,  cmd, goto,-2
817.0,Elevator call,816.1516998390152,7,-1,1,1, got allocated to elevator, 1
817.0, elevID,0,  pos,-2,  cmd, goto,-2
817.0, elevID,1,  pos,-2,  cmd, goto,-2
818.0, elevID,0,  pos,-2,  cmd, goto,-2
818.0, elevID,1,  pos,-2,  cmd, goto,-2
819.0, elevID,0,  pos,-2,  cmd, goto,-2
819.0, elevID,1,  pos,-2,  cmd, goto,-2
820.0, elevID,0,  pos,-2,  cmd, goto,-2
820.0, elevID,1,  pos,-2,  cmd, goto,-2
821.0, elevID,0,  pos,-2,  cmd, goto,-2
821.0, elevID,1,  pos,-2,  cmd, goto,-2
822.0, elevID,0,  pos,-2,  cmd, goto,-2
822.0, elevID,1,  pos,-2,  cmd, goto,-2
823.0, elevID,0,  pos,-2,  cmd, goto,-2
823.0, elevID,1,  pos,-2,  cmd, goto,-2
824.0, elevID,0,  pos,-2,  cmd, goto,-2
824.0, elevID,1,  pos,-2,  cmd, goto,-2
825.0, elevID,0,  pos,-2,  cmd, goto,-2
825.0, elevID,1,  pos,-2,  cmd, goto,-2
826.0,Elevator call,825.4575184586336,7,0,1,0, got allocated to elevator, 0
826.0, elevID,0,  pos,-2,  cmd, goto,-2
826.0, elevID,1,  pos,-2,  cmd, goto,-2
827.0, elevID,0,  pos,-2,  cmd, goto,-2
827.0, elevID,1,  pos,-2,  cmd, goto,-2
828.0, elevID,0,  pos,-2,  cmd, goto,-2
828.0, elevID,1,  pos,-2,  cmd, goto,-2
829.0, elevID,0,  pos,-2,  cmd, goto,-2
829.0, elevID,1,  pos,-2,  cmd, goto,-2
830.0, elevID,0,  pos,-2,  cmd, goto,-2
830.0, elevID,1,  pos,-2,  cmd, goto,-2
831.0, elevID,0,  pos,-2,  cmd, goto,-2
831.0, elevID,1,  pos,-2,  cmd, goto,-2
832.0, elevID,0,  pos,-2,  cmd, goto,-2
832.0, elevID,1,  pos,-2,  cmd, goto,-2
833.0, elevID,0,  pos,-2,  cmd, goto,-2
833.0, elevID,1,  pos,-2,  cmd, goto,-2
834.0, elevID,0,  pos,-2,  cmd, goto,-2
834.0, elevID,1,  pos,-2,  cmd, goto,-2
835.0, elevID,0,  pos,-2,  cmd, goto,-2
835.0, elevID,1,  pos,-2,  cmd, goto,-2
836.0, elevID,0,  pos,-2,  cmd, goto,-2
836.0, elevID,1,  pos,-2,  cmd, goto,-2
837.0, elevID,0,  pos,-2,  cmd, goto,-2
837.0, elevID,1,  pos,-2,  cmd, goto,-2
838.0, elevID,0,  pos,-2,  cmd, goto,-2
838.0, elevID,1,  pos,-2,  cmd, goto,-2
839.0, elevID,0,  pos,-2,  cmd, goto,-2
839.0, elevID,1,  pos,-2,  cmd, goto,-2
840.0,Elevator call,839.8525652620532,0,1,1,0, got allocated to elevator, 0
840.0, elevID,0,  pos,-2,  cmd, goto,-2
840.0, elevID,1,  pos,-2,  cmd, goto,-2
841.0, elevID,0,  pos,-2,  cmd, goto,-2
841.0, elevID,1,  pos,-2,  cmd, goto,-2
842.0, elevID,0,  pos,-2,  cmd, goto,-2
842.0, elevID,1,  pos,-2,  cmd, goto,-2
843.0, elevID,0,  pos,-2,  cmd, goto,-2
843.0, elevID,1,  pos,-2,  cmd, goto,-2
844.0, elevID,0,  pos,-2,  cmd, goto,-2
844.0, elevID,1,  pos,-2,  cmd, goto,-2
845.0, elevID,0,  pos,-2,  cmd, goto,-2
845.0, elevID,1,  pos,-2,  cmd, goto,-2
846.0, elevID,0,  pos,-2,  cmd, goto,-2
846.0, elevID,1,  pos,-2,  cmd, goto,-2
847.0, elevID,0,  pos,-2,  cmd, goto,-2
847.0, elevID,1,  pos,-2,  cmd, goto,-2
848.0, elevID,0,  pos,-2,  cmd, goto,-2
848.0, elevID,1,  pos,-2,  cmd, goto,-2
849.0, elevID,0,  pos,-2,  cmd, goto,-2
849.0, elevID,1,  pos,-2,  cmd, goto,-2
850.0, elevID,0,  pos,-2,  cmd, goto,-2
850.0, elevID,1,  pos,-2,  cmd, goto,-2
851.0, elevID,0,  pos,-2,  cmd, goto,-2
851.0, elevID,1,  pos,-2,  cmd, goto,-2
852.0, elevID,0,  pos,-2,  cmd, goto,-2
852.0, elevID,1,  pos,-2,  cmd, goto,-2
853.0, elevID,0,  pos,-2,  cmd, goto,-2
853.0, elevID,1,  pos,-2,  cmd, goto,-2
854.0, elevID,0,  pos,-2,  cmd, goto,-2
854.0, elevID,1,  pos,-2,  cmd, goto,-2
855.0,Elevator call,854.2002278085795,6,-1,1,0, got allocated to elevator, 0
855.0, elevID,0,  pos,-2,  cmd, goto,-2
855.0, elevID,1,  pos,-2,  cmd, goto,-2
856.0, elevID,0,  pos,-2,  cmd, goto,-2
856.0, elevID,1,  pos,-2,  cmd, goto,-2
857.0, elevID,0,  pos,-2,  cmd, goto,-2
857.0, elevID,1,  pos,-2,  cmd, goto,-2
858.0, elevID,0,  pos,-2,  cmd, goto,-2
858.0, elevID,1,  pos,-2,  cmd, goto,-2
859.0, elevID,0,  pos,-2,  cmd, goto,-2
859.0, elevID,1,  pos,-2,  cmd, goto,-2
860.0, elevID,0,  pos,-2,  cmd, goto,-2
860.0, elevID,1,  pos,-2,  cmd, goto,-2
861.0, elevID,0,  pos,-2,  cmd, goto,-2
861.0, elevID,1,  pos,-2,  cmd, goto,-2
862.0, elevID,0,  pos,-2,  cmd, goto,-2
862.0, elevID,1,  pos,-2,  cmd, goto,-2
863.0, elevID,0,  pos,-2,  cmd, goto,-2
863.0, elevID,1,  pos,-2,  cmd, goto,-2
864.0,Elevator call,863.893291272948,0,-1,1,1, got allocated to elevator, 1
864.0, elevID,0,  pos,-2,  cmd, goto,-2
864.0, elevID,1,  pos,-2,  cmd, goto,-2
865.0, elevID,0,  pos,-2,  cmd, goto,-2
865.0, elevID,1,  pos,-2,  cmd, goto,-2
866.0, elevID,0,  pos,-2,  cmd, goto,-2
866.0, elevID,1,  pos,-2,  cmd, goto,-2
867.0, elevID,0,  pos,-2,  cmd, goto,-2
867.0, elevID,1,  pos,-2,  cmd, goto,-2
868.0, elevID,0,  pos,-2,  cmd, goto,-2
868.0, elevID,1,  pos,-2,  cmd, goto,-2
869.0, elevID,0,  pos,-2,  cmd, goto,-2
869.0, elevID,1,  pos,-2,  cmd, goto,-2
870.0, elevID,0,  pos,-2,  cmd, goto,-2
870.0, elevID,1,  pos,-2,  cmd, goto,-2
871.0,Elevator call,870.5053023797483,0,7,1,1, got allocated to elevator, 1
871.0, elevID,0,  pos,-2,  cmd, goto,-2
871.0, elevID,1,  pos,-2,  cmd, goto,-2
872.0, elevID,0,  pos,-2,  cmd, goto,-2
872.0, elevID,1,  pos,-2,  cmd, goto,-2
873.0, elevID,0,  pos,-2,  cmd, goto,-2
873.0, elevID,1,  pos,-2,  cmd, goto,-2
874.0, elevID,0,  pos,-2,  cmd, goto,-2
874.0, elevID,1,  pos,-2,  cmd, goto,-2
875.0, elevID,0,  pos,-2,  cmd, goto,-2
875.0, elevID,1,  pos,-2,  cmd, goto,-2
876.0, elevID,0,  pos,-2,  cmd, goto,-2
876.0, elevID,1,  pos,-2,  cmd, goto,-2
877.0, elevID,0,  pos,-2,  cmd, goto,-2
877.0, elevID,1,  pos,-2,  cmd, goto,-2
878.0, elevID,0,  pos,-2,  cmd, goto,-2
878.0, elevID,1,  pos,-2,  cmd, goto,-2
879.0, elevID,0,  pos,-2,  cmd, goto,-2
879.0, elevID,1,  pos,-2,  cmd, goto,-2
880.0, elevID,0,  pos,-2,  cmd, goto,-2
880.0, elevID,1,  pos,-2,  cmd, goto,-2
881.0, elevID,0,  pos,-2,  cmd, goto,-2
881.0, elevID,1,  pos,-2,  cmd, goto,-2
882.0, elevID,0,  pos,-2,  cmd, goto,-2
882.0, elevID,1,  pos,-2,  cmd, goto,-2
883.0, elevID,0,  pos,-2,  cmd, goto,-2
883.0, elevID,1,  pos,-2,  cmd, goto,-2
884.0, elevID,0,  pos,-2,  cmd, goto,-2
884.0, elevID,1,  pos,-2,  cmd, goto,-2
885.0, elevID,0,  pos,-2,  cmd, goto,-2
885.0, elevID,1,  pos,-2,  cmd, goto,-2
886.0, elevID,0,  pos,-2,  cmd, goto,-2
886.0, elevID,1,  pos,-2,  cmd, goto,-2
887.0,Elevator call,886.5649993239458,-1,-2,1,0, got allocated to elevator, 0
887.0, elevID,0,  pos,-2,  cmd, goto,-2
887.0, elevID,1,  pos,-2,  cmd, goto,-2
888.0, elevID,0,  pos,-2,  cmd, goto,-2
888.0, elevID,1,  pos,-2,  cmd, goto,-2
889.0, elevID,0,  pos,-2,  cmd, goto,-2
889.0, elevID,1,  pos,-2,  cmd, goto,-2
890.0, elevID,0,  pos,-2,  cmd, goto,-2
890.0, elevID,1,  pos,-2,  cmd, goto,-2
891.0, elevID,0,  pos,-2,  cmd, goto,-2
891.0, elevID,1,  pos,-2,  cmd, goto,-2
892.0, elevID,0,  pos,-2,  cmd, goto,-2
892.0, elevID,1,  pos,-2,  cmd, goto,-2
893.0,Elevator call,892.5212150591021,9,-1,1,0, got allocated to elevator, 0
893.0, elevID,0,  pos,-2,  cmd, goto,-2
893.0, elevID,1,  pos,-2,  cmd, goto,-2
894.0, elevID,0,  pos,-2,  cmd, goto,-2
894.0, elevID,1,  pos,-2,  cmd, goto,-2
895.0, elevID,0,  pos,-2,  cmd, goto,-2
895.0, elevID,1,  pos,-2,  cmd, goto,-2
896.0, elevID,0,  pos,-2,  cmd, goto,-2
896.0, elevID,1,  pos,-2,  cmd, goto,-2
897.0, elevID,0,  pos,-2,  cmd, goto,-2
897.0, elevID,1,  pos,-2,  cmd, goto,-2
898.0, elevID,0,  pos,-2,  cmd, goto,-2
898.0, elevID,1,  pos,-2,  cmd, goto,-2
899.0, elevID,0,  pos,-2,  cmd, goto,-2
899.0, elevID,1,  pos,-2,  cmd, goto,-2
900.0, elevID,0,  pos,-2,  cmd, goto,-2
900.0, elevID,1,  pos,-2,  cmd, goto,-2
901.0, elevID,0,  pos,-2,  cmd, goto,-2
901.0, elevID,1,  pos,-2,  cmd, goto,-2
902.0, elevID,0,  pos,-2,  cmd, goto,-2
902.0, elevID,1,  pos,-2,  cmd, goto,-2
903.0, elevID,0,  pos,-2,  cmd, goto,-2
903.0, elevID,1,  pos,-2,  cmd, goto,-2
904.0, elevID,0,  pos,-2,  cmd, goto,-2
904.0, elevID,1,  pos,-2,  cmd, goto,-2
905.0, elevID,0,  pos,-2,  cmd, goto,-2
905.0, elevID,1,  pos,-2,  cmd, goto,-2
906.0, elevID,0,  pos,-2,  cmd, goto,-2
906.0, elevID,1,  pos,-2,  cmd, goto,-2
907.0, elevID,0,  pos,-2,  cmd, goto,-2
907.0, elevID,1,  pos,-2,  cmd, goto,-2
908.0, elevID,0,  pos,-2,  cmd, goto,-2
908.0, elevID,1,  pos,-2,  cmd, goto,-2
909.0, elevID,0,  pos,-2,  cmd, goto,-2
909.0, elevID,1,  pos,-2,  cmd, goto,-2
910.0, elevID,0,  pos,-2,  cmd, goto,-2
910.0, elevID,1,  pos,-2,  cmd, goto,-2
911.0,Elevator call,910.5388559417848,6,5,1,1, got allocated to elevator, 1
911.0, elevID,0,  pos,-2,  cmd, goto,-2
911.0, elevID,1,  pos,-2,  cmd, goto,-2
912.0, elevID,0,  pos,-2,  cmd, goto,-2
912.0, elevID,1,  pos,-2,  cmd, goto,-2
913.0, elevID,0,  pos,-2,  cmd, goto,-2
913.0, elevID,1,  pos,-2,  cmd, goto,-2
914.0, elevID,0,  pos,-2,  cmd, goto,-2
914.0, elevID,1,  pos,-2,  cmd, goto,-2
915.0, elevID,0,  pos,-2,  cmd, goto,-2
915.0, elevID,1,  pos,-2,  cmd, goto,-2
916.0,Elevator call,915.9490574608818,4,-1,1,0, got allocated to elevator, 0
916.0, elevID,0,  pos,-2,  cmd, goto,-2
916.0, elevID,1,  pos,-2,  cmd, goto,-2
917.0, elevID,0,  pos,-2,  cmd, goto,-2
917.0, elevID,1,  pos,-2,  cmd, goto,-2
918.0, elevID,0,  pos,-2,  cmd, goto,-2
918.0, elevID,1,  pos,-2,  cmd, goto,-2
919.0, elevID,0,  pos,-2,  cmd, goto,-2
919.0, elevID,1,  pos,-2,  cmd, goto,-2
920.0, elevID,0,  pos,-2,  cmd, goto,-2
920.0, elevID,1,  pos,-2,  cmd, goto,-2
921.0, elevID,0,  pos,-2,  cmd, goto,-2
921.0, elevID,1,  pos,-2,  cmd, goto,-2
922.0, elevID,0,  pos,-2,  cmd, goto,-2
922.0, elevID,1,  pos,-2,  cmd, goto,-2
923.0, elevID,0,  pos,-2,  cmd, goto,-2
923.0, elevID,1,  pos,-2,  cmd, goto,-2
924.0, elevID,0,  pos,-2,  cmd, goto,-2
924.0, elevID,1,  pos,-2,  cmd, goto,-2
925.0, elevID,0,  pos,-2,  cmd, goto,-2
925.0, elevID,1,  pos,-2,  cmd, goto,-2
926.0, elevID,0,  pos,-2,  cmd, goto,-2
926.0, elevID,1,  pos,-2,  cmd, goto,-2
927.0, elevID,0,  pos,-2,  cmd, goto,-2
927.0, elevID,1,  pos,-2,  cmd, goto,-2
928.0, elevID,0,  pos,-2,  cmd, goto,-2
928.0, elevID,1,  pos,-2,  cmd, goto,-2
929.0, elevID,0,  pos,-2,  cmd, goto,-2
929.0, elevID,1,  pos,-2,  cmd, goto,-2
930.0, elevID,0,  pos,-2,  cmd, goto,-2
930.0, elevID,1,  pos,-2,  cmd, goto,-2
931.0, elevID,0,  pos,-2,  cmd, goto,-2
931.0, elevID,1,  pos,-2,  cmd, goto,-2
932.0, elevID,0,  pos,-2,  cmd, goto,-2
932.0, elevID,1,  pos,-2,  cmd, goto,-2
933.0, elevID,0,  pos,-2,  cmd, goto,-2
933.0, elevID,1,  pos,-2,  cmd, goto,-2
934.0,Elevator call,933.8580452488764,7,5,1,1, got allocated to elevator, 1
934.0, elevID,0,  pos,-2,  cmd, goto,-2
934.0, elevID,1,  pos,-2,  cmd, goto,-2
935.0, elevID,0,  pos,-2,  cmd, goto,-2
935.0, elevID,1,  pos,-2,  cmd, goto,-2
936.0, elevID,0,  pos,-2,  cmd, goto,-2
936.0, elevID,1,  pos,-2,  cmd, goto,-2
937.0, elevID,0,  pos,-2,  cmd, goto,-2
937.0, elevID,1,  pos,-2,  cmd, goto,-2
938.0, elevID,0,  pos,-2,  cmd, goto,-2
938.0, elevID,1,  pos,-2,  cmd, goto,-2
939.0, elevID,0,  pos,-2,  cmd, goto,-2
939.0, elevID,1,  pos,-2,  cmd, goto,-2
940.0, elevID,0,  pos,-2,  cmd, goto,-2
940.0, elevID,1,  pos,-2,  cmd, goto,-2
941.0, elevID,0,  pos,-2,  cmd, goto,-2
941.0, elevID,1,  pos,-2,  cmd, goto,-2
942.0, elevID,0,  pos,-2,  cmd, goto,-2
942.0, elevID,1,  pos,-2,  cmd, goto,-2
943.0, elevID,0,  pos,-2,  cmd, goto,-2
943.0, elevID,1,  pos,-2,  cmd, goto,-2
944.0, elevID,0,  pos,-2,  cmd, goto,-2
944.0, elevID,1,  pos,-2,  cmd, goto,-2
945.0, elevID,0,  pos,-2,  cmd, goto,-2
945.0, elevID,1,  pos,-2,  cmd, goto,-2
946.0, elevID,0,  pos,-2,  cmd, goto,-2
946.0, elevID,1,  pos,-2,  cmd, goto,-2
947.0, elevID,0,  pos,-2,  cmd, goto,-2
947.0, elevID,1,  pos,-2,  cmd, goto,-2
948.0, elevID,0,  pos,-2,  cmd, goto,-2
948.0, elevID,1,  pos,-2,  cmd, goto,-2
949.0, elevID,0,  pos,-2,  cmd, goto,-2
949.0, elevID,1,  pos,-2,  cmd, goto,-2
950.0, elevID,0,  pos,-2,  cmd, goto,-2
950.0, elevID,1,  pos,-2,  cmd, goto,-2
951.0, elevID,0,  pos,-2,  cmd, goto,-2
951.0, elevID,1,  pos,-2,  cmd, goto,-2
952.0, elevID,0,  pos,-2,  cmd, goto,-2
952.0, elevID,1,  pos,-2,  cmd, goto,-2
953.0, elevID,0,  pos,-2,  cmd, goto,-2
953.0, elevID,1,  pos,-2,  cmd, goto,-2
954.0, elevID,0,  pos,-2,  cmd, goto,-2
954.0, elevID,1,  pos,-2,  cmd, goto,-2
955.0, elevID,0,  pos,-2,  cmd, goto,-2
955.0, elevID,1,  pos,-2,  cmd, goto,-2
956.0, elevID,0,  pos,-2,  cmd, goto,-2
956.0, elevID,1,  pos,-2,  cmd, goto,-2
957.0, elevID,0,  pos,-2,  cmd, goto,-2
957.0, elevID,1,  pos,-2,  cmd, goto,-2
958.0, elevID,0,  pos,-2,  cmd, goto,-2
958.0, elevID,1,  pos,-2,  cmd, goto,-2
959.0, elevID,0,  pos,-2,  cmd, goto,-2
959.0, elevID,1,  pos,-2,  cmd, goto,-2
960.0, elevID,0,  pos,-2,  cmd, goto,-2
960.0, elevID,1,  pos,-2,  cmd, goto,-2
961.0, elevID,0,  pos,-2,  cmd, goto,-2
961.0, elevID,1,  pos,-2,  cmd, goto,-2
962.0,Elevator call,961.6862855708133,6,-1,1,1, got allocated to elevator, 1
962.0, elevID,0,  pos,-2,  cmd, goto,-2
962.0, elevID,1,  pos,-2,  cmd, goto,-2
963.0, elevID,0,  pos,-2,  cmd, goto,-2
963.0, elevID,1,  pos,-2,  cmd, goto,-2
964.0, elevID,0,  pos,-2,  cmd, goto,-2
964.0, elevID,1,  pos,-2,  cmd, goto,-2
965.0, elevID,0,  pos,-2,  cmd, goto,-2
965.0, elevID,1,  pos,-2,  cmd, goto,-2
966.0, elevID,0,  pos,-2,  cmd, goto,-2
966.0, elevID,1,  pos,-2,  cmd, goto,-2
967.0, elevID,0,  pos,-2,  cmd, goto,-2
967.0, elevID,1,  pos,-2,  cmd, goto,-2
968.0, elevID,0,  pos,-2,  cmd, goto,-2
968.0, elevID,1,  pos,-2,  cmd, goto,-2
969.0, elevID,0,  pos,-2,  cmd, goto,-2
969.0, elevID,1,  pos,-2,  cmd, goto,-2
970.0, elevID,0,  pos,-2,  cmd, goto,-2
970.0, elevID,1,  pos,-2,  cmd, goto,-2
971.0, elevID,0,  pos,-2,  cmd, goto,-2
971.0, elevID,1,  pos,-2,  cmd, goto,-2
972.0, elevID,0,  pos,-2,  cmd, goto,-2
972.0, elevID,1,  pos,-2,  cmd, goto,-2
973.0,Elevator call,972.8032126022729,1,0,1,1, got allocated to elevator, 1
973.0, elevID,0,  pos,-2,  cmd, goto,-2
973.0, elevID,1,  pos,-2,  cmd, goto,-2
974.0, elevID,0,  pos,-2,  cmd, goto,-2
974.0, elevID,1,  pos,-2,  cmd, goto,-2
975.0, elevID,0,  pos,-2,  cmd, goto,-2
975.0, elevID,1,  pos,-2,  cmd, goto,-2
976.0,Elevator call,975.8361202753667,0,-1,1,1, got allocated to elevator, 1
976.0, elevID,0,  pos,-2,  cmd, goto,-2
976.0, elevID,1,  pos,-2,  cmd, goto,-2
977.0, elevID,0,  pos,-2,  cmd, goto,-2
977.0, elevID,1,  pos,-2,  cmd, goto,-2
978.0, elevID,0,  pos,-2,  cmd, goto,-2
978.0, elevID,1,  pos,-2,  cmd, goto,-2
979.0,Elevator call,978.5925148564796,10,0,1,1, got allocated to elevator, 1
979.0,Elevator call,978.6210500641439,10,-1,1,1, got allocated to elevator, 1
979.0, elevID,0,  pos,-2,  cmd, goto,-2
979.0, elevID,1,  pos,-2,  cmd, goto,-2
980.0, elevID,0,  pos,-2,  cmd, goto,-2
980.0, elevID,1,  pos,-2,  cmd, goto,-2
981.0, elevID,0,  pos,-2,  cmd, goto,-2
981.0, elevID,1,  pos,-2,  cmd, goto,-2
982.0, elevID,0,  pos,-2,  cmd, goto,-2
982.0, elevID,1,  pos,-2,  cmd, goto,-2
983.0, elevID,0,  pos,-2,  cmd, goto,-2
983.0, elevID,1,  pos,-2,  cmd, goto,-2
984.0, elevID,0,  pos,-2,  cmd, goto,-2
984.0, elevID,1,  pos,-2,  cmd, goto,-2
985.0,Elevator call,984.1840185574983,7,0,1,1, got allocated to elevator, 1
985.0, elevID,0,  pos,-2,  cmd, goto,-2
985.0, elevID,1,  pos,-2,  cmd, goto,-2
986.0, elevID,0,  pos,-2,  cmd, goto,-2
986.0, elevID,1,  pos,-2,  cmd, goto,-2
987.0, elevID,0,  pos,-2,  cmd, goto,-2
987.0, elevID,1,  pos,-2,  cmd, goto,-2
988.0, elevID,0,  pos,-2,  cmd, goto,-2
988.0, elevID,1,  pos,-2,  cmd, goto,-2
989.0, elevID,0,  pos,-2,  cmd, goto,-2
989.0, elevID,1,  pos,-2,  cmd, goto,-2
990.0, elevID,0,  pos,-2,  cmd, goto,-2
990.0, elevID,1,  pos,-2,  cmd, goto,-2
991.0, elevID,0,  pos,-2,  cmd, goto,-2
991.0, elevID,1,  pos,-2,  cmd, goto,-2
992.0, elevID,0,  pos,-2,  cmd, goto,-2
992.0, elevID,1,  pos,-2,  cmd, goto,-2
993.0, elevID,0,  pos,-2,  cmd, goto,-2
993.0, elevID,1,  pos,-2,  cmd, goto,-2
994.0, elevID,0,  pos,-2,  cmd, goto,-2
994.0, elevID,1,  pos,-2,  cmd, goto,-2
995.0, elevID,0,  pos,-2,  cmd, goto,-2
995.0, elevID,1,  pos,-2,  cmd, goto,-2
996.0, elevID,0,  pos,-2,  cmd, goto,-2
996.0, elevID,1,  pos,-2,  cmd, goto,-2
997.0, elevID,0,  pos,-2,  cmd, goto,-2
997.0, elevID,1,  pos,-2,  cmd, goto,-2
998.0, elevID,0,  pos,-2,  cmd, goto,-2
998.0, elevID,1,  pos,-2,  cmd, goto,-2
999.0, elevID,0,  pos,-2,  cmd, goto,-2
999.0, elevID,1,  pos,-2,  cmd, goto,-2
1000.0,************* Simulation Ended ************
Code Owners,101309018123456789,  Case,2,  Total waiting time: 49726.79282212018,  average waiting time per call: 497.2679282212018,  unCompleted calls,100,  certificate, -101309041491360514
