**** The Simulator log: stage 2
0.0,OOP_Ex0_Elevator_Simulator
0.0,Simulated Building, ex0.simulator.Builging_A [-2,10]
0) ex0.simulator.Elevator_A, Elev_0, speed: 1.0, open/close: 2.0,  start/stop: 3.0
1) ex0.simulator.Elevator_A, Elev_1, speed: 1.0, open/close: 2.0,  start/stop: 3.0
0.0,Simulated Period starTime,0.0,  endTime,1000.0,  dt,1.0
0.0,Simulated  calls,Elevetor log, size: 100
0.0,**** Simulation starts!! ****
5.0,Elevator call,4.374727290393253,0,-1,1,0, got allocated to elevator, 0
5.0, elevID,0,  pos,-2,  cmd, goto,0
, elevID,0,  pos,-2,  WRONG cmd, stop,0,  the elevator is not moving!
, elevID,0,  pos,-2,  WRONG cmd, stop,0,  the elevator is not moving!
, elevID,0,  pos,-2,  WRONG cmd, stop,0,  the elevator is not moving!
, elevID,0,  pos,-2,  WRONG cmd, stop,0,  the elevator is not moving!
, elevID,0,  pos,-2,  WRONG cmd, stop,0,  the elevator is not moving!
, elevID,0,  pos,-1,  WRONG cmd, stop,0,  the elevator is not moving!
17.0,Elevator call,16.957882888088932,-1,0,1,0, got allocated to elevator, 0
17.0,Elev,0,  arrived at src, 0, Elevator call,4.374727290393253,0,-1,2,0
17.0, elevID,0,  pos,0,  cmd, goto,0
18.0, elevID,0,  pos,0,  cmd, goto,0
19.0, elevID,0,  pos,0,  cmd, goto,0
20.0, elevID,0,  pos,0,  cmd, goto,0
21.0, elevID,0,  pos,0,  cmd, goto,0
22.0, elevID,0,  pos,0,  cmd, goto,0
23.0,Elevator call,22.094056301593582,0,-1,1,0, got allocated to elevator, 0
23.0,Elev,0,  arrived at src, 0, Elevator call,22.094056301593582,0,-1,2,0
23.0, elevID,0,  pos,0,  cmd, goto,0
24.0, elevID,0,  pos,0,  cmd, goto,0
25.0, elevID,0,  pos,0,  cmd, goto,0
26.0, elevID,0,  pos,0,  cmd, goto,0
27.0, elevID,0,  pos,0,  cmd, goto,0
28.0, elevID,0,  pos,0,  cmd, goto,0
29.0, elevID,0,  pos,0,  cmd, goto,0
30.0, elevID,0,  pos,0,  cmd, goto,0
31.0, elevID,0,  pos,0,  cmd, goto,0
32.0, elevID,0,  pos,0,  cmd, goto,0
33.0, elevID,0,  pos,0,  cmd, goto,0
34.0, elevID,0,  pos,0,  cmd, goto,0
35.0, elevID,0,  pos,0,  cmd, goto,0
36.0, elevID,0,  pos,0,  cmd, goto,0
37.0, elevID,0,  pos,0,  cmd, goto,0
38.0, elevID,0,  pos,0,  cmd, goto,0
39.0, elevID,0,  pos,0,  cmd, goto,0
40.0, elevID,0,  pos,0,  cmd, goto,0
41.0, elevID,0,  pos,0,  cmd, goto,0
42.0, elevID,0,  pos,0,  cmd, goto,0
43.0, elevID,0,  pos,0,  cmd, goto,0
44.0, elevID,0,  pos,0,  cmd, goto,0
45.0, elevID,0,  pos,0,  cmd, goto,0
46.0, elevID,0,  pos,0,  cmd, goto,0
47.0, elevID,0,  pos,0,  cmd, goto,0
48.0, elevID,0,  pos,0,  cmd, goto,0
49.0, elevID,0,  pos,0,  cmd, goto,0
50.0, elevID,0,  pos,0,  cmd, goto,0
51.0, elevID,0,  pos,0,  cmd, goto,0
52.0, elevID,0,  pos,0,  cmd, goto,0
53.0, elevID,0,  pos,0,  cmd, goto,0
54.0, elevID,0,  pos,0,  cmd, goto,0
55.0, elevID,0,  pos,0,  cmd, goto,0
56.0, elevID,0,  pos,0,  cmd, goto,0
57.0, elevID,0,  pos,0,  cmd, goto,0
58.0, elevID,0,  pos,0,  cmd, goto,0
59.0, elevID,0,  pos,0,  cmd, goto,0
60.0, elevID,0,  pos,0,  cmd, goto,0
61.0, elevID,0,  pos,0,  cmd, goto,0
62.0, elevID,0,  pos,0,  cmd, goto,0
63.0, elevID,0,  pos,0,  cmd, goto,0
64.0, elevID,0,  pos,0,  cmd, goto,0
65.0, elevID,0,  pos,0,  cmd, goto,0
66.0, elevID,0,  pos,0,  cmd, goto,0
67.0, elevID,0,  pos,0,  cmd, goto,0
68.0, elevID,0,  pos,0,  cmd, goto,0
69.0, elevID,0,  pos,0,  cmd, goto,0
70.0, elevID,0,  pos,0,  cmd, goto,0
71.0, elevID,0,  pos,0,  cmd, goto,0
72.0, elevID,0,  pos,0,  cmd, goto,0
73.0, elevID,0,  pos,0,  cmd, goto,0
74.0, elevID,0,  pos,0,  cmd, goto,0
75.0, elevID,0,  pos,0,  cmd, goto,0
76.0, elevID,0,  pos,0,  cmd, goto,0
77.0, elevID,0,  pos,0,  cmd, goto,0
78.0, elevID,0,  pos,0,  cmd, goto,0
79.0, elevID,0,  pos,0,  cmd, goto,0
80.0, elevID,0,  pos,0,  cmd, goto,0
81.0, elevID,0,  pos,0,  cmd, goto,0
82.0, elevID,0,  pos,0,  cmd, goto,0
83.0, elevID,0,  pos,0,  cmd, goto,0
84.0, elevID,0,  pos,0,  cmd, goto,0
85.0, elevID,0,  pos,0,  cmd, goto,0
86.0,Elevator call,85.5209666204754,3,2,1,0, got allocated to elevator, 0
86.0, elevID,0,  pos,0,  cmd, goto,0
87.0, elevID,0,  pos,0,  cmd, goto,0
88.0, elevID,0,  pos,0,  cmd, goto,0
89.0, elevID,0,  pos,0,  cmd, goto,0
90.0, elevID,0,  pos,0,  cmd, goto,0
91.0, elevID,0,  pos,0,  cmd, goto,0
92.0,Elevator call,91.21019413453945,-1,-2,1,0, got allocated to elevator, 0
92.0, elevID,0,  pos,0,  cmd, goto,0
93.0, elevID,0,  pos,0,  cmd, goto,0
94.0, elevID,0,  pos,0,  cmd, goto,0
95.0, elevID,0,  pos,0,  cmd, goto,0
96.0, elevID,0,  pos,0,  cmd, goto,0
97.0, elevID,0,  pos,0,  cmd, goto,0
98.0, elevID,0,  pos,0,  cmd, goto,0
99.0, elevID,0,  pos,0,  cmd, goto,0
100.0, elevID,0,  pos,0,  cmd, goto,0
101.0, elevID,0,  pos,0,  cmd, goto,0
102.0, elevID,0,  pos,0,  cmd, goto,0
103.0, elevID,0,  pos,0,  cmd, goto,0
104.0, elevID,0,  pos,0,  cmd, goto,0
105.0,Elevator call,104.13701241869234,0,4,1,0, got allocated to elevator, 0
105.0,Elev,0,  arrived at src, 0, Elevator call,104.13701241869234,0,4,2,0
105.0, elevID,0,  pos,0,  cmd, goto,0
106.0, elevID,0,  pos,0,  cmd, goto,0
107.0, elevID,0,  pos,0,  cmd, goto,0
108.0, elevID,0,  pos,0,  cmd, goto,0
109.0, elevID,0,  pos,0,  cmd, goto,0
110.0,Elevator call,109.21352909346587,-1,0,1,0, got allocated to elevator, 0
110.0, elevID,0,  pos,0,  cmd, goto,0
111.0, elevID,0,  pos,0,  cmd, goto,0
112.0, elevID,0,  pos,0,  cmd, goto,0
113.0, elevID,0,  pos,0,  cmd, goto,0
114.0, elevID,0,  pos,0,  cmd, goto,0
115.0,Elevator call,114.39235096774041,3,0,1,0, got allocated to elevator, 0
115.0, elevID,0,  pos,0,  cmd, goto,0
116.0, elevID,0,  pos,0,  cmd, goto,0
117.0, elevID,0,  pos,0,  cmd, goto,0
118.0, elevID,0,  pos,0,  cmd, goto,0
119.0, elevID,0,  pos,0,  cmd, goto,0
120.0, elevID,0,  pos,0,  cmd, goto,0
121.0, elevID,0,  pos,0,  cmd, goto,0
122.0, elevID,0,  pos,0,  cmd, goto,0
123.0, elevID,0,  pos,0,  cmd, goto,0
124.0, elevID,0,  pos,0,  cmd, goto,0
125.0,Elevator call,124.42557095980362,0,9,1,0, got allocated to elevator, 0
125.0,Elev,0,  arrived at src, 0, Elevator call,124.42557095980362,0,9,2,0
125.0, elevID,0,  pos,0,  cmd, goto,0
126.0, elevID,0,  pos,0,  cmd, goto,0
127.0, elevID,0,  pos,0,  cmd, goto,0
128.0, elevID,0,  pos,0,  cmd, goto,0
129.0, elevID,0,  pos,0,  cmd, goto,0
130.0, elevID,0,  pos,0,  cmd, goto,0
131.0,Elevator call,130.02495678190564,8,10,1,0, got allocated to elevator, 0
131.0,Elevator call,130.224911275492,-1,1,1,0, got allocated to elevator, 0
131.0, elevID,0,  pos,0,  cmd, goto,0
132.0, elevID,0,  pos,0,  cmd, goto,0
133.0, elevID,0,  pos,0,  cmd, goto,0
134.0, elevID,0,  pos,0,  cmd, goto,0
135.0, elevID,0,  pos,0,  cmd, goto,0
136.0, elevID,0,  pos,0,  cmd, goto,0
137.0, elevID,0,  pos,0,  cmd, goto,0
138.0,Elevator call,137.9515274326701,0,4,1,0, got allocated to elevator, 0
138.0,Elev,0,  arrived at src, 0, Elevator call,137.9515274326701,0,4,2,0
138.0, elevID,0,  pos,0,  cmd, goto,0
139.0, elevID,0,  pos,0,  cmd, goto,0
140.0, elevID,0,  pos,0,  cmd, goto,0
141.0, elevID,0,  pos,0,  cmd, goto,0
142.0, elevID,0,  pos,0,  cmd, goto,0
143.0, elevID,0,  pos,0,  cmd, goto,0
144.0,Elevator call,143.91335838799415,0,6,1,0, got allocated to elevator, 0
144.0,Elev,0,  arrived at src, 0, Elevator call,143.91335838799415,0,6,2,0
144.0, elevID,0,  pos,0,  cmd, goto,0
145.0, elevID,0,  pos,0,  cmd, goto,0
146.0, elevID,0,  pos,0,  cmd, goto,0
147.0, elevID,0,  pos,0,  cmd, goto,0
148.0, elevID,0,  pos,0,  cmd, goto,0
149.0, elevID,0,  pos,0,  cmd, goto,0
150.0, elevID,0,  pos,0,  cmd, goto,0
151.0, elevID,0,  pos,0,  cmd, goto,0
152.0, elevID,0,  pos,0,  cmd, goto,0
153.0, elevID,0,  pos,0,  cmd, goto,0
154.0, elevID,0,  pos,0,  cmd, goto,0
155.0, elevID,0,  pos,0,  cmd, goto,0
156.0, elevID,0,  pos,0,  cmd, goto,0
157.0, elevID,0,  pos,0,  cmd, goto,0
158.0, elevID,0,  pos,0,  cmd, goto,0
159.0, elevID,0,  pos,0,  cmd, goto,0
160.0, elevID,0,  pos,0,  cmd, goto,0
161.0, elevID,0,  pos,0,  cmd, goto,0
162.0, elevID,0,  pos,0,  cmd, goto,0
163.0, elevID,0,  pos,0,  cmd, goto,0
164.0, elevID,0,  pos,0,  cmd, goto,0
165.0, elevID,0,  pos,0,  cmd, goto,0
166.0, elevID,0,  pos,0,  cmd, goto,0
167.0, elevID,0,  pos,0,  cmd, goto,0
168.0, elevID,0,  pos,0,  cmd, goto,0
169.0, elevID,0,  pos,0,  cmd, goto,0
170.0,Elevator call,169.78458339380109,-1,0,1,0, got allocated to elevator, 0
170.0, elevID,0,  pos,0,  cmd, goto,0
171.0,Elevator call,170.0099620835246,0,6,1,0, got allocated to elevator, 0
171.0,Elev,0,  arrived at src, 0, Elevator call,170.0099620835246,0,6,2,0
171.0, elevID,0,  pos,0,  cmd, goto,0
172.0,Elevator call,171.21173315221364,-1,8,1,0, got allocated to elevator, 0
172.0, elevID,0,  pos,0,  cmd, goto,0
173.0, elevID,0,  pos,0,  cmd, goto,0
174.0, elevID,0,  pos,0,  cmd, goto,0
175.0,Elevator call,174.84385152106802,0,-1,1,0, got allocated to elevator, 0
175.0,Elev,0,  arrived at src, 0, Elevator call,174.84385152106802,0,-1,2,0
175.0, elevID,0,  pos,0,  cmd, goto,0
176.0, elevID,0,  pos,0,  cmd, goto,0
177.0, elevID,0,  pos,0,  cmd, goto,0
178.0, elevID,0,  pos,0,  cmd, goto,0
179.0, elevID,0,  pos,0,  cmd, goto,0
180.0, elevID,0,  pos,0,  cmd, goto,0
181.0, elevID,0,  pos,0,  cmd, goto,0
182.0, elevID,0,  pos,0,  cmd, goto,0
183.0, elevID,0,  pos,0,  cmd, goto,0
184.0, elevID,0,  pos,0,  cmd, goto,0
185.0, elevID,0,  pos,0,  cmd, goto,0
186.0, elevID,0,  pos,0,  cmd, goto,0
187.0, elevID,0,  pos,0,  cmd, goto,0
188.0,Elevator call,187.11678617348463,-1,-2,1,0, got allocated to elevator, 0
188.0,Elevator call,187.7299317966884,-1,-2,1,0, got allocated to elevator, 0
188.0, elevID,0,  pos,0,  cmd, goto,0
189.0, elevID,0,  pos,0,  cmd, goto,0
190.0, elevID,0,  pos,0,  cmd, goto,0
191.0, elevID,0,  pos,0,  cmd, goto,0
192.0, elevID,0,  pos,0,  cmd, goto,0
193.0, elevID,0,  pos,0,  cmd, goto,0
194.0, elevID,0,  pos,0,  cmd, goto,0
195.0, elevID,0,  pos,0,  cmd, goto,0
196.0,Elevator call,195.90869649656992,0,7,1,0, got allocated to elevator, 0
196.0,Elev,0,  arrived at src, 0, Elevator call,195.90869649656992,0,7,2,0
196.0, elevID,0,  pos,0,  cmd, goto,0
197.0, elevID,0,  pos,0,  cmd, goto,0
198.0,Elevator call,197.5359191292572,-1,1,1,0, got allocated to elevator, 0
198.0, elevID,0,  pos,0,  cmd, goto,0
199.0, elevID,0,  pos,0,  cmd, goto,0
200.0, elevID,0,  pos,0,  cmd, goto,0
201.0, elevID,0,  pos,0,  cmd, goto,0
202.0, elevID,0,  pos,0,  cmd, goto,0
203.0, elevID,0,  pos,0,  cmd, goto,0
204.0, elevID,0,  pos,0,  cmd, goto,0
205.0, elevID,0,  pos,0,  cmd, goto,0
206.0,Elevator call,205.9895199338651,-1,0,1,0, got allocated to elevator, 0
206.0, elevID,0,  pos,0,  cmd, goto,0
207.0, elevID,0,  pos,0,  cmd, goto,0
208.0, elevID,0,  pos,0,  cmd, goto,0
209.0, elevID,0,  pos,0,  cmd, goto,0
210.0, elevID,0,  pos,0,  cmd, goto,0
211.0, elevID,0,  pos,0,  cmd, goto,0
212.0, elevID,0,  pos,0,  cmd, goto,0
213.0, elevID,0,  pos,0,  cmd, goto,0
214.0, elevID,0,  pos,0,  cmd, goto,0
215.0, elevID,0,  pos,0,  cmd, goto,0
216.0, elevID,0,  pos,0,  cmd, goto,0
217.0, elevID,0,  pos,0,  cmd, goto,0
218.0, elevID,0,  pos,0,  cmd, goto,0
219.0, elevID,0,  pos,0,  cmd, goto,0
220.0, elevID,0,  pos,0,  cmd, goto,0
221.0, elevID,0,  pos,0,  cmd, goto,0
222.0, elevID,0,  pos,0,  cmd, goto,0
223.0, elevID,0,  pos,0,  cmd, goto,0
224.0, elevID,0,  pos,0,  cmd, goto,0
225.0, elevID,0,  pos,0,  cmd, goto,0
226.0, elevID,0,  pos,0,  cmd, goto,0
227.0, elevID,0,  pos,0,  cmd, goto,0
228.0,Elevator call,227.0798304557929,-1,5,1,0, got allocated to elevator, 0
228.0, elevID,0,  pos,0,  cmd, goto,0
229.0, elevID,0,  pos,0,  cmd, goto,0
230.0, elevID,0,  pos,0,  cmd, goto,0
231.0, elevID,0,  pos,0,  cmd, goto,0
232.0,Elevator call,231.51578817426258,-1,0,1,0, got allocated to elevator, 0
232.0, elevID,0,  pos,0,  cmd, goto,0
233.0,Elevator call,232.95043623946805,0,-1,1,0, got allocated to elevator, 0
233.0,Elev,0,  arrived at src, 0, Elevator call,232.95043623946805,0,-1,2,0
233.0, elevID,0,  pos,0,  cmd, goto,0
234.0, elevID,0,  pos,0,  cmd, goto,0
235.0, elevID,0,  pos,0,  cmd, goto,0
236.0, elevID,0,  pos,0,  cmd, goto,0
237.0, elevID,0,  pos,0,  cmd, goto,0
238.0, elevID,0,  pos,0,  cmd, goto,0
239.0, elevID,0,  pos,0,  cmd, goto,0
240.0, elevID,0,  pos,0,  cmd, goto,0
241.0, elevID,0,  pos,0,  cmd, goto,0
242.0, elevID,0,  pos,0,  cmd, goto,0
243.0, elevID,0,  pos,0,  cmd, goto,0
244.0, elevID,0,  pos,0,  cmd, goto,0
245.0, elevID,0,  pos,0,  cmd, goto,0
246.0, elevID,0,  pos,0,  cmd, goto,0
247.0, elevID,0,  pos,0,  cmd, goto,0
248.0, elevID,0,  pos,0,  cmd, goto,0
249.0, elevID,0,  pos,0,  cmd, goto,0
250.0, elevID,0,  pos,0,  cmd, goto,0
251.0, elevID,0,  pos,0,  cmd, goto,0
252.0,Elevator call,251.10444690749756,-1,-2,1,0, got allocated to elevator, 0
252.0,Elevator call,251.23593354161653,0,9,1,0, got allocated to elevator, 0
252.0,Elev,0,  arrived at src, 0, Elevator call,251.23593354161653,0,9,2,0
252.0, elevID,0,  pos,0,  cmd, goto,0
253.0, elevID,0,  pos,0,  cmd, goto,0
254.0, elevID,0,  pos,0,  cmd, goto,0
255.0,Elevator call,254.69771525200505,3,4,1,0, got allocated to elevator, 0
255.0, elevID,0,  pos,0,  cmd, goto,0
256.0, elevID,0,  pos,0,  cmd, goto,0
257.0, elevID,0,  pos,0,  cmd, goto,0
258.0,Elevator call,257.7974435335086,-1,0,1,0, got allocated to elevator, 0
258.0, elevID,0,  pos,0,  cmd, goto,0
259.0, elevID,0,  pos,0,  cmd, goto,0
260.0, elevID,0,  pos,0,  cmd, goto,0
261.0, elevID,0,  pos,0,  cmd, goto,0
262.0, elevID,0,  pos,0,  cmd, goto,0
263.0, elevID,0,  pos,0,  cmd, goto,0
264.0, elevID,0,  pos,0,  cmd, goto,0
265.0, elevID,0,  pos,0,  cmd, goto,0
266.0, elevID,0,  pos,0,  cmd, goto,0
267.0, elevID,0,  pos,0,  cmd, goto,0
268.0, elevID,0,  pos,0,  cmd, goto,0
269.0, elevID,0,  pos,0,  cmd, goto,0
270.0, elevID,0,  pos,0,  cmd, goto,0
271.0, elevID,0,  pos,0,  cmd, goto,0
272.0, elevID,0,  pos,0,  cmd, goto,0
273.0, elevID,0,  pos,0,  cmd, goto,0
274.0, elevID,0,  pos,0,  cmd, goto,0
275.0, elevID,0,  pos,0,  cmd, goto,0
276.0, elevID,0,  pos,0,  cmd, goto,0
277.0, elevID,0,  pos,0,  cmd, goto,0
278.0, elevID,0,  pos,0,  cmd, goto,0
279.0, elevID,0,  pos,0,  cmd, goto,0
280.0, elevID,0,  pos,0,  cmd, goto,0
281.0, elevID,0,  pos,0,  cmd, goto,0
282.0, elevID,0,  pos,0,  cmd, goto,0
283.0, elevID,0,  pos,0,  cmd, goto,0
284.0, elevID,0,  pos,0,  cmd, goto,0
285.0, elevID,0,  pos,0,  cmd, goto,0
286.0, elevID,0,  pos,0,  cmd, goto,0
287.0, elevID,0,  pos,0,  cmd, goto,0
288.0, elevID,0,  pos,0,  cmd, goto,0
289.0, elevID,0,  pos,0,  cmd, goto,0
290.0, elevID,0,  pos,0,  cmd, goto,0
291.0, elevID,0,  pos,0,  cmd, goto,0
292.0, elevID,0,  pos,0,  cmd, goto,0
293.0, elevID,0,  pos,0,  cmd, goto,0
294.0, elevID,0,  pos,0,  cmd, goto,0
295.0, elevID,0,  pos,0,  cmd, goto,0
296.0,Elevator call,295.7943356681491,0,1,1,0, got allocated to elevator, 0
296.0,Elev,0,  arrived at src, 0, Elevator call,295.7943356681491,0,1,2,0
296.0, elevID,0,  pos,0,  cmd, goto,0
297.0, elevID,0,  pos,0,  cmd, goto,0
298.0, elevID,0,  pos,0,  cmd, goto,0
299.0, elevID,0,  pos,0,  cmd, goto,0
300.0, elevID,0,  pos,0,  cmd, goto,0
301.0, elevID,0,  pos,0,  cmd, goto,0
302.0, elevID,0,  pos,0,  cmd, goto,0
303.0, elevID,0,  pos,0,  cmd, goto,0
304.0, elevID,0,  pos,0,  cmd, goto,0
305.0,Elevator call,304.99843880775313,6,0,1,0, got allocated to elevator, 0
305.0, elevID,0,  pos,0,  cmd, goto,0
306.0, elevID,0,  pos,0,  cmd, goto,0
307.0, elevID,0,  pos,0,  cmd, goto,0
308.0, elevID,0,  pos,0,  cmd, goto,0
309.0, elevID,0,  pos,0,  cmd, goto,0
310.0,Elevator call,309.30053828560517,0,-1,1,0, got allocated to elevator, 0
310.0,Elev,0,  arrived at src, 0, Elevator call,309.30053828560517,0,-1,2,0
310.0, elevID,0,  pos,0,  cmd, goto,0
311.0, elevID,0,  pos,0,  cmd, goto,0
312.0, elevID,0,  pos,0,  cmd, goto,0
313.0,Elevator call,312.30185564398687,0,-1,1,0, got allocated to elevator, 0
313.0,Elev,0,  arrived at src, 0, Elevator call,312.30185564398687,0,-1,2,0
313.0, elevID,0,  pos,0,  cmd, goto,0
314.0, elevID,0,  pos,0,  cmd, goto,0
315.0, elevID,0,  pos,0,  cmd, goto,0
316.0, elevID,0,  pos,0,  cmd, goto,0
317.0,Elevator call,316.03237827404377,0,-1,1,0, got allocated to elevator, 0
317.0,Elev,0,  arrived at src, 0, Elevator call,316.03237827404377,0,-1,2,0
317.0, elevID,0,  pos,0,  cmd, goto,0
318.0, elevID,0,  pos,0,  cmd, goto,0
319.0, elevID,0,  pos,0,  cmd, goto,0
320.0,Elevator call,319.90520204415634,6,5,1,0, got allocated to elevator, 0
320.0, elevID,0,  pos,0,  cmd, goto,0
321.0,Elevator call,320.97607492210807,-1,0,1,0, got allocated to elevator, 0
321.0, elevID,0,  pos,0,  cmd, goto,0
322.0,Elevator call,321.37040904796595,7,-1,1,0, got allocated to elevator, 0
322.0, elevID,0,  pos,0,  cmd, goto,0
323.0, elevID,0,  pos,0,  cmd, goto,0
324.0, elevID,0,  pos,0,  cmd, goto,0
325.0, elevID,0,  pos,0,  cmd, goto,0
326.0, elevID,0,  pos,0,  cmd, goto,0
327.0, elevID,0,  pos,0,  cmd, goto,0
328.0, elevID,0,  pos,0,  cmd, goto,0
329.0, elevID,0,  pos,0,  cmd, goto,0
330.0, elevID,0,  pos,0,  cmd, goto,0
331.0, elevID,0,  pos,0,  cmd, goto,0
332.0, elevID,0,  pos,0,  cmd, goto,0
333.0,Elevator call,332.4267319393355,0,10,1,0, got allocated to elevator, 0
333.0,Elev,0,  arrived at src, 0, Elevator call,332.4267319393355,0,10,2,0
333.0, elevID,0,  pos,0,  cmd, goto,0
334.0, elevID,0,  pos,0,  cmd, goto,0
335.0, elevID,0,  pos,0,  cmd, goto,0
336.0, elevID,0,  pos,0,  cmd, goto,0
337.0,Elevator call,336.93043046159545,-1,0,1,0, got allocated to elevator, 0
337.0, elevID,0,  pos,0,  cmd, goto,0
338.0, elevID,0,  pos,0,  cmd, goto,0
339.0, elevID,0,  pos,0,  cmd, goto,0
340.0, elevID,0,  pos,0,  cmd, goto,0
341.0, elevID,0,  pos,0,  cmd, goto,0
342.0, elevID,0,  pos,0,  cmd, goto,0
343.0, elevID,0,  pos,0,  cmd, goto,0
344.0, elevID,0,  pos,0,  cmd, goto,0
345.0, elevID,0,  pos,0,  cmd, goto,0
346.0, elevID,0,  pos,0,  cmd, goto,0
347.0, elevID,0,  pos,0,  cmd, goto,0
348.0, elevID,0,  pos,0,  cmd, goto,0
349.0, elevID,0,  pos,0,  cmd, goto,0
350.0, elevID,0,  pos,0,  cmd, goto,0
351.0, elevID,0,  pos,0,  cmd, goto,0
352.0, elevID,0,  pos,0,  cmd, goto,0
353.0, elevID,0,  pos,0,  cmd, goto,0
354.0, elevID,0,  pos,0,  cmd, goto,0
355.0, elevID,0,  pos,0,  cmd, goto,0
356.0, elevID,0,  pos,0,  cmd, goto,0
357.0, elevID,0,  pos,0,  cmd, goto,0
358.0, elevID,0,  pos,0,  cmd, goto,0
359.0, elevID,0,  pos,0,  cmd, goto,0
360.0, elevID,0,  pos,0,  cmd, goto,0
361.0, elevID,0,  pos,0,  cmd, goto,0
362.0, elevID,0,  pos,0,  cmd, goto,0
363.0, elevID,0,  pos,0,  cmd, goto,0
364.0, elevID,0,  pos,0,  cmd, goto,0
365.0, elevID,0,  pos,0,  cmd, goto,0
366.0, elevID,0,  pos,0,  cmd, goto,0
367.0, elevID,0,  pos,0,  cmd, goto,0
368.0, elevID,0,  pos,0,  cmd, goto,0
369.0, elevID,0,  pos,0,  cmd, goto,0
370.0, elevID,0,  pos,0,  cmd, goto,0
371.0, elevID,0,  pos,0,  cmd, goto,0
372.0, elevID,0,  pos,0,  cmd, goto,0
373.0, elevID,0,  pos,0,  cmd, goto,0
374.0, elevID,0,  pos,0,  cmd, goto,0
375.0, elevID,0,  pos,0,  cmd, goto,0
376.0,Elevator call,375.49048095381363,1,0,1,0, got allocated to elevator, 0
376.0, elevID,0,  pos,0,  cmd, goto,0
377.0, elevID,0,  pos,0,  cmd, goto,0
378.0, elevID,0,  pos,0,  cmd, goto,0
379.0, elevID,0,  pos,0,  cmd, goto,0
380.0, elevID,0,  pos,0,  cmd, goto,0
381.0, elevID,0,  pos,0,  cmd, goto,0
382.0, elevID,0,  pos,0,  cmd, goto,0
383.0, elevID,0,  pos,0,  cmd, goto,0
384.0, elevID,0,  pos,0,  cmd, goto,0
385.0, elevID,0,  pos,0,  cmd, goto,0
386.0, elevID,0,  pos,0,  cmd, goto,0
387.0, elevID,0,  pos,0,  cmd, goto,0
388.0, elevID,0,  pos,0,  cmd, goto,0
389.0, elevID,0,  pos,0,  cmd, goto,0
390.0, elevID,0,  pos,0,  cmd, goto,0
391.0, elevID,0,  pos,0,  cmd, goto,0
392.0, elevID,0,  pos,0,  cmd, goto,0
393.0,Elevator call,392.5160764870397,0,5,1,0, got allocated to elevator, 0
393.0,Elev,0,  arrived at src, 0, Elevator call,392.5160764870397,0,5,2,0
393.0, elevID,0,  pos,0,  cmd, goto,0
394.0, elevID,0,  pos,0,  cmd, goto,0
395.0, elevID,0,  pos,0,  cmd, goto,0
396.0, elevID,0,  pos,0,  cmd, goto,0
397.0, elevID,0,  pos,0,  cmd, goto,0
398.0, elevID,0,  pos,0,  cmd, goto,0
399.0, elevID,0,  pos,0,  cmd, goto,0
400.0, elevID,0,  pos,0,  cmd, goto,0
401.0, elevID,0,  pos,0,  cmd, goto,0
402.0, elevID,0,  pos,0,  cmd, goto,0
403.0, elevID,0,  pos,0,  cmd, goto,0
404.0, elevID,0,  pos,0,  cmd, goto,0
405.0, elevID,0,  pos,0,  cmd, goto,0
406.0,Elevator call,405.1821140884023,-1,10,1,0, got allocated to elevator, 0
406.0, elevID,0,  pos,0,  cmd, goto,0
407.0, elevID,0,  pos,0,  cmd, goto,0
408.0, elevID,0,  pos,0,  cmd, goto,0
409.0, elevID,0,  pos,0,  cmd, goto,0
410.0, elevID,0,  pos,0,  cmd, goto,0
411.0, elevID,0,  pos,0,  cmd, goto,0
412.0, elevID,0,  pos,0,  cmd, goto,0
413.0, elevID,0,  pos,0,  cmd, goto,0
414.0, elevID,0,  pos,0,  cmd, goto,0
415.0, elevID,0,  pos,0,  cmd, goto,0
416.0, elevID,0,  pos,0,  cmd, goto,0
417.0, elevID,0,  pos,0,  cmd, goto,0
418.0, elevID,0,  pos,0,  cmd, goto,0
419.0, elevID,0,  pos,0,  cmd, goto,0
420.0, elevID,0,  pos,0,  cmd, goto,0
421.0, elevID,0,  pos,0,  cmd, goto,0
422.0, elevID,0,  pos,0,  cmd, goto,0
423.0, elevID,0,  pos,0,  cmd, goto,0
424.0, elevID,0,  pos,0,  cmd, goto,0
425.0, elevID,0,  pos,0,  cmd, goto,0
426.0, elevID,0,  pos,0,  cmd, goto,0
427.0,Elevator call,426.8615805478589,2,0,1,0, got allocated to elevator, 0
427.0, elevID,0,  pos,0,  cmd, goto,0
428.0, elevID,0,  pos,0,  cmd, goto,0
429.0, elevID,0,  pos,0,  cmd, goto,0
430.0, elevID,0,  pos,0,  cmd, goto,0
431.0, elevID,0,  pos,0,  cmd, goto,0
432.0, elevID,0,  pos,0,  cmd, goto,0
433.0, elevID,0,  pos,0,  cmd, goto,0
434.0, elevID,0,  pos,0,  cmd, goto,0
435.0, elevID,0,  pos,0,  cmd, goto,0
436.0, elevID,0,  pos,0,  cmd, goto,0
437.0, elevID,0,  pos,0,  cmd, goto,0
438.0,Elevator call,437.17111576125836,1,0,1,0, got allocated to elevator, 0
438.0, elevID,0,  pos,0,  cmd, goto,0
439.0, elevID,0,  pos,0,  cmd, goto,0
440.0, elevID,0,  pos,0,  cmd, goto,0
441.0, elevID,0,  pos,0,  cmd, goto,0
442.0, elevID,0,  pos,0,  cmd, goto,0
443.0, elevID,0,  pos,0,  cmd, goto,0
444.0, elevID,0,  pos,0,  cmd, goto,0
445.0, elevID,0,  pos,0,  cmd, goto,0
446.0, elevID,0,  pos,0,  cmd, goto,0
447.0, elevID,0,  pos,0,  cmd, goto,0
448.0, elevID,0,  pos,0,  cmd, goto,0
449.0, elevID,0,  pos,0,  cmd, goto,0
450.0, elevID,0,  pos,0,  cmd, goto,0
451.0, elevID,0,  pos,0,  cmd, goto,0
452.0, elevID,0,  pos,0,  cmd, goto,0
453.0, elevID,0,  pos,0,  cmd, goto,0
454.0, elevID,0,  pos,0,  cmd, goto,0
455.0, elevID,0,  pos,0,  cmd, goto,0
456.0, elevID,0,  pos,0,  cmd, goto,0
457.0, elevID,0,  pos,0,  cmd, goto,0
458.0, elevID,0,  pos,0,  cmd, goto,0
459.0, elevID,0,  pos,0,  cmd, goto,0
460.0, elevID,0,  pos,0,  cmd, goto,0
461.0, elevID,0,  pos,0,  cmd, goto,0
462.0, elevID,0,  pos,0,  cmd, goto,0
463.0, elevID,0,  pos,0,  cmd, goto,0
464.0, elevID,0,  pos,0,  cmd, goto,0
465.0, elevID,0,  pos,0,  cmd, goto,0
466.0, elevID,0,  pos,0,  cmd, goto,0
467.0, elevID,0,  pos,0,  cmd, goto,0
468.0, elevID,0,  pos,0,  cmd, goto,0
469.0, elevID,0,  pos,0,  cmd, goto,0
470.0, elevID,0,  pos,0,  cmd, goto,0
471.0, elevID,0,  pos,0,  cmd, goto,0
472.0, elevID,0,  pos,0,  cmd, goto,0
473.0,Elevator call,472.7445473930129,10,-1,1,0, got allocated to elevator, 0
473.0, elevID,0,  pos,0,  cmd, goto,0
474.0, elevID,0,  pos,0,  cmd, goto,0
475.0, elevID,0,  pos,0,  cmd, goto,0
476.0, elevID,0,  pos,0,  cmd, goto,0
477.0, elevID,0,  pos,0,  cmd, goto,0
478.0, elevID,0,  pos,0,  cmd, goto,0
479.0, elevID,0,  pos,0,  cmd, goto,0
480.0, elevID,0,  pos,0,  cmd, goto,0
481.0, elevID,0,  pos,0,  cmd, goto,0
482.0, elevID,0,  pos,0,  cmd, goto,0
483.0, elevID,0,  pos,0,  cmd, goto,0
484.0, elevID,0,  pos,0,  cmd, goto,0
485.0, elevID,0,  pos,0,  cmd, goto,0
486.0, elevID,0,  pos,0,  cmd, goto,0
487.0, elevID,0,  pos,0,  cmd, goto,0
488.0, elevID,0,  pos,0,  cmd, goto,0
489.0, elevID,0,  pos,0,  cmd, goto,0
490.0, elevID,0,  pos,0,  cmd, goto,0
491.0, elevID,0,  pos,0,  cmd, goto,0
492.0, elevID,0,  pos,0,  cmd, goto,0
493.0, elevID,0,  pos,0,  cmd, goto,0
494.0, elevID,0,  pos,0,  cmd, goto,0
495.0, elevID,0,  pos,0,  cmd, goto,0
496.0, elevID,0,  pos,0,  cmd, goto,0
497.0, elevID,0,  pos,0,  cmd, goto,0
498.0, elevID,0,  pos,0,  cmd, goto,0
499.0, elevID,0,  pos,0,  cmd, goto,0
500.0, elevID,0,  pos,0,  cmd, goto,0
501.0,Elevator call,500.3712044996745,8,-1,1,0, got allocated to elevator, 0
501.0, elevID,0,  pos,0,  cmd, goto,0
502.0, elevID,0,  pos,0,  cmd, goto,0
503.0, elevID,0,  pos,0,  cmd, goto,0
504.0,Elevator call,503.13847841893045,1,-1,1,0, got allocated to elevator, 0
504.0, elevID,0,  pos,0,  cmd, goto,0
505.0,Elevator call,504.4317942159655,0,-1,1,0, got allocated to elevator, 0
505.0,Elev,0,  arrived at src, 0, Elevator call,504.4317942159655,0,-1,2,0
505.0, elevID,0,  pos,0,  cmd, goto,0
506.0, elevID,0,  pos,0,  cmd, goto,0
507.0, elevID,0,  pos,0,  cmd, goto,0
508.0, elevID,0,  pos,0,  cmd, goto,0
509.0, elevID,0,  pos,0,  cmd, goto,0
510.0, elevID,0,  pos,0,  cmd, goto,0
511.0, elevID,0,  pos,0,  cmd, goto,0
512.0, elevID,0,  pos,0,  cmd, goto,0
513.0, elevID,0,  pos,0,  cmd, goto,0
514.0, elevID,0,  pos,0,  cmd, goto,0
515.0, elevID,0,  pos,0,  cmd, goto,0
516.0, elevID,0,  pos,0,  cmd, goto,0
517.0, elevID,0,  pos,0,  cmd, goto,0
518.0, elevID,0,  pos,0,  cmd, goto,0
519.0, elevID,0,  pos,0,  cmd, goto,0
520.0, elevID,0,  pos,0,  cmd, goto,0
521.0, elevID,0,  pos,0,  cmd, goto,0
522.0, elevID,0,  pos,0,  cmd, goto,0
523.0, elevID,0,  pos,0,  cmd, goto,0
524.0, elevID,0,  pos,0,  cmd, goto,0
525.0, elevID,0,  pos,0,  cmd, goto,0
526.0, elevID,0,  pos,0,  cmd, goto,0
527.0, elevID,0,  pos,0,  cmd, goto,0
528.0, elevID,0,  pos,0,  cmd, goto,0
529.0, elevID,0,  pos,0,  cmd, goto,0
530.0,Elevator call,529.6277472128405,3,-1,1,0, got allocated to elevator, 0
530.0, elevID,0,  pos,0,  cmd, goto,0
531.0, elevID,0,  pos,0,  cmd, goto,0
532.0, elevID,0,  pos,0,  cmd, goto,0
533.0, elevID,0,  pos,0,  cmd, goto,0
534.0, elevID,0,  pos,0,  cmd, goto,0
535.0, elevID,0,  pos,0,  cmd, goto,0
536.0, elevID,0,  pos,0,  cmd, goto,0
537.0, elevID,0,  pos,0,  cmd, goto,0
538.0,Elevator call,537.7866883694313,-1,6,1,0, got allocated to elevator, 0
538.0, elevID,0,  pos,0,  cmd, goto,0
539.0, elevID,0,  pos,0,  cmd, goto,0
540.0, elevID,0,  pos,0,  cmd, goto,0
541.0, elevID,0,  pos,0,  cmd, goto,0
542.0, elevID,0,  pos,0,  cmd, goto,0
543.0, elevID,0,  pos,0,  cmd, goto,0
544.0, elevID,0,  pos,0,  cmd, goto,0
545.0,Elevator call,544.7880392034898,6,-1,1,0, got allocated to elevator, 0
545.0, elevID,0,  pos,0,  cmd, goto,0
546.0, elevID,0,  pos,0,  cmd, goto,0
547.0, elevID,0,  pos,0,  cmd, goto,0
548.0, elevID,0,  pos,0,  cmd, goto,0
549.0, elevID,0,  pos,0,  cmd, goto,0
550.0, elevID,0,  pos,0,  cmd, goto,0
551.0, elevID,0,  pos,0,  cmd, goto,0
552.0, elevID,0,  pos,0,  cmd, goto,0
553.0, elevID,0,  pos,0,  cmd, goto,0
554.0, elevID,0,  pos,0,  cmd, goto,0
555.0,Elevator call,554.0892922920482,4,0,1,0, got allocated to elevator, 0
555.0, elevID,0,  pos,0,  cmd, goto,0
556.0, elevID,0,  pos,0,  cmd, goto,0
557.0, elevID,0,  pos,0,  cmd, goto,0
558.0,Elevator call,557.2441390036331,10,0,1,0, got allocated to elevator, 0
558.0, elevID,0,  pos,0,  cmd, goto,0
559.0, elevID,0,  pos,0,  cmd, goto,0
560.0, elevID,0,  pos,0,  cmd, goto,0
561.0, elevID,0,  pos,0,  cmd, goto,0
562.0, elevID,0,  pos,0,  cmd, goto,0
563.0, elevID,0,  pos,0,  cmd, goto,0
564.0, elevID,0,  pos,0,  cmd, goto,0
565.0, elevID,0,  pos,0,  cmd, goto,0
566.0,Elevator call,565.0195521745534,0,-1,1,0, got allocated to elevator, 0
566.0,Elev,0,  arrived at src, 0, Elevator call,565.0195521745534,0,-1,2,0
566.0, elevID,0,  pos,0,  cmd, goto,0
567.0, elevID,0,  pos,0,  cmd, goto,0
568.0, elevID,0,  pos,0,  cmd, goto,0
569.0, elevID,0,  pos,0,  cmd, goto,0
570.0, elevID,0,  pos,0,  cmd, goto,0
571.0, elevID,0,  pos,0,  cmd, goto,0
572.0, elevID,0,  pos,0,  cmd, goto,0
573.0, elevID,0,  pos,0,  cmd, goto,0
574.0, elevID,0,  pos,0,  cmd, goto,0
575.0, elevID,0,  pos,0,  cmd, goto,0
576.0, elevID,0,  pos,0,  cmd, goto,0
577.0, elevID,0,  pos,0,  cmd, goto,0
578.0, elevID,0,  pos,0,  cmd, goto,0
579.0, elevID,0,  pos,0,  cmd, goto,0
580.0, elevID,0,  pos,0,  cmd, goto,0
581.0, elevID,0,  pos,0,  cmd, goto,0
582.0,Elevator call,581.8703090238192,0,3,1,0, got allocated to elevator, 0
582.0,Elev,0,  arrived at src, 0, Elevator call,581.8703090238192,0,3,2,0
582.0, elevID,0,  pos,0,  cmd, goto,0
583.0, elevID,0,  pos,0,  cmd, goto,0
584.0, elevID,0,  pos,0,  cmd, goto,0
585.0, elevID,0,  pos,0,  cmd, goto,0
586.0, elevID,0,  pos,0,  cmd, goto,0
587.0, elevID,0,  pos,0,  cmd, goto,0
588.0, elevID,0,  pos,0,  cmd, goto,0
589.0, elevID,0,  pos,0,  cmd, goto,0
590.0, elevID,0,  pos,0,  cmd, goto,0
591.0, elevID,0,  pos,0,  cmd, goto,0
592.0, elevID,0,  pos,0,  cmd, goto,0
593.0, elevID,0,  pos,0,  cmd, goto,0
594.0, elevID,0,  pos,0,  cmd, goto,0
595.0, elevID,0,  pos,0,  cmd, goto,0
596.0, elevID,0,  pos,0,  cmd, goto,0
597.0,Elevator call,596.1232022872633,8,0,1,0, got allocated to elevator, 0
597.0, elevID,0,  pos,0,  cmd, goto,0
598.0, elevID,0,  pos,0,  cmd, goto,0
599.0, elevID,0,  pos,0,  cmd, goto,0
600.0, elevID,0,  pos,0,  cmd, goto,0
601.0,Elevator call,600.9312879686208,1,0,1,0, got allocated to elevator, 0
601.0, elevID,0,  pos,0,  cmd, goto,0
602.0, elevID,0,  pos,0,  cmd, goto,0
603.0, elevID,0,  pos,0,  cmd, goto,0
604.0,Elevator call,603.9342326983083,7,0,1,0, got allocated to elevator, 0
604.0, elevID,0,  pos,0,  cmd, goto,0
605.0, elevID,0,  pos,0,  cmd, goto,0
606.0, elevID,0,  pos,0,  cmd, goto,0
607.0, elevID,0,  pos,0,  cmd, goto,0
608.0, elevID,0,  pos,0,  cmd, goto,0
609.0, elevID,0,  pos,0,  cmd, goto,0
610.0, elevID,0,  pos,0,  cmd, goto,0
611.0, elevID,0,  pos,0,  cmd, goto,0
612.0, elevID,0,  pos,0,  cmd, goto,0
613.0, elevID,0,  pos,0,  cmd, goto,0
614.0, elevID,0,  pos,0,  cmd, goto,0
615.0, elevID,0,  pos,0,  cmd, goto,0
616.0, elevID,0,  pos,0,  cmd, goto,0
617.0, elevID,0,  pos,0,  cmd, goto,0
618.0,Elevator call,617.9628338542149,0,3,1,0, got allocated to elevator, 0
618.0,Elev,0,  arrived at src, 0, Elevator call,617.9628338542149,0,3,2,0
618.0, elevID,0,  pos,0,  cmd, goto,0
619.0, elevID,0,  pos,0,  cmd, goto,0
620.0,Elevator call,619.6454196970012,9,0,1,0, got allocated to elevator, 0
620.0, elevID,0,  pos,0,  cmd, goto,0
621.0, elevID,0,  pos,0,  cmd, goto,0
622.0, elevID,0,  pos,0,  cmd, goto,0
623.0, elevID,0,  pos,0,  cmd, goto,0
624.0, elevID,0,  pos,0,  cmd, goto,0
625.0, elevID,0,  pos,0,  cmd, goto,0
626.0, elevID,0,  pos,0,  cmd, goto,0
627.0,Elevator call,626.2116172047942,0,1,1,0, got allocated to elevator, 0
627.0,Elev,0,  arrived at src, 0, Elevator call,626.2116172047942,0,1,2,0
627.0, elevID,0,  pos,0,  cmd, goto,0
628.0, elevID,0,  pos,0,  cmd, goto,0
629.0, elevID,0,  pos,0,  cmd, goto,0
630.0, elevID,0,  pos,0,  cmd, goto,0
631.0, elevID,0,  pos,0,  cmd, goto,0
632.0, elevID,0,  pos,0,  cmd, goto,0
633.0, elevID,0,  pos,0,  cmd, goto,0
634.0, elevID,0,  pos,0,  cmd, goto,0
635.0, elevID,0,  pos,0,  cmd, goto,0
636.0, elevID,0,  pos,0,  cmd, goto,0
637.0, elevID,0,  pos,0,  cmd, goto,0
638.0, elevID,0,  pos,0,  cmd, goto,0
639.0, elevID,0,  pos,0,  cmd, goto,0
640.0, elevID,0,  pos,0,  cmd, goto,0
641.0, elevID,0,  pos,0,  cmd, goto,0
642.0, elevID,0,  pos,0,  cmd, goto,0
643.0, elevID,0,  pos,0,  cmd, goto,0
644.0,Elevator call,643.8547514955396,-1,2,1,0, got allocated to elevator, 0
644.0, elevID,0,  pos,0,  cmd, goto,0
645.0, elevID,0,  pos,0,  cmd, goto,0
646.0, elevID,0,  pos,0,  cmd, goto,0
647.0, elevID,0,  pos,0,  cmd, goto,0
648.0, elevID,0,  pos,0,  cmd, goto,0
649.0, elevID,0,  pos,0,  cmd, goto,0
650.0, elevID,0,  pos,0,  cmd, goto,0
651.0, elevID,0,  pos,0,  cmd, goto,0
652.0, elevID,0,  pos,0,  cmd, goto,0
653.0, elevID,0,  pos,0,  cmd, goto,0
654.0, elevID,0,  pos,0,  cmd, goto,0
655.0, elevID,0,  pos,0,  cmd, goto,0
656.0, elevID,0,  pos,0,  cmd, goto,0
657.0, elevID,0,  pos,0,  cmd, goto,0
658.0, elevID,0,  pos,0,  cmd, goto,0
659.0, elevID,0,  pos,0,  cmd, goto,0
660.0, elevID,0,  pos,0,  cmd, goto,0
661.0,Elevator call,660.0732907797126,6,10,1,0, got allocated to elevator, 0
661.0, elevID,0,  pos,0,  cmd, goto,0
662.0,Elevator call,661.0420820268716,-1,3,1,0, got allocated to elevator, 0
662.0, elevID,0,  pos,0,  cmd, goto,0
663.0,Elevator call,662.1730527520776,-1,5,1,0, got allocated to elevator, 0
663.0, elevID,0,  pos,0,  cmd, goto,0
664.0, elevID,0,  pos,0,  cmd, goto,0
665.0, elevID,0,  pos,0,  cmd, goto,0
666.0,Elevator call,665.1155548533167,-1,8,1,0, got allocated to elevator, 0
666.0, elevID,0,  pos,0,  cmd, goto,0
667.0,Elevator call,666.0340294605869,4,0,1,0, got allocated to elevator, 0
667.0,Elevator call,666.2411586665262,5,-1,1,0, got allocated to elevator, 0
667.0, elevID,0,  pos,0,  cmd, goto,0
668.0, elevID,0,  pos,0,  cmd, goto,0
669.0, elevID,0,  pos,0,  cmd, goto,0
670.0, elevID,0,  pos,0,  cmd, goto,0
671.0, elevID,0,  pos,0,  cmd, goto,0
672.0, elevID,0,  pos,0,  cmd, goto,0
673.0,Elevator call,672.677314157026,0,-1,1,0, got allocated to elevator, 0
673.0,Elev,0,  arrived at src, 0, Elevator call,672.677314157026,0,-1,2,0
673.0, elevID,0,  pos,0,  cmd, goto,0
674.0, elevID,0,  pos,0,  cmd, goto,0
675.0, elevID,0,  pos,0,  cmd, goto,0
676.0, elevID,0,  pos,0,  cmd, goto,0
677.0, elevID,0,  pos,0,  cmd, goto,0
678.0,Elevator call,677.7341948387335,0,-1,1,0, got allocated to elevator, 0
678.0,Elev,0,  arrived at src, 0, Elevator call,677.7341948387335,0,-1,2,0
678.0, elevID,0,  pos,0,  cmd, goto,0
679.0,Elevator call,678.9953584914538,-1,-2,1,0, got allocated to elevator, 0
679.0, elevID,0,  pos,0,  cmd, goto,0
680.0, elevID,0,  pos,0,  cmd, goto,0
681.0, elevID,0,  pos,0,  cmd, goto,0
682.0, elevID,0,  pos,0,  cmd, goto,0
683.0, elevID,0,  pos,0,  cmd, goto,0
684.0, elevID,0,  pos,0,  cmd, goto,0
685.0, elevID,0,  pos,0,  cmd, goto,0
686.0, elevID,0,  pos,0,  cmd, goto,0
687.0, elevID,0,  pos,0,  cmd, goto,0
688.0, elevID,0,  pos,0,  cmd, goto,0
689.0, elevID,0,  pos,0,  cmd, goto,0
690.0, elevID,0,  pos,0,  cmd, goto,0
691.0, elevID,0,  pos,0,  cmd, goto,0
692.0, elevID,0,  pos,0,  cmd, goto,0
693.0, elevID,0,  pos,0,  cmd, goto,0
694.0, elevID,0,  pos,0,  cmd, goto,0
695.0, elevID,0,  pos,0,  cmd, goto,0
696.0,Elevator call,695.2239881566923,0,10,1,0, got allocated to elevator, 0
696.0,Elev,0,  arrived at src, 0, Elevator call,695.2239881566923,0,10,2,0
696.0, elevID,0,  pos,0,  cmd, goto,0
697.0, elevID,0,  pos,0,  cmd, goto,0
698.0, elevID,0,  pos,0,  cmd, goto,0
699.0, elevID,0,  pos,0,  cmd, goto,0
700.0, elevID,0,  pos,0,  cmd, goto,0
701.0, elevID,0,  pos,0,  cmd, goto,0
702.0, elevID,0,  pos,0,  cmd, goto,0
703.0, elevID,0,  pos,0,  cmd, goto,0
704.0, elevID,0,  pos,0,  cmd, goto,0
705.0, elevID,0,  pos,0,  cmd, goto,0
706.0, elevID,0,  pos,0,  cmd, goto,0
707.0,Elevator call,706.1583474999188,-1,-2,1,0, got allocated to elevator, 0
707.0, elevID,0,  pos,0,  cmd, goto,0
708.0, elevID,0,  pos,0,  cmd, goto,0
709.0, elevID,0,  pos,0,  cmd, goto,0
710.0, elevID,0,  pos,0,  cmd, goto,0
711.0,Elevator call,710.3249770041223,0,1,1,0, got allocated to elevator, 0
711.0,Elev,0,  arrived at src, 0, Elevator call,710.3249770041223,0,1,2,0
711.0, elevID,0,  pos,0,  cmd, goto,0
712.0, elevID,0,  pos,0,  cmd, goto,0
713.0, elevID,0,  pos,0,  cmd, goto,0
714.0,Elevator call,713.0191971398395,1,0,1,0, got allocated to elevator, 0
714.0,Elevator call,713.2499766424826,10,-1,1,0, got allocated to elevator, 0
714.0, elevID,0,  pos,0,  cmd, goto,0
715.0, elevID,0,  pos,0,  cmd, goto,0
716.0, elevID,0,  pos,0,  cmd, goto,0
717.0, elevID,0,  pos,0,  cmd, goto,0
718.0, elevID,0,  pos,0,  cmd, goto,0
719.0, elevID,0,  pos,0,  cmd, goto,0
720.0, elevID,0,  pos,0,  cmd, goto,0
721.0, elevID,0,  pos,0,  cmd, goto,0
722.0, elevID,0,  pos,0,  cmd, goto,0
723.0,Elevator call,722.6161212799507,10,0,1,0, got allocated to elevator, 0
723.0, elevID,0,  pos,0,  cmd, goto,0
724.0, elevID,0,  pos,0,  cmd, goto,0
725.0, elevID,0,  pos,0,  cmd, goto,0
726.0, elevID,0,  pos,0,  cmd, goto,0
727.0, elevID,0,  pos,0,  cmd, goto,0
728.0,Elevator call,727.514602863032,-1,0,1,0, got allocated to elevator, 0
728.0, elevID,0,  pos,0,  cmd, goto,0
729.0, elevID,0,  pos,0,  cmd, goto,0
730.0, elevID,0,  pos,0,  cmd, goto,0
731.0, elevID,0,  pos,0,  cmd, goto,0
732.0, elevID,0,  pos,0,  cmd, goto,0
733.0,Elevator call,732.9746341348998,6,-1,1,0, got allocated to elevator, 0
733.0, elevID,0,  pos,0,  cmd, goto,0
734.0, elevID,0,  pos,0,  cmd, goto,0
735.0, elevID,0,  pos,0,  cmd, goto,0
736.0, elevID,0,  pos,0,  cmd, goto,0
737.0, elevID,0,  pos,0,  cmd, goto,0
738.0,Elevator call,737.314720213409,1,0,1,0, got allocated to elevator, 0
738.0, elevID,0,  pos,0,  cmd, goto,0
739.0, elevID,0,  pos,0,  cmd, goto,0
740.0, elevID,0,  pos,0,  cmd, goto,0
741.0, elevID,0,  pos,0,  cmd, goto,0
742.0, elevID,0,  pos,0,  cmd, goto,0
743.0, elevID,0,  pos,0,  cmd, goto,0
744.0, elevID,0,  pos,0,  cmd, goto,0
745.0, elevID,0,  pos,0,  cmd, goto,0
746.0, elevID,0,  pos,0,  cmd, goto,0
747.0, elevID,0,  pos,0,  cmd, goto,0
748.0, elevID,0,  pos,0,  cmd, goto,0
749.0, elevID,0,  pos,0,  cmd, goto,0
750.0, elevID,0,  pos,0,  cmd, goto,0
751.0, elevID,0,  pos,0,  cmd, goto,0
752.0, elevID,0,  pos,0,  cmd, goto,0
753.0, elevID,0,  pos,0,  cmd, goto,0
754.0, elevID,0,  pos,0,  cmd, goto,0
755.0, elevID,0,  pos,0,  cmd, goto,0
756.0, elevID,0,  pos,0,  cmd, goto,0
757.0, elevID,0,  pos,0,  cmd, goto,0
758.0, elevID,0,  pos,0,  cmd, goto,0
759.0, elevID,0,  pos,0,  cmd, goto,0
760.0, elevID,0,  pos,0,  cmd, goto,0
761.0, elevID,0,  pos,0,  cmd, goto,0
762.0, elevID,0,  pos,0,  cmd, goto,0
763.0, elevID,0,  pos,0,  cmd, goto,0
764.0, elevID,0,  pos,0,  cmd, goto,0
765.0, elevID,0,  pos,0,  cmd, goto,0
766.0, elevID,0,  pos,0,  cmd, goto,0
767.0, elevID,0,  pos,0,  cmd, goto,0
768.0, elevID,0,  pos,0,  cmd, goto,0
769.0, elevID,0,  pos,0,  cmd, goto,0
770.0, elevID,0,  pos,0,  cmd, goto,0
771.0, elevID,0,  pos,0,  cmd, goto,0
772.0, elevID,0,  pos,0,  cmd, goto,0
773.0, elevID,0,  pos,0,  cmd, goto,0
774.0, elevID,0,  pos,0,  cmd, goto,0
775.0, elevID,0,  pos,0,  cmd, goto,0
776.0, elevID,0,  pos,0,  cmd, goto,0
777.0, elevID,0,  pos,0,  cmd, goto,0
778.0, elevID,0,  pos,0,  cmd, goto,0
779.0, elevID,0,  pos,0,  cmd, goto,0
780.0,Elevator call,779.399691386574,-1,5,1,0, got allocated to elevator, 0
780.0, elevID,0,  pos,0,  cmd, goto,0
781.0, elevID,0,  pos,0,  cmd, goto,0
782.0, elevID,0,  pos,0,  cmd, goto,0
783.0, elevID,0,  pos,0,  cmd, goto,0
784.0, elevID,0,  pos,0,  cmd, goto,0
785.0, elevID,0,  pos,0,  cmd, goto,0
786.0, elevID,0,  pos,0,  cmd, goto,0
787.0, elevID,0,  pos,0,  cmd, goto,0
788.0, elevID,0,  pos,0,  cmd, goto,0
789.0, elevID,0,  pos,0,  cmd, goto,0
790.0, elevID,0,  pos,0,  cmd, goto,0
791.0, elevID,0,  pos,0,  cmd, goto,0
792.0, elevID,0,  pos,0,  cmd, goto,0
793.0, elevID,0,  pos,0,  cmd, goto,0
794.0, elevID,0,  pos,0,  cmd, goto,0
795.0, elevID,0,  pos,0,  cmd, goto,0
796.0, elevID,0,  pos,0,  cmd, goto,0
797.0, elevID,0,  pos,0,  cmd, goto,0
798.0, elevID,0,  pos,0,  cmd, goto,0
799.0, elevID,0,  pos,0,  cmd, goto,0
800.0, elevID,0,  pos,0,  cmd, goto,0
801.0, elevID,0,  pos,0,  cmd, goto,0
802.0, elevID,0,  pos,0,  cmd, goto,0
803.0, elevID,0,  pos,0,  cmd, goto,0
804.0, elevID,0,  pos,0,  cmd, goto,0
805.0, elevID,0,  pos,0,  cmd, goto,0
806.0,Elevator call,805.6754743307536,-1,-2,1,0, got allocated to elevator, 0
806.0, elevID,0,  pos,0,  cmd, goto,0
807.0, elevID,0,  pos,0,  cmd, goto,0
808.0, elevID,0,  pos,0,  cmd, goto,0
809.0, elevID,0,  pos,0,  cmd, goto,0
810.0, elevID,0,  pos,0,  cmd, goto,0
811.0,Elevator call,810.4469089359914,2,0,1,0, got allocated to elevator, 0
811.0, elevID,0,  pos,0,  cmd, goto,0
812.0, elevID,0,  pos,0,  cmd, goto,0
813.0, elevID,0,  pos,0,  cmd, goto,0
814.0, elevID,0,  pos,0,  cmd, goto,0
815.0, elevID,0,  pos,0,  cmd, goto,0
816.0, elevID,0,  pos,0,  cmd, goto,0
817.0,Elevator call,816.1516998390152,7,-1,1,0, got allocated to elevator, 0
817.0, elevID,0,  pos,0,  cmd, goto,0
818.0, elevID,0,  pos,0,  cmd, goto,0
819.0, elevID,0,  pos,0,  cmd, goto,0
820.0, elevID,0,  pos,0,  cmd, goto,0
821.0, elevID,0,  pos,0,  cmd, goto,0
822.0, elevID,0,  pos,0,  cmd, goto,0
823.0, elevID,0,  pos,0,  cmd, goto,0
824.0, elevID,0,  pos,0,  cmd, goto,0
825.0, elevID,0,  pos,0,  cmd, goto,0
826.0,Elevator call,825.4575184586336,7,0,1,0, got allocated to elevator, 0
826.0, elevID,0,  pos,0,  cmd, goto,0
827.0, elevID,0,  pos,0,  cmd, goto,0
828.0, elevID,0,  pos,0,  cmd, goto,0
829.0, elevID,0,  pos,0,  cmd, goto,0
830.0, elevID,0,  pos,0,  cmd, goto,0
831.0, elevID,0,  pos,0,  cmd, goto,0
832.0, elevID,0,  pos,0,  cmd, goto,0
833.0, elevID,0,  pos,0,  cmd, goto,0
834.0, elevID,0,  pos,0,  cmd, goto,0
835.0, elevID,0,  pos,0,  cmd, goto,0
836.0, elevID,0,  pos,0,  cmd, goto,0
837.0, elevID,0,  pos,0,  cmd, goto,0
838.0, elevID,0,  pos,0,  cmd, goto,0
839.0, elevID,0,  pos,0,  cmd, goto,0
840.0,Elevator call,839.8525652620532,0,1,1,0, got allocated to elevator, 0
840.0,Elev,0,  arrived at src, 0, Elevator call,839.8525652620532,0,1,2,0
840.0, elevID,0,  pos,0,  cmd, goto,0
841.0, elevID,0,  pos,0,  cmd, goto,0
842.0, elevID,0,  pos,0,  cmd, goto,0
843.0, elevID,0,  pos,0,  cmd, goto,0
844.0, elevID,0,  pos,0,  cmd, goto,0
845.0, elevID,0,  pos,0,  cmd, goto,0
846.0, elevID,0,  pos,0,  cmd, goto,0
847.0, elevID,0,  pos,0,  cmd, goto,0
848.0, elevID,0,  pos,0,  cmd, goto,0
849.0, elevID,0,  pos,0,  cmd, goto,0
850.0, elevID,0,  pos,0,  cmd, goto,0
851.0, elevID,0,  pos,0,  cmd, goto,0
852.0, elevID,0,  pos,0,  cmd, goto,0
853.0, elevID,0,  pos,0,  cmd, goto,0
854.0, elevID,0,  pos,0,  cmd, goto,0
855.0,Elevator call,854.2002278085795,6,-1,1,0, got allocated to elevator, 0
855.0, elevID,0,  pos,0,  cmd, goto,0
856.0, elevID,0,  pos,0,  cmd, goto,0
857.0, elevID,0,  pos,0,  cmd, goto,0
858.0, elevID,0,  pos,0,  cmd, goto,0
859.0, elevID,0,  pos,0,  cmd, goto,0
860.0, elevID,0,  pos,0,  cmd, goto,0
861.0, elevID,0,  pos,0,  cmd, goto,0
862.0, elevID,0,  pos,0,  cmd, goto,0
863.0, elevID,0,  pos,0,  cmd, goto,0
864.0,Elevator call,863.893291272948,0,-1,1,0, got allocated to elevator, 0
864.0,Elev,0,  arrived at src, 0, Elevator call,863.893291272948,0,-1,2,0
864.0, elevID,0,  pos,0,  cmd, goto,0
865.0, elevID,0,  pos,0,  cmd, goto,0
866.0, elevID,0,  pos,0,  cmd, goto,0
867.0, elevID,0,  pos,0,  cmd, goto,0
868.0, elevID,0,  pos,0,  cmd, goto,0
869.0, elevID,0,  pos,0,  cmd, goto,0
870.0, elevID,0,  pos,0,  cmd, goto,0
871.0,Elevator call,870.5053023797483,0,7,1,0, got allocated to elevator, 0
871.0,Elev,0,  arrived at src, 0, Elevator call,870.5053023797483,0,7,2,0
871.0, elevID,0,  pos,0,  cmd, goto,0
872.0, elevID,0,  pos,0,  cmd, goto,0
873.0, elevID,0,  pos,0,  cmd, goto,0
874.0, elevID,0,  pos,0,  cmd, goto,0
875.0, elevID,0,  pos,0,  cmd, goto,0
876.0, elevID,0,  pos,0,  cmd, goto,0
877.0, elevID,0,  pos,0,  cmd, goto,0
878.0, elevID,0,  pos,0,  cmd, goto,0
879.0, elevID,0,  pos,0,  cmd, goto,0
880.0, elevID,0,  pos,0,  cmd, goto,0
881.0, elevID,0,  pos,0,  cmd, goto,0
882.0, elevID,0,  pos,0,  cmd, goto,0
883.0, elevID,0,  pos,0,  cmd, goto,0
884.0, elevID,0,  pos,0,  cmd, goto,0
885.0, elevID,0,  pos,0,  cmd, goto,0
886.0, elevID,0,  pos,0,  cmd, goto,0
887.0,Elevator call,886.5649993239458,-1,-2,1,0, got allocated to elevator, 0
887.0, elevID,0,  pos,0,  cmd, goto,0
888.0, elevID,0,  pos,0,  cmd, goto,0
889.0, elevID,0,  pos,0,  cmd, goto,0
890.0, elevID,0,  pos,0,  cmd, goto,0
891.0, elevID,0,  pos,0,  cmd, goto,0
892.0, elevID,0,  pos,0,  cmd, goto,0
893.0,Elevator call,892.5212150591021,9,-1,1,0, got allocated to elevator, 0
893.0, elevID,0,  pos,0,  cmd, goto,0
894.0, elevID,0,  pos,0,  cmd, goto,0
895.0, elevID,0,  pos,0,  cmd, goto,0
896.0, elevID,0,  pos,0,  cmd, goto,0
897.0, elevID,0,  pos,0,  cmd, goto,0
898.0, elevID,0,  pos,0,  cmd, goto,0
899.0, elevID,0,  pos,0,  cmd, goto,0
900.0, elevID,0,  pos,0,  cmd, goto,0
901.0, elevID,0,  pos,0,  cmd, goto,0
902.0, elevID,0,  pos,0,  cmd, goto,0
903.0, elevID,0,  pos,0,  cmd, goto,0
904.0, elevID,0,  pos,0,  cmd, goto,0
905.0, elevID,0,  pos,0,  cmd, goto,0
906.0, elevID,0,  pos,0,  cmd, goto,0
907.0, elevID,0,  pos,0,  cmd, goto,0
908.0, elevID,0,  pos,0,  cmd, goto,0
909.0, elevID,0,  pos,0,  cmd, goto,0
910.0, elevID,0,  pos,0,  cmd, goto,0
911.0,Elevator call,910.5388559417848,6,5,1,0, got allocated to elevator, 0
911.0, elevID,0,  pos,0,  cmd, goto,0
912.0, elevID,0,  pos,0,  cmd, goto,0
913.0, elevID,0,  pos,0,  cmd, goto,0
914.0, elevID,0,  pos,0,  cmd, goto,0
915.0, elevID,0,  pos,0,  cmd, goto,0
916.0,Elevator call,915.9490574608818,4,-1,1,0, got allocated to elevator, 0
916.0, elevID,0,  pos,0,  cmd, goto,0
917.0, elevID,0,  pos,0,  cmd, goto,0
918.0, elevID,0,  pos,0,  cmd, goto,0
919.0, elevID,0,  pos,0,  cmd, goto,0
920.0, elevID,0,  pos,0,  cmd, goto,0
921.0, elevID,0,  pos,0,  cmd, goto,0
922.0, elevID,0,  pos,0,  cmd, goto,0
923.0, elevID,0,  pos,0,  cmd, goto,0
924.0, elevID,0,  pos,0,  cmd, goto,0
925.0, elevID,0,  pos,0,  cmd, goto,0
926.0, elevID,0,  pos,0,  cmd, goto,0
927.0, elevID,0,  pos,0,  cmd, goto,0
928.0, elevID,0,  pos,0,  cmd, goto,0
929.0, elevID,0,  pos,0,  cmd, goto,0
930.0, elevID,0,  pos,0,  cmd, goto,0
931.0, elevID,0,  pos,0,  cmd, goto,0
932.0, elevID,0,  pos,0,  cmd, goto,0
933.0, elevID,0,  pos,0,  cmd, goto,0
934.0,Elevator call,933.8580452488764,7,5,1,0, got allocated to elevator, 0
934.0, elevID,0,  pos,0,  cmd, goto,0
935.0, elevID,0,  pos,0,  cmd, goto,0
936.0, elevID,0,  pos,0,  cmd, goto,0
937.0, elevID,0,  pos,0,  cmd, goto,0
938.0, elevID,0,  pos,0,  cmd, goto,0
939.0, elevID,0,  pos,0,  cmd, goto,0
940.0, elevID,0,  pos,0,  cmd, goto,0
941.0, elevID,0,  pos,0,  cmd, goto,0
942.0, elevID,0,  pos,0,  cmd, goto,0
943.0, elevID,0,  pos,0,  cmd, goto,0
944.0, elevID,0,  pos,0,  cmd, goto,0
945.0, elevID,0,  pos,0,  cmd, goto,0
946.0, elevID,0,  pos,0,  cmd, goto,0
947.0, elevID,0,  pos,0,  cmd, goto,0
948.0, elevID,0,  pos,0,  cmd, goto,0
949.0, elevID,0,  pos,0,  cmd, goto,0
950.0, elevID,0,  pos,0,  cmd, goto,0
951.0, elevID,0,  pos,0,  cmd, goto,0
952.0, elevID,0,  pos,0,  cmd, goto,0
953.0, elevID,0,  pos,0,  cmd, goto,0
954.0, elevID,0,  pos,0,  cmd, goto,0
955.0, elevID,0,  pos,0,  cmd, goto,0
956.0, elevID,0,  pos,0,  cmd, goto,0
957.0, elevID,0,  pos,0,  cmd, goto,0
958.0, elevID,0,  pos,0,  cmd, goto,0
959.0, elevID,0,  pos,0,  cmd, goto,0
960.0, elevID,0,  pos,0,  cmd, goto,0
961.0, elevID,0,  pos,0,  cmd, goto,0
962.0,Elevator call,961.6862855708133,6,-1,1,0, got allocated to elevator, 0
962.0, elevID,0,  pos,0,  cmd, goto,0
963.0, elevID,0,  pos,0,  cmd, goto,0
964.0, elevID,0,  pos,0,  cmd, goto,0
965.0, elevID,0,  pos,0,  cmd, goto,0
966.0, elevID,0,  pos,0,  cmd, goto,0
967.0, elevID,0,  pos,0,  cmd, goto,0
968.0, elevID,0,  pos,0,  cmd, goto,0
969.0, elevID,0,  pos,0,  cmd, goto,0
970.0, elevID,0,  pos,0,  cmd, goto,0
971.0, elevID,0,  pos,0,  cmd, goto,0
972.0, elevID,0,  pos,0,  cmd, goto,0
973.0,Elevator call,972.8032126022729,1,0,1,0, got allocated to elevator, 0
973.0, elevID,0,  pos,0,  cmd, goto,0
974.0, elevID,0,  pos,0,  cmd, goto,0
975.0, elevID,0,  pos,0,  cmd, goto,0
976.0,Elevator call,975.8361202753667,0,-1,1,0, got allocated to elevator, 0
976.0,Elev,0,  arrived at src, 0, Elevator call,975.8361202753667,0,-1,2,0
976.0, elevID,0,  pos,0,  cmd, goto,0
977.0, elevID,0,  pos,0,  cmd, goto,0
978.0, elevID,0,  pos,0,  cmd, goto,0
979.0,Elevator call,978.5925148564796,10,0,1,0, got allocated to elevator, 0
979.0,Elevator call,978.6210500641439,10,-1,1,0, got allocated to elevator, 0
979.0, elevID,0,  pos,0,  cmd, goto,0
980.0, elevID,0,  pos,0,  cmd, goto,0
981.0, elevID,0,  pos,0,  cmd, goto,0
982.0, elevID,0,  pos,0,  cmd, goto,0
983.0, elevID,0,  pos,0,  cmd, goto,0
984.0, elevID,0,  pos,0,  cmd, goto,0
985.0,Elevator call,984.1840185574983,7,0,1,0, got allocated to elevator, 0
985.0, elevID,0,  pos,0,  cmd, goto,0
986.0, elevID,0,  pos,0,  cmd, goto,0
987.0, elevID,0,  pos,0,  cmd, goto,0
988.0, elevID,0,  pos,0,  cmd, goto,0
989.0, elevID,0,  pos,0,  cmd, goto,0
990.0, elevID,0,  pos,0,  cmd, goto,0
991.0, elevID,0,  pos,0,  cmd, goto,0
992.0, elevID,0,  pos,0,  cmd, goto,0
993.0, elevID,0,  pos,0,  cmd, goto,0
994.0, elevID,0,  pos,0,  cmd, goto,0
995.0, elevID,0,  pos,0,  cmd, goto,0
996.0, elevID,0,  pos,0,  cmd, goto,0
997.0, elevID,0,  pos,0,  cmd, goto,0
998.0, elevID,0,  pos,0,  cmd, goto,0
999.0, elevID,0,  pos,0,  cmd, goto,0
1000.0,************* Simulation Ended ************
Code Owners,123456789,  Case,2,  Total waiting time: 49726.79282212018,  average waiting time per call: 497.2679282212018,  unCompleted calls,100,  certificate, -45972825858
